[2022-03-21 12:45:42] local.INFO: Detected N+1 Query  
[2022-03-21 12:45:42] local.INFO: Model: App\Models\User
Relation: Spatie\MediaLibrary\Models\Media
Num-Called: 2
Call-Stack:
#20 /vendor/laravel/framework/src/Illuminate/Support/Traits/ForwardsCalls.php:23
#23 /app/Http/Controllers/Web/RegisterController.php:52
#24 /app/Http/Controllers/Web/RegisterController.php:131
#25 /vendor/laravel/framework/src/Illuminate/Routing/Controller.php:54
#26 /vendor/laravel/framework/src/Illuminate/Routing/ControllerDispatcher.php:45
#27 /vendor/laravel/framework/src/Illuminate/Routing/Route.php:239
#28 /vendor/laravel/framework/src/Illuminate/Routing/Route.php:196
#29 /vendor/laravel/framework/src/Illuminate/Routing/Router.php:685
#30 /vendor/laravel/framework/src/Illuminate/Pipeline/Pipeline.php:128
#31 /app/Http/Middleware/SetLanguage.php:30
#32 /vendor/laravel/framework/src/Illuminate/Pipeline/Pipeline.php:167
#33 /app/Http/Middleware/XSS.php:24
#34 /vendor/laravel/framework/src/Illuminate/Pipeline/Pipeline.php:167
#35 /vendor/laravel/framework/src/Illuminate/Routing/Middleware/SubstituteBindings.php:41
#36 /vendor/laravel/framework/src/Illuminate/Pipeline/Pipeline.php:167
#37 /vendor/laravel/framework/src/Illuminate/Foundation/Http/Middleware/VerifyCsrfToken.php:78
#38 /vendor/laravel/framework/src/Illuminate/Pipeline/Pipeline.php:167
#39 /vendor/laravel/framework/src/Illuminate/View/Middleware/ShareErrorsFromSession.php:49
#40 /vendor/laravel/framework/src/Illuminate/Pipeline/Pipeline.php:167
#41 /vendor/laravel/framework/src/Illuminate/Session/Middleware/StartSession.php:116
#42 /vendor/laravel/framework/src/Illuminate/Session/Middleware/StartSession.php:62
#43 /vendor/laravel/framework/src/Illuminate/Pipeline/Pipeline.php:167
#44 /vendor/laravel/framework/src/Illuminate/Cookie/Middleware/AddQueuedCookiesToResponse.php:37
#45 /vendor/laravel/framework/src/Illuminate/Pipeline/Pipeline.php:167
#46 /vendor/laravel/framework/src/Illuminate/Cookie/Middleware/EncryptCookies.php:67
#47 /vendor/laravel/framework/src/Illuminate/Pipeline/Pipeline.php:167
#48 /vendor/laravel/framework/src/Illuminate/Pipeline/Pipeline.php:103
#49 /vendor/laravel/framework/src/Illuminate/Routing/Router.php:687
  
[2022-03-21 12:45:42] local.INFO: Model: App\Models\User
Relation: App\Models\Country
Num-Called: 2
Call-Stack:
#20 /vendor/laravel/framework/src/Illuminate/Support/Traits/ForwardsCalls.php:23
#23 /app/Http/Controllers/Web/RegisterController.php:52
#24 /app/Http/Controllers/Web/RegisterController.php:131
#25 /vendor/laravel/framework/src/Illuminate/Routing/Controller.php:54
#26 /vendor/laravel/framework/src/Illuminate/Routing/ControllerDispatcher.php:45
#27 /vendor/laravel/framework/src/Illuminate/Routing/Route.php:239
#28 /vendor/laravel/framework/src/Illuminate/Routing/Route.php:196
#29 /vendor/laravel/framework/src/Illuminate/Routing/Router.php:685
#30 /vendor/laravel/framework/src/Illuminate/Pipeline/Pipeline.php:128
#31 /app/Http/Middleware/SetLanguage.php:30
#32 /vendor/laravel/framework/src/Illuminate/Pipeline/Pipeline.php:167
#33 /app/Http/Middleware/XSS.php:24
#34 /vendor/laravel/framework/src/Illuminate/Pipeline/Pipeline.php:167
#35 /vendor/laravel/framework/src/Illuminate/Routing/Middleware/SubstituteBindings.php:41
#36 /vendor/laravel/framework/src/Illuminate/Pipeline/Pipeline.php:167
#37 /vendor/laravel/framework/src/Illuminate/Foundation/Http/Middleware/VerifyCsrfToken.php:78
#38 /vendor/laravel/framework/src/Illuminate/Pipeline/Pipeline.php:167
#39 /vendor/laravel/framework/src/Illuminate/View/Middleware/ShareErrorsFromSession.php:49
#40 /vendor/laravel/framework/src/Illuminate/Pipeline/Pipeline.php:167
#41 /vendor/laravel/framework/src/Illuminate/Session/Middleware/StartSession.php:116
#42 /vendor/laravel/framework/src/Illuminate/Session/Middleware/StartSession.php:62
#43 /vendor/laravel/framework/src/Illuminate/Pipeline/Pipeline.php:167
#44 /vendor/laravel/framework/src/Illuminate/Cookie/Middleware/AddQueuedCookiesToResponse.php:37
#45 /vendor/laravel/framework/src/Illuminate/Pipeline/Pipeline.php:167
#46 /vendor/laravel/framework/src/Illuminate/Cookie/Middleware/EncryptCookies.php:67
#47 /vendor/laravel/framework/src/Illuminate/Pipeline/Pipeline.php:167
#48 /vendor/laravel/framework/src/Illuminate/Pipeline/Pipeline.php:103
#49 /vendor/laravel/framework/src/Illuminate/Routing/Router.php:687
  
[2022-03-21 12:45:42] local.INFO: Model: App\Models\User
Relation: App\Models\City
Num-Called: 2
Call-Stack:
#20 /vendor/laravel/framework/src/Illuminate/Support/Traits/ForwardsCalls.php:23
#23 /app/Http/Controllers/Web/RegisterController.php:52
#24 /app/Http/Controllers/Web/RegisterController.php:131
#25 /vendor/laravel/framework/src/Illuminate/Routing/Controller.php:54
#26 /vendor/laravel/framework/src/Illuminate/Routing/ControllerDispatcher.php:45
#27 /vendor/laravel/framework/src/Illuminate/Routing/Route.php:239
#28 /vendor/laravel/framework/src/Illuminate/Routing/Route.php:196
#29 /vendor/laravel/framework/src/Illuminate/Routing/Router.php:685
#30 /vendor/laravel/framework/src/Illuminate/Pipeline/Pipeline.php:128
#31 /app/Http/Middleware/SetLanguage.php:30
#32 /vendor/laravel/framework/src/Illuminate/Pipeline/Pipeline.php:167
#33 /app/Http/Middleware/XSS.php:24
#34 /vendor/laravel/framework/src/Illuminate/Pipeline/Pipeline.php:167
#35 /vendor/laravel/framework/src/Illuminate/Routing/Middleware/SubstituteBindings.php:41
#36 /vendor/laravel/framework/src/Illuminate/Pipeline/Pipeline.php:167
#37 /vendor/laravel/framework/src/Illuminate/Foundation/Http/Middleware/VerifyCsrfToken.php:78
#38 /vendor/laravel/framework/src/Illuminate/Pipeline/Pipeline.php:167
#39 /vendor/laravel/framework/src/Illuminate/View/Middleware/ShareErrorsFromSession.php:49
#40 /vendor/laravel/framework/src/Illuminate/Pipeline/Pipeline.php:167
#41 /vendor/laravel/framework/src/Illuminate/Session/Middleware/StartSession.php:116
#42 /vendor/laravel/framework/src/Illuminate/Session/Middleware/StartSession.php:62
#43 /vendor/laravel/framework/src/Illuminate/Pipeline/Pipeline.php:167
#44 /vendor/laravel/framework/src/Illuminate/Cookie/Middleware/AddQueuedCookiesToResponse.php:37
#45 /vendor/laravel/framework/src/Illuminate/Pipeline/Pipeline.php:167
#46 /vendor/laravel/framework/src/Illuminate/Cookie/Middleware/EncryptCookies.php:67
#47 /vendor/laravel/framework/src/Illuminate/Pipeline/Pipeline.php:167
#48 /vendor/laravel/framework/src/Illuminate/Pipeline/Pipeline.php:103
#49 /vendor/laravel/framework/src/Illuminate/Routing/Router.php:687
  
[2022-03-21 12:45:42] local.INFO: Model: App\Models\User
Relation: App\Models\State
Num-Called: 2
Call-Stack:
#20 /vendor/laravel/framework/src/Illuminate/Support/Traits/ForwardsCalls.php:23
#23 /app/Http/Controllers/Web/RegisterController.php:52
#24 /app/Http/Controllers/Web/RegisterController.php:131
#25 /vendor/laravel/framework/src/Illuminate/Routing/Controller.php:54
#26 /vendor/laravel/framework/src/Illuminate/Routing/ControllerDispatcher.php:45
#27 /vendor/laravel/framework/src/Illuminate/Routing/Route.php:239
#28 /vendor/laravel/framework/src/Illuminate/Routing/Route.php:196
#29 /vendor/laravel/framework/src/Illuminate/Routing/Router.php:685
#30 /vendor/laravel/framework/src/Illuminate/Pipeline/Pipeline.php:128
#31 /app/Http/Middleware/SetLanguage.php:30
#32 /vendor/laravel/framework/src/Illuminate/Pipeline/Pipeline.php:167
#33 /app/Http/Middleware/XSS.php:24
#34 /vendor/laravel/framework/src/Illuminate/Pipeline/Pipeline.php:167
#35 /vendor/laravel/framework/src/Illuminate/Routing/Middleware/SubstituteBindings.php:41
#36 /vendor/laravel/framework/src/Illuminate/Pipeline/Pipeline.php:167
#37 /vendor/laravel/framework/src/Illuminate/Foundation/Http/Middleware/VerifyCsrfToken.php:78
#38 /vendor/laravel/framework/src/Illuminate/Pipeline/Pipeline.php:167
#39 /vendor/laravel/framework/src/Illuminate/View/Middleware/ShareErrorsFromSession.php:49
#40 /vendor/laravel/framework/src/Illuminate/Pipeline/Pipeline.php:167
#41 /vendor/laravel/framework/src/Illuminate/Session/Middleware/StartSession.php:116
#42 /vendor/laravel/framework/src/Illuminate/Session/Middleware/StartSession.php:62
#43 /vendor/laravel/framework/src/Illuminate/Pipeline/Pipeline.php:167
#44 /vendor/laravel/framework/src/Illuminate/Cookie/Middleware/AddQueuedCookiesToResponse.php:37
#45 /vendor/laravel/framework/src/Illuminate/Pipeline/Pipeline.php:167
#46 /vendor/laravel/framework/src/Illuminate/Cookie/Middleware/EncryptCookies.php:67
#47 /vendor/laravel/framework/src/Illuminate/Pipeline/Pipeline.php:167
#48 /vendor/laravel/framework/src/Illuminate/Pipeline/Pipeline.php:103
#49 /vendor/laravel/framework/src/Illuminate/Routing/Router.php:687
  
[2022-03-21 12:45:42] local.INFO: Model: App\Models\User
Relation: Spatie\MediaLibrary\Models\Media
Num-Called: 4
Call-Stack:
#17 /vendor/laravel/framework/src/Illuminate/Queue/SerializesAndRestoresModelIdentifiers.php:102
#18 /vendor/laravel/framework/src/Illuminate/Queue/SerializesAndRestoresModelIdentifiers.php:57
#19 /vendor/laravel/framework/src/Illuminate/Queue/SerializesModels.php:45
#22 /vendor/laravel/framework/src/Illuminate/Queue/Jobs/Job.php:213
#23 /vendor/laravel/framework/src/Illuminate/Queue/Jobs/Job.php:192
#24 /vendor/laravel/framework/src/Illuminate/Queue/SyncQueue.php:118
#25 /vendor/laravel/framework/src/Illuminate/Queue/SyncQueue.php:47
#26 /vendor/laravel/framework/src/Illuminate/Bus/Dispatcher.php:182
#27 /vendor/laravel/framework/src/Illuminate/Bus/Dispatcher.php:158
#28 /vendor/laravel/framework/src/Illuminate/Bus/Dispatcher.php:73
#29 /vendor/laravel/framework/src/Illuminate/Notifications/NotificationSender.php:209
#30 /vendor/laravel/framework/src/Illuminate/Notifications/NotificationSender.php:76
#31 /vendor/laravel/framework/src/Illuminate/Notifications/ChannelManager.php:39
#32 /vendor/laravel/framework/src/Illuminate/Notifications/RoutesNotifications.php:18
#33 /app/Models/User.php:323
#34 /app/Http/Controllers/Web/RegisterController.php:53
#35 /app/Http/Controllers/Web/RegisterController.php:131
#36 /vendor/laravel/framework/src/Illuminate/Routing/Controller.php:54
#37 /vendor/laravel/framework/src/Illuminate/Routing/ControllerDispatcher.php:45
#38 /vendor/laravel/framework/src/Illuminate/Routing/Route.php:239
#39 /vendor/laravel/framework/src/Illuminate/Routing/Route.php:196
#40 /vendor/laravel/framework/src/Illuminate/Routing/Router.php:685
#41 /vendor/laravel/framework/src/Illuminate/Pipeline/Pipeline.php:128
#42 /app/Http/Middleware/SetLanguage.php:30
#43 /vendor/laravel/framework/src/Illuminate/Pipeline/Pipeline.php:167
#44 /app/Http/Middleware/XSS.php:24
#45 /vendor/laravel/framework/src/Illuminate/Pipeline/Pipeline.php:167
#46 /vendor/laravel/framework/src/Illuminate/Routing/Middleware/SubstituteBindings.php:41
#47 /vendor/laravel/framework/src/Illuminate/Pipeline/Pipeline.php:167
#48 /vendor/laravel/framework/src/Illuminate/Foundation/Http/Middleware/VerifyCsrfToken.php:78
#49 /vendor/laravel/framework/src/Illuminate/Pipeline/Pipeline.php:167
  
[2022-03-21 12:45:42] local.INFO: Model: App\Models\User
Relation: App\Models\Country
Num-Called: 4
Call-Stack:
#17 /vendor/laravel/framework/src/Illuminate/Queue/SerializesAndRestoresModelIdentifiers.php:102
#18 /vendor/laravel/framework/src/Illuminate/Queue/SerializesAndRestoresModelIdentifiers.php:57
#19 /vendor/laravel/framework/src/Illuminate/Queue/SerializesModels.php:45
#22 /vendor/laravel/framework/src/Illuminate/Queue/Jobs/Job.php:213
#23 /vendor/laravel/framework/src/Illuminate/Queue/Jobs/Job.php:192
#24 /vendor/laravel/framework/src/Illuminate/Queue/SyncQueue.php:118
#25 /vendor/laravel/framework/src/Illuminate/Queue/SyncQueue.php:47
#26 /vendor/laravel/framework/src/Illuminate/Bus/Dispatcher.php:182
#27 /vendor/laravel/framework/src/Illuminate/Bus/Dispatcher.php:158
#28 /vendor/laravel/framework/src/Illuminate/Bus/Dispatcher.php:73
#29 /vendor/laravel/framework/src/Illuminate/Notifications/NotificationSender.php:209
#30 /vendor/laravel/framework/src/Illuminate/Notifications/NotificationSender.php:76
#31 /vendor/laravel/framework/src/Illuminate/Notifications/ChannelManager.php:39
#32 /vendor/laravel/framework/src/Illuminate/Notifications/RoutesNotifications.php:18
#33 /app/Models/User.php:323
#34 /app/Http/Controllers/Web/RegisterController.php:53
#35 /app/Http/Controllers/Web/RegisterController.php:131
#36 /vendor/laravel/framework/src/Illuminate/Routing/Controller.php:54
#37 /vendor/laravel/framework/src/Illuminate/Routing/ControllerDispatcher.php:45
#38 /vendor/laravel/framework/src/Illuminate/Routing/Route.php:239
#39 /vendor/laravel/framework/src/Illuminate/Routing/Route.php:196
#40 /vendor/laravel/framework/src/Illuminate/Routing/Router.php:685
#41 /vendor/laravel/framework/src/Illuminate/Pipeline/Pipeline.php:128
#42 /app/Http/Middleware/SetLanguage.php:30
#43 /vendor/laravel/framework/src/Illuminate/Pipeline/Pipeline.php:167
#44 /app/Http/Middleware/XSS.php:24
#45 /vendor/laravel/framework/src/Illuminate/Pipeline/Pipeline.php:167
#46 /vendor/laravel/framework/src/Illuminate/Routing/Middleware/SubstituteBindings.php:41
#47 /vendor/laravel/framework/src/Illuminate/Pipeline/Pipeline.php:167
#48 /vendor/laravel/framework/src/Illuminate/Foundation/Http/Middleware/VerifyCsrfToken.php:78
#49 /vendor/laravel/framework/src/Illuminate/Pipeline/Pipeline.php:167
  
[2022-03-21 12:45:42] local.INFO: Model: App\Models\User
Relation: App\Models\City
Num-Called: 4
Call-Stack:
#17 /vendor/laravel/framework/src/Illuminate/Queue/SerializesAndRestoresModelIdentifiers.php:102
#18 /vendor/laravel/framework/src/Illuminate/Queue/SerializesAndRestoresModelIdentifiers.php:57
#19 /vendor/laravel/framework/src/Illuminate/Queue/SerializesModels.php:45
#22 /vendor/laravel/framework/src/Illuminate/Queue/Jobs/Job.php:213
#23 /vendor/laravel/framework/src/Illuminate/Queue/Jobs/Job.php:192
#24 /vendor/laravel/framework/src/Illuminate/Queue/SyncQueue.php:118
#25 /vendor/laravel/framework/src/Illuminate/Queue/SyncQueue.php:47
#26 /vendor/laravel/framework/src/Illuminate/Bus/Dispatcher.php:182
#27 /vendor/laravel/framework/src/Illuminate/Bus/Dispatcher.php:158
#28 /vendor/laravel/framework/src/Illuminate/Bus/Dispatcher.php:73
#29 /vendor/laravel/framework/src/Illuminate/Notifications/NotificationSender.php:209
#30 /vendor/laravel/framework/src/Illuminate/Notifications/NotificationSender.php:76
#31 /vendor/laravel/framework/src/Illuminate/Notifications/ChannelManager.php:39
#32 /vendor/laravel/framework/src/Illuminate/Notifications/RoutesNotifications.php:18
#33 /app/Models/User.php:323
#34 /app/Http/Controllers/Web/RegisterController.php:53
#35 /app/Http/Controllers/Web/RegisterController.php:131
#36 /vendor/laravel/framework/src/Illuminate/Routing/Controller.php:54
#37 /vendor/laravel/framework/src/Illuminate/Routing/ControllerDispatcher.php:45
#38 /vendor/laravel/framework/src/Illuminate/Routing/Route.php:239
#39 /vendor/laravel/framework/src/Illuminate/Routing/Route.php:196
#40 /vendor/laravel/framework/src/Illuminate/Routing/Router.php:685
#41 /vendor/laravel/framework/src/Illuminate/Pipeline/Pipeline.php:128
#42 /app/Http/Middleware/SetLanguage.php:30
#43 /vendor/laravel/framework/src/Illuminate/Pipeline/Pipeline.php:167
#44 /app/Http/Middleware/XSS.php:24
#45 /vendor/laravel/framework/src/Illuminate/Pipeline/Pipeline.php:167
#46 /vendor/laravel/framework/src/Illuminate/Routing/Middleware/SubstituteBindings.php:41
#47 /vendor/laravel/framework/src/Illuminate/Pipeline/Pipeline.php:167
#48 /vendor/laravel/framework/src/Illuminate/Foundation/Http/Middleware/VerifyCsrfToken.php:78
#49 /vendor/laravel/framework/src/Illuminate/Pipeline/Pipeline.php:167
  
[2022-03-21 12:45:42] local.INFO: Model: App\Models\User
Relation: App\Models\State
Num-Called: 4
Call-Stack:
#17 /vendor/laravel/framework/src/Illuminate/Queue/SerializesAndRestoresModelIdentifiers.php:102
#18 /vendor/laravel/framework/src/Illuminate/Queue/SerializesAndRestoresModelIdentifiers.php:57
#19 /vendor/laravel/framework/src/Illuminate/Queue/SerializesModels.php:45
#22 /vendor/laravel/framework/src/Illuminate/Queue/Jobs/Job.php:213
#23 /vendor/laravel/framework/src/Illuminate/Queue/Jobs/Job.php:192
#24 /vendor/laravel/framework/src/Illuminate/Queue/SyncQueue.php:118
#25 /vendor/laravel/framework/src/Illuminate/Queue/SyncQueue.php:47
#26 /vendor/laravel/framework/src/Illuminate/Bus/Dispatcher.php:182
#27 /vendor/laravel/framework/src/Illuminate/Bus/Dispatcher.php:158
#28 /vendor/laravel/framework/src/Illuminate/Bus/Dispatcher.php:73
#29 /vendor/laravel/framework/src/Illuminate/Notifications/NotificationSender.php:209
#30 /vendor/laravel/framework/src/Illuminate/Notifications/NotificationSender.php:76
#31 /vendor/laravel/framework/src/Illuminate/Notifications/ChannelManager.php:39
#32 /vendor/laravel/framework/src/Illuminate/Notifications/RoutesNotifications.php:18
#33 /app/Models/User.php:323
#34 /app/Http/Controllers/Web/RegisterController.php:53
#35 /app/Http/Controllers/Web/RegisterController.php:131
#36 /vendor/laravel/framework/src/Illuminate/Routing/Controller.php:54
#37 /vendor/laravel/framework/src/Illuminate/Routing/ControllerDispatcher.php:45
#38 /vendor/laravel/framework/src/Illuminate/Routing/Route.php:239
#39 /vendor/laravel/framework/src/Illuminate/Routing/Route.php:196
#40 /vendor/laravel/framework/src/Illuminate/Routing/Router.php:685
#41 /vendor/laravel/framework/src/Illuminate/Pipeline/Pipeline.php:128
#42 /app/Http/Middleware/SetLanguage.php:30
#43 /vendor/laravel/framework/src/Illuminate/Pipeline/Pipeline.php:167
#44 /app/Http/Middleware/XSS.php:24
#45 /vendor/laravel/framework/src/Illuminate/Pipeline/Pipeline.php:167
#46 /vendor/laravel/framework/src/Illuminate/Routing/Middleware/SubstituteBindings.php:41
#47 /vendor/laravel/framework/src/Illuminate/Pipeline/Pipeline.php:167
#48 /vendor/laravel/framework/src/Illuminate/Foundation/Http/Middleware/VerifyCsrfToken.php:78
#49 /vendor/laravel/framework/src/Illuminate/Pipeline/Pipeline.php:167
  
[2022-03-21 12:45:42] local.INFO: Model: App\Models\User
Relation: Spatie\MediaLibrary\Models\Media
Num-Called: 2
Call-Stack:
#17 /vendor/laravel/framework/src/Illuminate/Queue/SerializesAndRestoresModelIdentifiers.php:74
#18 /vendor/laravel/framework/src/Illuminate/Queue/SerializesAndRestoresModelIdentifiers.php:56
#19 /vendor/laravel/framework/src/Illuminate/Queue/SerializesModels.php:45
#22 /vendor/laravel/framework/src/Illuminate/Queue/Jobs/Job.php:213
#23 /vendor/laravel/framework/src/Illuminate/Queue/Jobs/Job.php:192
#24 /vendor/laravel/framework/src/Illuminate/Queue/SyncQueue.php:118
#25 /vendor/laravel/framework/src/Illuminate/Queue/SyncQueue.php:47
#26 /vendor/laravel/framework/src/Illuminate/Bus/Dispatcher.php:182
#27 /vendor/laravel/framework/src/Illuminate/Bus/Dispatcher.php:158
#28 /vendor/laravel/framework/src/Illuminate/Bus/Dispatcher.php:73
#29 /vendor/laravel/framework/src/Illuminate/Notifications/NotificationSender.php:209
#30 /vendor/laravel/framework/src/Illuminate/Notifications/NotificationSender.php:76
#31 /vendor/laravel/framework/src/Illuminate/Notifications/ChannelManager.php:39
#32 /vendor/laravel/framework/src/Illuminate/Notifications/RoutesNotifications.php:18
#33 /app/Models/User.php:323
#34 /app/Http/Controllers/Web/RegisterController.php:53
#35 /app/Http/Controllers/Web/RegisterController.php:131
#36 /vendor/laravel/framework/src/Illuminate/Routing/Controller.php:54
#37 /vendor/laravel/framework/src/Illuminate/Routing/ControllerDispatcher.php:45
#38 /vendor/laravel/framework/src/Illuminate/Routing/Route.php:239
#39 /vendor/laravel/framework/src/Illuminate/Routing/Route.php:196
#40 /vendor/laravel/framework/src/Illuminate/Routing/Router.php:685
#41 /vendor/laravel/framework/src/Illuminate/Pipeline/Pipeline.php:128
#42 /app/Http/Middleware/SetLanguage.php:30
#43 /vendor/laravel/framework/src/Illuminate/Pipeline/Pipeline.php:167
#44 /app/Http/Middleware/XSS.php:24
#45 /vendor/laravel/framework/src/Illuminate/Pipeline/Pipeline.php:167
#46 /vendor/laravel/framework/src/Illuminate/Routing/Middleware/SubstituteBindings.php:41
#47 /vendor/laravel/framework/src/Illuminate/Pipeline/Pipeline.php:167
#48 /vendor/laravel/framework/src/Illuminate/Foundation/Http/Middleware/VerifyCsrfToken.php:78
#49 /vendor/laravel/framework/src/Illuminate/Pipeline/Pipeline.php:167
  
[2022-03-21 12:45:42] local.INFO: Model: App\Models\User
Relation: App\Models\Country
Num-Called: 2
Call-Stack:
#17 /vendor/laravel/framework/src/Illuminate/Queue/SerializesAndRestoresModelIdentifiers.php:74
#18 /vendor/laravel/framework/src/Illuminate/Queue/SerializesAndRestoresModelIdentifiers.php:56
#19 /vendor/laravel/framework/src/Illuminate/Queue/SerializesModels.php:45
#22 /vendor/laravel/framework/src/Illuminate/Queue/Jobs/Job.php:213
#23 /vendor/laravel/framework/src/Illuminate/Queue/Jobs/Job.php:192
#24 /vendor/laravel/framework/src/Illuminate/Queue/SyncQueue.php:118
#25 /vendor/laravel/framework/src/Illuminate/Queue/SyncQueue.php:47
#26 /vendor/laravel/framework/src/Illuminate/Bus/Dispatcher.php:182
#27 /vendor/laravel/framework/src/Illuminate/Bus/Dispatcher.php:158
#28 /vendor/laravel/framework/src/Illuminate/Bus/Dispatcher.php:73
#29 /vendor/laravel/framework/src/Illuminate/Notifications/NotificationSender.php:209
#30 /vendor/laravel/framework/src/Illuminate/Notifications/NotificationSender.php:76
#31 /vendor/laravel/framework/src/Illuminate/Notifications/ChannelManager.php:39
#32 /vendor/laravel/framework/src/Illuminate/Notifications/RoutesNotifications.php:18
#33 /app/Models/User.php:323
#34 /app/Http/Controllers/Web/RegisterController.php:53
#35 /app/Http/Controllers/Web/RegisterController.php:131
#36 /vendor/laravel/framework/src/Illuminate/Routing/Controller.php:54
#37 /vendor/laravel/framework/src/Illuminate/Routing/ControllerDispatcher.php:45
#38 /vendor/laravel/framework/src/Illuminate/Routing/Route.php:239
#39 /vendor/laravel/framework/src/Illuminate/Routing/Route.php:196
#40 /vendor/laravel/framework/src/Illuminate/Routing/Router.php:685
#41 /vendor/laravel/framework/src/Illuminate/Pipeline/Pipeline.php:128
#42 /app/Http/Middleware/SetLanguage.php:30
#43 /vendor/laravel/framework/src/Illuminate/Pipeline/Pipeline.php:167
#44 /app/Http/Middleware/XSS.php:24
#45 /vendor/laravel/framework/src/Illuminate/Pipeline/Pipeline.php:167
#46 /vendor/laravel/framework/src/Illuminate/Routing/Middleware/SubstituteBindings.php:41
#47 /vendor/laravel/framework/src/Illuminate/Pipeline/Pipeline.php:167
#48 /vendor/laravel/framework/src/Illuminate/Foundation/Http/Middleware/VerifyCsrfToken.php:78
#49 /vendor/laravel/framework/src/Illuminate/Pipeline/Pipeline.php:167
  
[2022-03-21 12:45:42] local.INFO: Model: App\Models\User
Relation: App\Models\City
Num-Called: 2
Call-Stack:
#17 /vendor/laravel/framework/src/Illuminate/Queue/SerializesAndRestoresModelIdentifiers.php:74
#18 /vendor/laravel/framework/src/Illuminate/Queue/SerializesAndRestoresModelIdentifiers.php:56
#19 /vendor/laravel/framework/src/Illuminate/Queue/SerializesModels.php:45
#22 /vendor/laravel/framework/src/Illuminate/Queue/Jobs/Job.php:213
#23 /vendor/laravel/framework/src/Illuminate/Queue/Jobs/Job.php:192
#24 /vendor/laravel/framework/src/Illuminate/Queue/SyncQueue.php:118
#25 /vendor/laravel/framework/src/Illuminate/Queue/SyncQueue.php:47
#26 /vendor/laravel/framework/src/Illuminate/Bus/Dispatcher.php:182
#27 /vendor/laravel/framework/src/Illuminate/Bus/Dispatcher.php:158
#28 /vendor/laravel/framework/src/Illuminate/Bus/Dispatcher.php:73
#29 /vendor/laravel/framework/src/Illuminate/Notifications/NotificationSender.php:209
#30 /vendor/laravel/framework/src/Illuminate/Notifications/NotificationSender.php:76
#31 /vendor/laravel/framework/src/Illuminate/Notifications/ChannelManager.php:39
#32 /vendor/laravel/framework/src/Illuminate/Notifications/RoutesNotifications.php:18
#33 /app/Models/User.php:323
#34 /app/Http/Controllers/Web/RegisterController.php:53
#35 /app/Http/Controllers/Web/RegisterController.php:131
#36 /vendor/laravel/framework/src/Illuminate/Routing/Controller.php:54
#37 /vendor/laravel/framework/src/Illuminate/Routing/ControllerDispatcher.php:45
#38 /vendor/laravel/framework/src/Illuminate/Routing/Route.php:239
#39 /vendor/laravel/framework/src/Illuminate/Routing/Route.php:196
#40 /vendor/laravel/framework/src/Illuminate/Routing/Router.php:685
#41 /vendor/laravel/framework/src/Illuminate/Pipeline/Pipeline.php:128
#42 /app/Http/Middleware/SetLanguage.php:30
#43 /vendor/laravel/framework/src/Illuminate/Pipeline/Pipeline.php:167
#44 /app/Http/Middleware/XSS.php:24
#45 /vendor/laravel/framework/src/Illuminate/Pipeline/Pipeline.php:167
#46 /vendor/laravel/framework/src/Illuminate/Routing/Middleware/SubstituteBindings.php:41
#47 /vendor/laravel/framework/src/Illuminate/Pipeline/Pipeline.php:167
#48 /vendor/laravel/framework/src/Illuminate/Foundation/Http/Middleware/VerifyCsrfToken.php:78
#49 /vendor/laravel/framework/src/Illuminate/Pipeline/Pipeline.php:167
  
[2022-03-21 12:45:42] local.INFO: Model: App\Models\User
Relation: App\Models\State
Num-Called: 2
Call-Stack:
#17 /vendor/laravel/framework/src/Illuminate/Queue/SerializesAndRestoresModelIdentifiers.php:74
#18 /vendor/laravel/framework/src/Illuminate/Queue/SerializesAndRestoresModelIdentifiers.php:56
#19 /vendor/laravel/framework/src/Illuminate/Queue/SerializesModels.php:45
#22 /vendor/laravel/framework/src/Illuminate/Queue/Jobs/Job.php:213
#23 /vendor/laravel/framework/src/Illuminate/Queue/Jobs/Job.php:192
#24 /vendor/laravel/framework/src/Illuminate/Queue/SyncQueue.php:118
#25 /vendor/laravel/framework/src/Illuminate/Queue/SyncQueue.php:47
#26 /vendor/laravel/framework/src/Illuminate/Bus/Dispatcher.php:182
#27 /vendor/laravel/framework/src/Illuminate/Bus/Dispatcher.php:158
#28 /vendor/laravel/framework/src/Illuminate/Bus/Dispatcher.php:73
#29 /vendor/laravel/framework/src/Illuminate/Notifications/NotificationSender.php:209
#30 /vendor/laravel/framework/src/Illuminate/Notifications/NotificationSender.php:76
#31 /vendor/laravel/framework/src/Illuminate/Notifications/ChannelManager.php:39
#32 /vendor/laravel/framework/src/Illuminate/Notifications/RoutesNotifications.php:18
#33 /app/Models/User.php:323
#34 /app/Http/Controllers/Web/RegisterController.php:53
#35 /app/Http/Controllers/Web/RegisterController.php:131
#36 /vendor/laravel/framework/src/Illuminate/Routing/Controller.php:54
#37 /vendor/laravel/framework/src/Illuminate/Routing/ControllerDispatcher.php:45
#38 /vendor/laravel/framework/src/Illuminate/Routing/Route.php:239
#39 /vendor/laravel/framework/src/Illuminate/Routing/Route.php:196
#40 /vendor/laravel/framework/src/Illuminate/Routing/Router.php:685
#41 /vendor/laravel/framework/src/Illuminate/Pipeline/Pipeline.php:128
#42 /app/Http/Middleware/SetLanguage.php:30
#43 /vendor/laravel/framework/src/Illuminate/Pipeline/Pipeline.php:167
#44 /app/Http/Middleware/XSS.php:24
#45 /vendor/laravel/framework/src/Illuminate/Pipeline/Pipeline.php:167
#46 /vendor/laravel/framework/src/Illuminate/Routing/Middleware/SubstituteBindings.php:41
#47 /vendor/laravel/framework/src/Illuminate/Pipeline/Pipeline.php:167
#48 /vendor/laravel/framework/src/Illuminate/Foundation/Http/Middleware/VerifyCsrfToken.php:78
#49 /vendor/laravel/framework/src/Illuminate/Pipeline/Pipeline.php:167
  
