[2022-03-05 08:01:11] local.INFO: Detected N+1 Query  
[2022-03-05 08:01:11] local.INFO: Model: App\Models\User
Relation: App\Models\Country
Num-Called: 10
Call-Stack:
#17 /app/Http/Controllers/CompanyController.php:62
#18 /vendor/laravel/framework/src/Illuminate/Routing/Controller.php:54
#19 /vendor/laravel/framework/src/Illuminate/Routing/ControllerDispatcher.php:45
#20 /vendor/laravel/framework/src/Illuminate/Routing/Route.php:239
#21 /vendor/laravel/framework/src/Illuminate/Routing/Route.php:196
#22 /vendor/laravel/framework/src/Illuminate/Routing/Router.php:685
#23 /vendor/laravel/framework/src/Illuminate/Pipeline/Pipeline.php:128
#24 /app/Http/Middleware/CheckUserIsVerified.php:20
#25 /vendor/laravel/framework/src/Illuminate/Pipeline/Pipeline.php:167
#26 /app/Http/Middleware/XSS.php:24
#27 /vendor/laravel/framework/src/Illuminate/Pipeline/Pipeline.php:167
#28 /vendor/spatie/laravel-permission/src/Middlewares/RoleMiddleware.php:25
#29 /vendor/laravel/framework/src/Illuminate/Pipeline/Pipeline.php:167
#30 /vendor/laravel/framework/src/Illuminate/Routing/Middleware/SubstituteBindings.php:41
#31 /vendor/laravel/framework/src/Illuminate/Pipeline/Pipeline.php:167
#32 /app/Http/Middleware/Authenticate.php:30
#33 /vendor/laravel/framework/src/Illuminate/Pipeline/Pipeline.php:167
#34 /vendor/laravel/framework/src/Illuminate/Foundation/Http/Middleware/VerifyCsrfToken.php:78
#35 /vendor/laravel/framework/src/Illuminate/Pipeline/Pipeline.php:167
#36 /vendor/laravel/framework/src/Illuminate/View/Middleware/ShareErrorsFromSession.php:49
#37 /vendor/laravel/framework/src/Illuminate/Pipeline/Pipeline.php:167
#38 /vendor/laravel/framework/src/Illuminate/Session/Middleware/StartSession.php:116
#39 /vendor/laravel/framework/src/Illuminate/Session/Middleware/StartSession.php:62
#40 /vendor/laravel/framework/src/Illuminate/Pipeline/Pipeline.php:167
#41 /vendor/laravel/framework/src/Illuminate/Cookie/Middleware/AddQueuedCookiesToResponse.php:37
#42 /vendor/laravel/framework/src/Illuminate/Pipeline/Pipeline.php:167
#43 /vendor/laravel/framework/src/Illuminate/Cookie/Middleware/EncryptCookies.php:67
#44 /vendor/laravel/framework/src/Illuminate/Pipeline/Pipeline.php:167
#45 /vendor/laravel/framework/src/Illuminate/Pipeline/Pipeline.php:103
#46 /vendor/laravel/framework/src/Illuminate/Routing/Router.php:687
#47 /vendor/laravel/framework/src/Illuminate/Routing/Router.php:662
#48 /vendor/laravel/framework/src/Illuminate/Routing/Router.php:628
#49 /vendor/laravel/framework/src/Illuminate/Routing/Router.php:617
  
[2022-03-05 08:01:11] local.INFO: Model: App\Models\User
Relation: App\Models\City
Num-Called: 10
Call-Stack:
#17 /app/Http/Controllers/CompanyController.php:62
#18 /vendor/laravel/framework/src/Illuminate/Routing/Controller.php:54
#19 /vendor/laravel/framework/src/Illuminate/Routing/ControllerDispatcher.php:45
#20 /vendor/laravel/framework/src/Illuminate/Routing/Route.php:239
#21 /vendor/laravel/framework/src/Illuminate/Routing/Route.php:196
#22 /vendor/laravel/framework/src/Illuminate/Routing/Router.php:685
#23 /vendor/laravel/framework/src/Illuminate/Pipeline/Pipeline.php:128
#24 /app/Http/Middleware/CheckUserIsVerified.php:20
#25 /vendor/laravel/framework/src/Illuminate/Pipeline/Pipeline.php:167
#26 /app/Http/Middleware/XSS.php:24
#27 /vendor/laravel/framework/src/Illuminate/Pipeline/Pipeline.php:167
#28 /vendor/spatie/laravel-permission/src/Middlewares/RoleMiddleware.php:25
#29 /vendor/laravel/framework/src/Illuminate/Pipeline/Pipeline.php:167
#30 /vendor/laravel/framework/src/Illuminate/Routing/Middleware/SubstituteBindings.php:41
#31 /vendor/laravel/framework/src/Illuminate/Pipeline/Pipeline.php:167
#32 /app/Http/Middleware/Authenticate.php:30
#33 /vendor/laravel/framework/src/Illuminate/Pipeline/Pipeline.php:167
#34 /vendor/laravel/framework/src/Illuminate/Foundation/Http/Middleware/VerifyCsrfToken.php:78
#35 /vendor/laravel/framework/src/Illuminate/Pipeline/Pipeline.php:167
#36 /vendor/laravel/framework/src/Illuminate/View/Middleware/ShareErrorsFromSession.php:49
#37 /vendor/laravel/framework/src/Illuminate/Pipeline/Pipeline.php:167
#38 /vendor/laravel/framework/src/Illuminate/Session/Middleware/StartSession.php:116
#39 /vendor/laravel/framework/src/Illuminate/Session/Middleware/StartSession.php:62
#40 /vendor/laravel/framework/src/Illuminate/Pipeline/Pipeline.php:167
#41 /vendor/laravel/framework/src/Illuminate/Cookie/Middleware/AddQueuedCookiesToResponse.php:37
#42 /vendor/laravel/framework/src/Illuminate/Pipeline/Pipeline.php:167
#43 /vendor/laravel/framework/src/Illuminate/Cookie/Middleware/EncryptCookies.php:67
#44 /vendor/laravel/framework/src/Illuminate/Pipeline/Pipeline.php:167
#45 /vendor/laravel/framework/src/Illuminate/Pipeline/Pipeline.php:103
#46 /vendor/laravel/framework/src/Illuminate/Routing/Router.php:687
#47 /vendor/laravel/framework/src/Illuminate/Routing/Router.php:662
#48 /vendor/laravel/framework/src/Illuminate/Routing/Router.php:628
#49 /vendor/laravel/framework/src/Illuminate/Routing/Router.php:617
  
[2022-03-05 08:01:11] local.INFO: Model: App\Models\User
Relation: App\Models\State
Num-Called: 10
Call-Stack:
#17 /app/Http/Controllers/CompanyController.php:62
#18 /vendor/laravel/framework/src/Illuminate/Routing/Controller.php:54
#19 /vendor/laravel/framework/src/Illuminate/Routing/ControllerDispatcher.php:45
#20 /vendor/laravel/framework/src/Illuminate/Routing/Route.php:239
#21 /vendor/laravel/framework/src/Illuminate/Routing/Route.php:196
#22 /vendor/laravel/framework/src/Illuminate/Routing/Router.php:685
#23 /vendor/laravel/framework/src/Illuminate/Pipeline/Pipeline.php:128
#24 /app/Http/Middleware/CheckUserIsVerified.php:20
#25 /vendor/laravel/framework/src/Illuminate/Pipeline/Pipeline.php:167
#26 /app/Http/Middleware/XSS.php:24
#27 /vendor/laravel/framework/src/Illuminate/Pipeline/Pipeline.php:167
#28 /vendor/spatie/laravel-permission/src/Middlewares/RoleMiddleware.php:25
#29 /vendor/laravel/framework/src/Illuminate/Pipeline/Pipeline.php:167
#30 /vendor/laravel/framework/src/Illuminate/Routing/Middleware/SubstituteBindings.php:41
#31 /vendor/laravel/framework/src/Illuminate/Pipeline/Pipeline.php:167
#32 /app/Http/Middleware/Authenticate.php:30
#33 /vendor/laravel/framework/src/Illuminate/Pipeline/Pipeline.php:167
#34 /vendor/laravel/framework/src/Illuminate/Foundation/Http/Middleware/VerifyCsrfToken.php:78
#35 /vendor/laravel/framework/src/Illuminate/Pipeline/Pipeline.php:167
#36 /vendor/laravel/framework/src/Illuminate/View/Middleware/ShareErrorsFromSession.php:49
#37 /vendor/laravel/framework/src/Illuminate/Pipeline/Pipeline.php:167
#38 /vendor/laravel/framework/src/Illuminate/Session/Middleware/StartSession.php:116
#39 /vendor/laravel/framework/src/Illuminate/Session/Middleware/StartSession.php:62
#40 /vendor/laravel/framework/src/Illuminate/Pipeline/Pipeline.php:167
#41 /vendor/laravel/framework/src/Illuminate/Cookie/Middleware/AddQueuedCookiesToResponse.php:37
#42 /vendor/laravel/framework/src/Illuminate/Pipeline/Pipeline.php:167
#43 /vendor/laravel/framework/src/Illuminate/Cookie/Middleware/EncryptCookies.php:67
#44 /vendor/laravel/framework/src/Illuminate/Pipeline/Pipeline.php:167
#45 /vendor/laravel/framework/src/Illuminate/Pipeline/Pipeline.php:103
#46 /vendor/laravel/framework/src/Illuminate/Routing/Router.php:687
#47 /vendor/laravel/framework/src/Illuminate/Routing/Router.php:662
#48 /vendor/laravel/framework/src/Illuminate/Routing/Router.php:628
#49 /vendor/laravel/framework/src/Illuminate/Routing/Router.php:617
  
[2022-03-05 08:12:17] local.INFO: Detected N+1 Query  
[2022-03-05 08:12:17] local.INFO: Model: App\Models\User
Relation: App\Models\Country
Num-Called: 10
Call-Stack:
#17 /app/Http/Controllers/CompanyController.php:62
#18 /vendor/laravel/framework/src/Illuminate/Routing/Controller.php:54
#19 /vendor/laravel/framework/src/Illuminate/Routing/ControllerDispatcher.php:45
#20 /vendor/laravel/framework/src/Illuminate/Routing/Route.php:239
#21 /vendor/laravel/framework/src/Illuminate/Routing/Route.php:196
#22 /vendor/laravel/framework/src/Illuminate/Routing/Router.php:685
#23 /vendor/laravel/framework/src/Illuminate/Pipeline/Pipeline.php:128
#24 /app/Http/Middleware/CheckUserIsVerified.php:20
#25 /vendor/laravel/framework/src/Illuminate/Pipeline/Pipeline.php:167
#26 /app/Http/Middleware/XSS.php:24
#27 /vendor/laravel/framework/src/Illuminate/Pipeline/Pipeline.php:167
#28 /vendor/spatie/laravel-permission/src/Middlewares/RoleMiddleware.php:25
#29 /vendor/laravel/framework/src/Illuminate/Pipeline/Pipeline.php:167
#30 /vendor/laravel/framework/src/Illuminate/Routing/Middleware/SubstituteBindings.php:41
#31 /vendor/laravel/framework/src/Illuminate/Pipeline/Pipeline.php:167
#32 /app/Http/Middleware/Authenticate.php:30
#33 /vendor/laravel/framework/src/Illuminate/Pipeline/Pipeline.php:167
#34 /vendor/laravel/framework/src/Illuminate/Foundation/Http/Middleware/VerifyCsrfToken.php:78
#35 /vendor/laravel/framework/src/Illuminate/Pipeline/Pipeline.php:167
#36 /vendor/laravel/framework/src/Illuminate/View/Middleware/ShareErrorsFromSession.php:49
#37 /vendor/laravel/framework/src/Illuminate/Pipeline/Pipeline.php:167
#38 /vendor/laravel/framework/src/Illuminate/Session/Middleware/StartSession.php:116
#39 /vendor/laravel/framework/src/Illuminate/Session/Middleware/StartSession.php:62
#40 /vendor/laravel/framework/src/Illuminate/Pipeline/Pipeline.php:167
#41 /vendor/laravel/framework/src/Illuminate/Cookie/Middleware/AddQueuedCookiesToResponse.php:37
#42 /vendor/laravel/framework/src/Illuminate/Pipeline/Pipeline.php:167
#43 /vendor/laravel/framework/src/Illuminate/Cookie/Middleware/EncryptCookies.php:67
#44 /vendor/laravel/framework/src/Illuminate/Pipeline/Pipeline.php:167
#45 /vendor/laravel/framework/src/Illuminate/Pipeline/Pipeline.php:103
#46 /vendor/laravel/framework/src/Illuminate/Routing/Router.php:687
#47 /vendor/laravel/framework/src/Illuminate/Routing/Router.php:662
#48 /vendor/laravel/framework/src/Illuminate/Routing/Router.php:628
#49 /vendor/laravel/framework/src/Illuminate/Routing/Router.php:617
  
[2022-03-05 08:12:17] local.INFO: Model: App\Models\User
Relation: App\Models\City
Num-Called: 10
Call-Stack:
#17 /app/Http/Controllers/CompanyController.php:62
#18 /vendor/laravel/framework/src/Illuminate/Routing/Controller.php:54
#19 /vendor/laravel/framework/src/Illuminate/Routing/ControllerDispatcher.php:45
#20 /vendor/laravel/framework/src/Illuminate/Routing/Route.php:239
#21 /vendor/laravel/framework/src/Illuminate/Routing/Route.php:196
#22 /vendor/laravel/framework/src/Illuminate/Routing/Router.php:685
#23 /vendor/laravel/framework/src/Illuminate/Pipeline/Pipeline.php:128
#24 /app/Http/Middleware/CheckUserIsVerified.php:20
#25 /vendor/laravel/framework/src/Illuminate/Pipeline/Pipeline.php:167
#26 /app/Http/Middleware/XSS.php:24
#27 /vendor/laravel/framework/src/Illuminate/Pipeline/Pipeline.php:167
#28 /vendor/spatie/laravel-permission/src/Middlewares/RoleMiddleware.php:25
#29 /vendor/laravel/framework/src/Illuminate/Pipeline/Pipeline.php:167
#30 /vendor/laravel/framework/src/Illuminate/Routing/Middleware/SubstituteBindings.php:41
#31 /vendor/laravel/framework/src/Illuminate/Pipeline/Pipeline.php:167
#32 /app/Http/Middleware/Authenticate.php:30
#33 /vendor/laravel/framework/src/Illuminate/Pipeline/Pipeline.php:167
#34 /vendor/laravel/framework/src/Illuminate/Foundation/Http/Middleware/VerifyCsrfToken.php:78
#35 /vendor/laravel/framework/src/Illuminate/Pipeline/Pipeline.php:167
#36 /vendor/laravel/framework/src/Illuminate/View/Middleware/ShareErrorsFromSession.php:49
#37 /vendor/laravel/framework/src/Illuminate/Pipeline/Pipeline.php:167
#38 /vendor/laravel/framework/src/Illuminate/Session/Middleware/StartSession.php:116
#39 /vendor/laravel/framework/src/Illuminate/Session/Middleware/StartSession.php:62
#40 /vendor/laravel/framework/src/Illuminate/Pipeline/Pipeline.php:167
#41 /vendor/laravel/framework/src/Illuminate/Cookie/Middleware/AddQueuedCookiesToResponse.php:37
#42 /vendor/laravel/framework/src/Illuminate/Pipeline/Pipeline.php:167
#43 /vendor/laravel/framework/src/Illuminate/Cookie/Middleware/EncryptCookies.php:67
#44 /vendor/laravel/framework/src/Illuminate/Pipeline/Pipeline.php:167
#45 /vendor/laravel/framework/src/Illuminate/Pipeline/Pipeline.php:103
#46 /vendor/laravel/framework/src/Illuminate/Routing/Router.php:687
#47 /vendor/laravel/framework/src/Illuminate/Routing/Router.php:662
#48 /vendor/laravel/framework/src/Illuminate/Routing/Router.php:628
#49 /vendor/laravel/framework/src/Illuminate/Routing/Router.php:617
  
[2022-03-05 08:12:17] local.INFO: Model: App\Models\User
Relation: App\Models\State
Num-Called: 10
Call-Stack:
#17 /app/Http/Controllers/CompanyController.php:62
#18 /vendor/laravel/framework/src/Illuminate/Routing/Controller.php:54
#19 /vendor/laravel/framework/src/Illuminate/Routing/ControllerDispatcher.php:45
#20 /vendor/laravel/framework/src/Illuminate/Routing/Route.php:239
#21 /vendor/laravel/framework/src/Illuminate/Routing/Route.php:196
#22 /vendor/laravel/framework/src/Illuminate/Routing/Router.php:685
#23 /vendor/laravel/framework/src/Illuminate/Pipeline/Pipeline.php:128
#24 /app/Http/Middleware/CheckUserIsVerified.php:20
#25 /vendor/laravel/framework/src/Illuminate/Pipeline/Pipeline.php:167
#26 /app/Http/Middleware/XSS.php:24
#27 /vendor/laravel/framework/src/Illuminate/Pipeline/Pipeline.php:167
#28 /vendor/spatie/laravel-permission/src/Middlewares/RoleMiddleware.php:25
#29 /vendor/laravel/framework/src/Illuminate/Pipeline/Pipeline.php:167
#30 /vendor/laravel/framework/src/Illuminate/Routing/Middleware/SubstituteBindings.php:41
#31 /vendor/laravel/framework/src/Illuminate/Pipeline/Pipeline.php:167
#32 /app/Http/Middleware/Authenticate.php:30
#33 /vendor/laravel/framework/src/Illuminate/Pipeline/Pipeline.php:167
#34 /vendor/laravel/framework/src/Illuminate/Foundation/Http/Middleware/VerifyCsrfToken.php:78
#35 /vendor/laravel/framework/src/Illuminate/Pipeline/Pipeline.php:167
#36 /vendor/laravel/framework/src/Illuminate/View/Middleware/ShareErrorsFromSession.php:49
#37 /vendor/laravel/framework/src/Illuminate/Pipeline/Pipeline.php:167
#38 /vendor/laravel/framework/src/Illuminate/Session/Middleware/StartSession.php:116
#39 /vendor/laravel/framework/src/Illuminate/Session/Middleware/StartSession.php:62
#40 /vendor/laravel/framework/src/Illuminate/Pipeline/Pipeline.php:167
#41 /vendor/laravel/framework/src/Illuminate/Cookie/Middleware/AddQueuedCookiesToResponse.php:37
#42 /vendor/laravel/framework/src/Illuminate/Pipeline/Pipeline.php:167
#43 /vendor/laravel/framework/src/Illuminate/Cookie/Middleware/EncryptCookies.php:67
#44 /vendor/laravel/framework/src/Illuminate/Pipeline/Pipeline.php:167
#45 /vendor/laravel/framework/src/Illuminate/Pipeline/Pipeline.php:103
#46 /vendor/laravel/framework/src/Illuminate/Routing/Router.php:687
#47 /vendor/laravel/framework/src/Illuminate/Routing/Router.php:662
#48 /vendor/laravel/framework/src/Illuminate/Routing/Router.php:628
#49 /vendor/laravel/framework/src/Illuminate/Routing/Router.php:617
  
[2022-03-05 09:49:56] local.INFO: Detected N+1 Query  
[2022-03-05 09:49:56] local.INFO: Model: App\Models\User
Relation: App\Models\Country
Num-Called: 10
Call-Stack:
#17 /app/Http/Controllers/CompanyController.php:62
#18 /vendor/laravel/framework/src/Illuminate/Routing/Controller.php:54
#19 /vendor/laravel/framework/src/Illuminate/Routing/ControllerDispatcher.php:45
#20 /vendor/laravel/framework/src/Illuminate/Routing/Route.php:239
#21 /vendor/laravel/framework/src/Illuminate/Routing/Route.php:196
#22 /vendor/laravel/framework/src/Illuminate/Routing/Router.php:685
#23 /vendor/laravel/framework/src/Illuminate/Pipeline/Pipeline.php:128
#24 /app/Http/Middleware/CheckUserIsVerified.php:20
#25 /vendor/laravel/framework/src/Illuminate/Pipeline/Pipeline.php:167
#26 /app/Http/Middleware/XSS.php:24
#27 /vendor/laravel/framework/src/Illuminate/Pipeline/Pipeline.php:167
#28 /vendor/spatie/laravel-permission/src/Middlewares/RoleMiddleware.php:25
#29 /vendor/laravel/framework/src/Illuminate/Pipeline/Pipeline.php:167
#30 /vendor/laravel/framework/src/Illuminate/Routing/Middleware/SubstituteBindings.php:41
#31 /vendor/laravel/framework/src/Illuminate/Pipeline/Pipeline.php:167
#32 /app/Http/Middleware/Authenticate.php:30
#33 /vendor/laravel/framework/src/Illuminate/Pipeline/Pipeline.php:167
#34 /vendor/laravel/framework/src/Illuminate/Foundation/Http/Middleware/VerifyCsrfToken.php:78
#35 /vendor/laravel/framework/src/Illuminate/Pipeline/Pipeline.php:167
#36 /vendor/laravel/framework/src/Illuminate/View/Middleware/ShareErrorsFromSession.php:49
#37 /vendor/laravel/framework/src/Illuminate/Pipeline/Pipeline.php:167
#38 /vendor/laravel/framework/src/Illuminate/Session/Middleware/StartSession.php:116
#39 /vendor/laravel/framework/src/Illuminate/Session/Middleware/StartSession.php:62
#40 /vendor/laravel/framework/src/Illuminate/Pipeline/Pipeline.php:167
#41 /vendor/laravel/framework/src/Illuminate/Cookie/Middleware/AddQueuedCookiesToResponse.php:37
#42 /vendor/laravel/framework/src/Illuminate/Pipeline/Pipeline.php:167
#43 /vendor/laravel/framework/src/Illuminate/Cookie/Middleware/EncryptCookies.php:67
#44 /vendor/laravel/framework/src/Illuminate/Pipeline/Pipeline.php:167
#45 /vendor/laravel/framework/src/Illuminate/Pipeline/Pipeline.php:103
#46 /vendor/laravel/framework/src/Illuminate/Routing/Router.php:687
#47 /vendor/laravel/framework/src/Illuminate/Routing/Router.php:662
#48 /vendor/laravel/framework/src/Illuminate/Routing/Router.php:628
#49 /vendor/laravel/framework/src/Illuminate/Routing/Router.php:617
  
[2022-03-05 09:49:56] local.INFO: Model: App\Models\User
Relation: App\Models\City
Num-Called: 10
Call-Stack:
#17 /app/Http/Controllers/CompanyController.php:62
#18 /vendor/laravel/framework/src/Illuminate/Routing/Controller.php:54
#19 /vendor/laravel/framework/src/Illuminate/Routing/ControllerDispatcher.php:45
#20 /vendor/laravel/framework/src/Illuminate/Routing/Route.php:239
#21 /vendor/laravel/framework/src/Illuminate/Routing/Route.php:196
#22 /vendor/laravel/framework/src/Illuminate/Routing/Router.php:685
#23 /vendor/laravel/framework/src/Illuminate/Pipeline/Pipeline.php:128
#24 /app/Http/Middleware/CheckUserIsVerified.php:20
#25 /vendor/laravel/framework/src/Illuminate/Pipeline/Pipeline.php:167
#26 /app/Http/Middleware/XSS.php:24
#27 /vendor/laravel/framework/src/Illuminate/Pipeline/Pipeline.php:167
#28 /vendor/spatie/laravel-permission/src/Middlewares/RoleMiddleware.php:25
#29 /vendor/laravel/framework/src/Illuminate/Pipeline/Pipeline.php:167
#30 /vendor/laravel/framework/src/Illuminate/Routing/Middleware/SubstituteBindings.php:41
#31 /vendor/laravel/framework/src/Illuminate/Pipeline/Pipeline.php:167
#32 /app/Http/Middleware/Authenticate.php:30
#33 /vendor/laravel/framework/src/Illuminate/Pipeline/Pipeline.php:167
#34 /vendor/laravel/framework/src/Illuminate/Foundation/Http/Middleware/VerifyCsrfToken.php:78
#35 /vendor/laravel/framework/src/Illuminate/Pipeline/Pipeline.php:167
#36 /vendor/laravel/framework/src/Illuminate/View/Middleware/ShareErrorsFromSession.php:49
#37 /vendor/laravel/framework/src/Illuminate/Pipeline/Pipeline.php:167
#38 /vendor/laravel/framework/src/Illuminate/Session/Middleware/StartSession.php:116
#39 /vendor/laravel/framework/src/Illuminate/Session/Middleware/StartSession.php:62
#40 /vendor/laravel/framework/src/Illuminate/Pipeline/Pipeline.php:167
#41 /vendor/laravel/framework/src/Illuminate/Cookie/Middleware/AddQueuedCookiesToResponse.php:37
#42 /vendor/laravel/framework/src/Illuminate/Pipeline/Pipeline.php:167
#43 /vendor/laravel/framework/src/Illuminate/Cookie/Middleware/EncryptCookies.php:67
#44 /vendor/laravel/framework/src/Illuminate/Pipeline/Pipeline.php:167
#45 /vendor/laravel/framework/src/Illuminate/Pipeline/Pipeline.php:103
#46 /vendor/laravel/framework/src/Illuminate/Routing/Router.php:687
#47 /vendor/laravel/framework/src/Illuminate/Routing/Router.php:662
#48 /vendor/laravel/framework/src/Illuminate/Routing/Router.php:628
#49 /vendor/laravel/framework/src/Illuminate/Routing/Router.php:617
  
[2022-03-05 09:49:56] local.INFO: Model: App\Models\User
Relation: App\Models\State
Num-Called: 10
Call-Stack:
#17 /app/Http/Controllers/CompanyController.php:62
#18 /vendor/laravel/framework/src/Illuminate/Routing/Controller.php:54
#19 /vendor/laravel/framework/src/Illuminate/Routing/ControllerDispatcher.php:45
#20 /vendor/laravel/framework/src/Illuminate/Routing/Route.php:239
#21 /vendor/laravel/framework/src/Illuminate/Routing/Route.php:196
#22 /vendor/laravel/framework/src/Illuminate/Routing/Router.php:685
#23 /vendor/laravel/framework/src/Illuminate/Pipeline/Pipeline.php:128
#24 /app/Http/Middleware/CheckUserIsVerified.php:20
#25 /vendor/laravel/framework/src/Illuminate/Pipeline/Pipeline.php:167
#26 /app/Http/Middleware/XSS.php:24
#27 /vendor/laravel/framework/src/Illuminate/Pipeline/Pipeline.php:167
#28 /vendor/spatie/laravel-permission/src/Middlewares/RoleMiddleware.php:25
#29 /vendor/laravel/framework/src/Illuminate/Pipeline/Pipeline.php:167
#30 /vendor/laravel/framework/src/Illuminate/Routing/Middleware/SubstituteBindings.php:41
#31 /vendor/laravel/framework/src/Illuminate/Pipeline/Pipeline.php:167
#32 /app/Http/Middleware/Authenticate.php:30
#33 /vendor/laravel/framework/src/Illuminate/Pipeline/Pipeline.php:167
#34 /vendor/laravel/framework/src/Illuminate/Foundation/Http/Middleware/VerifyCsrfToken.php:78
#35 /vendor/laravel/framework/src/Illuminate/Pipeline/Pipeline.php:167
#36 /vendor/laravel/framework/src/Illuminate/View/Middleware/ShareErrorsFromSession.php:49
#37 /vendor/laravel/framework/src/Illuminate/Pipeline/Pipeline.php:167
#38 /vendor/laravel/framework/src/Illuminate/Session/Middleware/StartSession.php:116
#39 /vendor/laravel/framework/src/Illuminate/Session/Middleware/StartSession.php:62
#40 /vendor/laravel/framework/src/Illuminate/Pipeline/Pipeline.php:167
#41 /vendor/laravel/framework/src/Illuminate/Cookie/Middleware/AddQueuedCookiesToResponse.php:37
#42 /vendor/laravel/framework/src/Illuminate/Pipeline/Pipeline.php:167
#43 /vendor/laravel/framework/src/Illuminate/Cookie/Middleware/EncryptCookies.php:67
#44 /vendor/laravel/framework/src/Illuminate/Pipeline/Pipeline.php:167
#45 /vendor/laravel/framework/src/Illuminate/Pipeline/Pipeline.php:103
#46 /vendor/laravel/framework/src/Illuminate/Routing/Router.php:687
#47 /vendor/laravel/framework/src/Illuminate/Routing/Router.php:662
#48 /vendor/laravel/framework/src/Illuminate/Routing/Router.php:628
#49 /vendor/laravel/framework/src/Illuminate/Routing/Router.php:617
  
[2022-03-05 10:07:33] local.INFO: Detected N+1 Query  
[2022-03-05 10:07:33] local.INFO: Model: App\Models\User
Relation: App\Models\Country
Num-Called: 10
Call-Stack:
#17 /app/Http/Controllers/CompanyController.php:62
#18 /vendor/laravel/framework/src/Illuminate/Routing/Controller.php:54
#19 /vendor/laravel/framework/src/Illuminate/Routing/ControllerDispatcher.php:45
#20 /vendor/laravel/framework/src/Illuminate/Routing/Route.php:239
#21 /vendor/laravel/framework/src/Illuminate/Routing/Route.php:196
#22 /vendor/laravel/framework/src/Illuminate/Routing/Router.php:685
#23 /vendor/laravel/framework/src/Illuminate/Pipeline/Pipeline.php:128
#24 /app/Http/Middleware/CheckUserIsVerified.php:20
#25 /vendor/laravel/framework/src/Illuminate/Pipeline/Pipeline.php:167
#26 /app/Http/Middleware/XSS.php:24
#27 /vendor/laravel/framework/src/Illuminate/Pipeline/Pipeline.php:167
#28 /vendor/spatie/laravel-permission/src/Middlewares/RoleMiddleware.php:25
#29 /vendor/laravel/framework/src/Illuminate/Pipeline/Pipeline.php:167
#30 /vendor/laravel/framework/src/Illuminate/Routing/Middleware/SubstituteBindings.php:41
#31 /vendor/laravel/framework/src/Illuminate/Pipeline/Pipeline.php:167
#32 /app/Http/Middleware/Authenticate.php:30
#33 /vendor/laravel/framework/src/Illuminate/Pipeline/Pipeline.php:167
#34 /vendor/laravel/framework/src/Illuminate/Foundation/Http/Middleware/VerifyCsrfToken.php:78
#35 /vendor/laravel/framework/src/Illuminate/Pipeline/Pipeline.php:167
#36 /vendor/laravel/framework/src/Illuminate/View/Middleware/ShareErrorsFromSession.php:49
#37 /vendor/laravel/framework/src/Illuminate/Pipeline/Pipeline.php:167
#38 /vendor/laravel/framework/src/Illuminate/Session/Middleware/StartSession.php:116
#39 /vendor/laravel/framework/src/Illuminate/Session/Middleware/StartSession.php:62
#40 /vendor/laravel/framework/src/Illuminate/Pipeline/Pipeline.php:167
#41 /vendor/laravel/framework/src/Illuminate/Cookie/Middleware/AddQueuedCookiesToResponse.php:37
#42 /vendor/laravel/framework/src/Illuminate/Pipeline/Pipeline.php:167
#43 /vendor/laravel/framework/src/Illuminate/Cookie/Middleware/EncryptCookies.php:67
#44 /vendor/laravel/framework/src/Illuminate/Pipeline/Pipeline.php:167
#45 /vendor/laravel/framework/src/Illuminate/Pipeline/Pipeline.php:103
#46 /vendor/laravel/framework/src/Illuminate/Routing/Router.php:687
#47 /vendor/laravel/framework/src/Illuminate/Routing/Router.php:662
#48 /vendor/laravel/framework/src/Illuminate/Routing/Router.php:628
#49 /vendor/laravel/framework/src/Illuminate/Routing/Router.php:617
  
[2022-03-05 10:07:33] local.INFO: Model: App\Models\User
Relation: App\Models\City
Num-Called: 10
Call-Stack:
#17 /app/Http/Controllers/CompanyController.php:62
#18 /vendor/laravel/framework/src/Illuminate/Routing/Controller.php:54
#19 /vendor/laravel/framework/src/Illuminate/Routing/ControllerDispatcher.php:45
#20 /vendor/laravel/framework/src/Illuminate/Routing/Route.php:239
#21 /vendor/laravel/framework/src/Illuminate/Routing/Route.php:196
#22 /vendor/laravel/framework/src/Illuminate/Routing/Router.php:685
#23 /vendor/laravel/framework/src/Illuminate/Pipeline/Pipeline.php:128
#24 /app/Http/Middleware/CheckUserIsVerified.php:20
#25 /vendor/laravel/framework/src/Illuminate/Pipeline/Pipeline.php:167
#26 /app/Http/Middleware/XSS.php:24
#27 /vendor/laravel/framework/src/Illuminate/Pipeline/Pipeline.php:167
#28 /vendor/spatie/laravel-permission/src/Middlewares/RoleMiddleware.php:25
#29 /vendor/laravel/framework/src/Illuminate/Pipeline/Pipeline.php:167
#30 /vendor/laravel/framework/src/Illuminate/Routing/Middleware/SubstituteBindings.php:41
#31 /vendor/laravel/framework/src/Illuminate/Pipeline/Pipeline.php:167
#32 /app/Http/Middleware/Authenticate.php:30
#33 /vendor/laravel/framework/src/Illuminate/Pipeline/Pipeline.php:167
#34 /vendor/laravel/framework/src/Illuminate/Foundation/Http/Middleware/VerifyCsrfToken.php:78
#35 /vendor/laravel/framework/src/Illuminate/Pipeline/Pipeline.php:167
#36 /vendor/laravel/framework/src/Illuminate/View/Middleware/ShareErrorsFromSession.php:49
#37 /vendor/laravel/framework/src/Illuminate/Pipeline/Pipeline.php:167
#38 /vendor/laravel/framework/src/Illuminate/Session/Middleware/StartSession.php:116
#39 /vendor/laravel/framework/src/Illuminate/Session/Middleware/StartSession.php:62
#40 /vendor/laravel/framework/src/Illuminate/Pipeline/Pipeline.php:167
#41 /vendor/laravel/framework/src/Illuminate/Cookie/Middleware/AddQueuedCookiesToResponse.php:37
#42 /vendor/laravel/framework/src/Illuminate/Pipeline/Pipeline.php:167
#43 /vendor/laravel/framework/src/Illuminate/Cookie/Middleware/EncryptCookies.php:67
#44 /vendor/laravel/framework/src/Illuminate/Pipeline/Pipeline.php:167
#45 /vendor/laravel/framework/src/Illuminate/Pipeline/Pipeline.php:103
#46 /vendor/laravel/framework/src/Illuminate/Routing/Router.php:687
#47 /vendor/laravel/framework/src/Illuminate/Routing/Router.php:662
#48 /vendor/laravel/framework/src/Illuminate/Routing/Router.php:628
#49 /vendor/laravel/framework/src/Illuminate/Routing/Router.php:617
  
[2022-03-05 10:07:33] local.INFO: Model: App\Models\User
Relation: App\Models\State
Num-Called: 10
Call-Stack:
#17 /app/Http/Controllers/CompanyController.php:62
#18 /vendor/laravel/framework/src/Illuminate/Routing/Controller.php:54
#19 /vendor/laravel/framework/src/Illuminate/Routing/ControllerDispatcher.php:45
#20 /vendor/laravel/framework/src/Illuminate/Routing/Route.php:239
#21 /vendor/laravel/framework/src/Illuminate/Routing/Route.php:196
#22 /vendor/laravel/framework/src/Illuminate/Routing/Router.php:685
#23 /vendor/laravel/framework/src/Illuminate/Pipeline/Pipeline.php:128
#24 /app/Http/Middleware/CheckUserIsVerified.php:20
#25 /vendor/laravel/framework/src/Illuminate/Pipeline/Pipeline.php:167
#26 /app/Http/Middleware/XSS.php:24
#27 /vendor/laravel/framework/src/Illuminate/Pipeline/Pipeline.php:167
#28 /vendor/spatie/laravel-permission/src/Middlewares/RoleMiddleware.php:25
#29 /vendor/laravel/framework/src/Illuminate/Pipeline/Pipeline.php:167
#30 /vendor/laravel/framework/src/Illuminate/Routing/Middleware/SubstituteBindings.php:41
#31 /vendor/laravel/framework/src/Illuminate/Pipeline/Pipeline.php:167
#32 /app/Http/Middleware/Authenticate.php:30
#33 /vendor/laravel/framework/src/Illuminate/Pipeline/Pipeline.php:167
#34 /vendor/laravel/framework/src/Illuminate/Foundation/Http/Middleware/VerifyCsrfToken.php:78
#35 /vendor/laravel/framework/src/Illuminate/Pipeline/Pipeline.php:167
#36 /vendor/laravel/framework/src/Illuminate/View/Middleware/ShareErrorsFromSession.php:49
#37 /vendor/laravel/framework/src/Illuminate/Pipeline/Pipeline.php:167
#38 /vendor/laravel/framework/src/Illuminate/Session/Middleware/StartSession.php:116
#39 /vendor/laravel/framework/src/Illuminate/Session/Middleware/StartSession.php:62
#40 /vendor/laravel/framework/src/Illuminate/Pipeline/Pipeline.php:167
#41 /vendor/laravel/framework/src/Illuminate/Cookie/Middleware/AddQueuedCookiesToResponse.php:37
#42 /vendor/laravel/framework/src/Illuminate/Pipeline/Pipeline.php:167
#43 /vendor/laravel/framework/src/Illuminate/Cookie/Middleware/EncryptCookies.php:67
#44 /vendor/laravel/framework/src/Illuminate/Pipeline/Pipeline.php:167
#45 /vendor/laravel/framework/src/Illuminate/Pipeline/Pipeline.php:103
#46 /vendor/laravel/framework/src/Illuminate/Routing/Router.php:687
#47 /vendor/laravel/framework/src/Illuminate/Routing/Router.php:662
#48 /vendor/laravel/framework/src/Illuminate/Routing/Router.php:628
#49 /vendor/laravel/framework/src/Illuminate/Routing/Router.php:617
  
[2022-03-05 10:14:38] local.INFO: Detected N+1 Query  
[2022-03-05 10:14:38] local.INFO: Model: App\Models\User
Relation: App\Models\Country
Num-Called: 10
Call-Stack:
#17 /app/Http/Controllers/CompanyController.php:62
#18 /vendor/laravel/framework/src/Illuminate/Routing/Controller.php:54
#19 /vendor/laravel/framework/src/Illuminate/Routing/ControllerDispatcher.php:45
#20 /vendor/laravel/framework/src/Illuminate/Routing/Route.php:239
#21 /vendor/laravel/framework/src/Illuminate/Routing/Route.php:196
#22 /vendor/laravel/framework/src/Illuminate/Routing/Router.php:685
#23 /vendor/laravel/framework/src/Illuminate/Pipeline/Pipeline.php:128
#24 /app/Http/Middleware/CheckUserIsVerified.php:20
#25 /vendor/laravel/framework/src/Illuminate/Pipeline/Pipeline.php:167
#26 /app/Http/Middleware/XSS.php:24
#27 /vendor/laravel/framework/src/Illuminate/Pipeline/Pipeline.php:167
#28 /vendor/spatie/laravel-permission/src/Middlewares/RoleMiddleware.php:25
#29 /vendor/laravel/framework/src/Illuminate/Pipeline/Pipeline.php:167
#30 /vendor/laravel/framework/src/Illuminate/Routing/Middleware/SubstituteBindings.php:41
#31 /vendor/laravel/framework/src/Illuminate/Pipeline/Pipeline.php:167
#32 /app/Http/Middleware/Authenticate.php:30
#33 /vendor/laravel/framework/src/Illuminate/Pipeline/Pipeline.php:167
#34 /vendor/laravel/framework/src/Illuminate/Foundation/Http/Middleware/VerifyCsrfToken.php:78
#35 /vendor/laravel/framework/src/Illuminate/Pipeline/Pipeline.php:167
#36 /vendor/laravel/framework/src/Illuminate/View/Middleware/ShareErrorsFromSession.php:49
#37 /vendor/laravel/framework/src/Illuminate/Pipeline/Pipeline.php:167
#38 /vendor/laravel/framework/src/Illuminate/Session/Middleware/StartSession.php:116
#39 /vendor/laravel/framework/src/Illuminate/Session/Middleware/StartSession.php:62
#40 /vendor/laravel/framework/src/Illuminate/Pipeline/Pipeline.php:167
#41 /vendor/laravel/framework/src/Illuminate/Cookie/Middleware/AddQueuedCookiesToResponse.php:37
#42 /vendor/laravel/framework/src/Illuminate/Pipeline/Pipeline.php:167
#43 /vendor/laravel/framework/src/Illuminate/Cookie/Middleware/EncryptCookies.php:67
#44 /vendor/laravel/framework/src/Illuminate/Pipeline/Pipeline.php:167
#45 /vendor/laravel/framework/src/Illuminate/Pipeline/Pipeline.php:103
#46 /vendor/laravel/framework/src/Illuminate/Routing/Router.php:687
#47 /vendor/laravel/framework/src/Illuminate/Routing/Router.php:662
#48 /vendor/laravel/framework/src/Illuminate/Routing/Router.php:628
#49 /vendor/laravel/framework/src/Illuminate/Routing/Router.php:617
  
[2022-03-05 10:14:38] local.INFO: Model: App\Models\User
Relation: App\Models\City
Num-Called: 10
Call-Stack:
#17 /app/Http/Controllers/CompanyController.php:62
#18 /vendor/laravel/framework/src/Illuminate/Routing/Controller.php:54
#19 /vendor/laravel/framework/src/Illuminate/Routing/ControllerDispatcher.php:45
#20 /vendor/laravel/framework/src/Illuminate/Routing/Route.php:239
#21 /vendor/laravel/framework/src/Illuminate/Routing/Route.php:196
#22 /vendor/laravel/framework/src/Illuminate/Routing/Router.php:685
#23 /vendor/laravel/framework/src/Illuminate/Pipeline/Pipeline.php:128
#24 /app/Http/Middleware/CheckUserIsVerified.php:20
#25 /vendor/laravel/framework/src/Illuminate/Pipeline/Pipeline.php:167
#26 /app/Http/Middleware/XSS.php:24
#27 /vendor/laravel/framework/src/Illuminate/Pipeline/Pipeline.php:167
#28 /vendor/spatie/laravel-permission/src/Middlewares/RoleMiddleware.php:25
#29 /vendor/laravel/framework/src/Illuminate/Pipeline/Pipeline.php:167
#30 /vendor/laravel/framework/src/Illuminate/Routing/Middleware/SubstituteBindings.php:41
#31 /vendor/laravel/framework/src/Illuminate/Pipeline/Pipeline.php:167
#32 /app/Http/Middleware/Authenticate.php:30
#33 /vendor/laravel/framework/src/Illuminate/Pipeline/Pipeline.php:167
#34 /vendor/laravel/framework/src/Illuminate/Foundation/Http/Middleware/VerifyCsrfToken.php:78
#35 /vendor/laravel/framework/src/Illuminate/Pipeline/Pipeline.php:167
#36 /vendor/laravel/framework/src/Illuminate/View/Middleware/ShareErrorsFromSession.php:49
#37 /vendor/laravel/framework/src/Illuminate/Pipeline/Pipeline.php:167
#38 /vendor/laravel/framework/src/Illuminate/Session/Middleware/StartSession.php:116
#39 /vendor/laravel/framework/src/Illuminate/Session/Middleware/StartSession.php:62
#40 /vendor/laravel/framework/src/Illuminate/Pipeline/Pipeline.php:167
#41 /vendor/laravel/framework/src/Illuminate/Cookie/Middleware/AddQueuedCookiesToResponse.php:37
#42 /vendor/laravel/framework/src/Illuminate/Pipeline/Pipeline.php:167
#43 /vendor/laravel/framework/src/Illuminate/Cookie/Middleware/EncryptCookies.php:67
#44 /vendor/laravel/framework/src/Illuminate/Pipeline/Pipeline.php:167
#45 /vendor/laravel/framework/src/Illuminate/Pipeline/Pipeline.php:103
#46 /vendor/laravel/framework/src/Illuminate/Routing/Router.php:687
#47 /vendor/laravel/framework/src/Illuminate/Routing/Router.php:662
#48 /vendor/laravel/framework/src/Illuminate/Routing/Router.php:628
#49 /vendor/laravel/framework/src/Illuminate/Routing/Router.php:617
  
[2022-03-05 10:14:38] local.INFO: Model: App\Models\User
Relation: App\Models\State
Num-Called: 10
Call-Stack:
#17 /app/Http/Controllers/CompanyController.php:62
#18 /vendor/laravel/framework/src/Illuminate/Routing/Controller.php:54
#19 /vendor/laravel/framework/src/Illuminate/Routing/ControllerDispatcher.php:45
#20 /vendor/laravel/framework/src/Illuminate/Routing/Route.php:239
#21 /vendor/laravel/framework/src/Illuminate/Routing/Route.php:196
#22 /vendor/laravel/framework/src/Illuminate/Routing/Router.php:685
#23 /vendor/laravel/framework/src/Illuminate/Pipeline/Pipeline.php:128
#24 /app/Http/Middleware/CheckUserIsVerified.php:20
#25 /vendor/laravel/framework/src/Illuminate/Pipeline/Pipeline.php:167
#26 /app/Http/Middleware/XSS.php:24
#27 /vendor/laravel/framework/src/Illuminate/Pipeline/Pipeline.php:167
#28 /vendor/spatie/laravel-permission/src/Middlewares/RoleMiddleware.php:25
#29 /vendor/laravel/framework/src/Illuminate/Pipeline/Pipeline.php:167
#30 /vendor/laravel/framework/src/Illuminate/Routing/Middleware/SubstituteBindings.php:41
#31 /vendor/laravel/framework/src/Illuminate/Pipeline/Pipeline.php:167
#32 /app/Http/Middleware/Authenticate.php:30
#33 /vendor/laravel/framework/src/Illuminate/Pipeline/Pipeline.php:167
#34 /vendor/laravel/framework/src/Illuminate/Foundation/Http/Middleware/VerifyCsrfToken.php:78
#35 /vendor/laravel/framework/src/Illuminate/Pipeline/Pipeline.php:167
#36 /vendor/laravel/framework/src/Illuminate/View/Middleware/ShareErrorsFromSession.php:49
#37 /vendor/laravel/framework/src/Illuminate/Pipeline/Pipeline.php:167
#38 /vendor/laravel/framework/src/Illuminate/Session/Middleware/StartSession.php:116
#39 /vendor/laravel/framework/src/Illuminate/Session/Middleware/StartSession.php:62
#40 /vendor/laravel/framework/src/Illuminate/Pipeline/Pipeline.php:167
#41 /vendor/laravel/framework/src/Illuminate/Cookie/Middleware/AddQueuedCookiesToResponse.php:37
#42 /vendor/laravel/framework/src/Illuminate/Pipeline/Pipeline.php:167
#43 /vendor/laravel/framework/src/Illuminate/Cookie/Middleware/EncryptCookies.php:67
#44 /vendor/laravel/framework/src/Illuminate/Pipeline/Pipeline.php:167
#45 /vendor/laravel/framework/src/Illuminate/Pipeline/Pipeline.php:103
#46 /vendor/laravel/framework/src/Illuminate/Routing/Router.php:687
#47 /vendor/laravel/framework/src/Illuminate/Routing/Router.php:662
#48 /vendor/laravel/framework/src/Illuminate/Routing/Router.php:628
#49 /vendor/laravel/framework/src/Illuminate/Routing/Router.php:617
  
[2022-03-05 10:16:24] local.INFO: Detected N+1 Query  
[2022-03-05 10:16:24] local.INFO: Model: App\Models\User
Relation: App\Models\Country
Num-Called: 10
Call-Stack:
#17 /app/Http/Controllers/CompanyController.php:65
#18 /vendor/laravel/framework/src/Illuminate/Routing/Controller.php:54
#19 /vendor/laravel/framework/src/Illuminate/Routing/ControllerDispatcher.php:45
#20 /vendor/laravel/framework/src/Illuminate/Routing/Route.php:239
#21 /vendor/laravel/framework/src/Illuminate/Routing/Route.php:196
#22 /vendor/laravel/framework/src/Illuminate/Routing/Router.php:685
#23 /vendor/laravel/framework/src/Illuminate/Pipeline/Pipeline.php:128
#24 /app/Http/Middleware/CheckUserIsVerified.php:20
#25 /vendor/laravel/framework/src/Illuminate/Pipeline/Pipeline.php:167
#26 /app/Http/Middleware/XSS.php:24
#27 /vendor/laravel/framework/src/Illuminate/Pipeline/Pipeline.php:167
#28 /vendor/spatie/laravel-permission/src/Middlewares/RoleMiddleware.php:25
#29 /vendor/laravel/framework/src/Illuminate/Pipeline/Pipeline.php:167
#30 /vendor/laravel/framework/src/Illuminate/Routing/Middleware/SubstituteBindings.php:41
#31 /vendor/laravel/framework/src/Illuminate/Pipeline/Pipeline.php:167
#32 /app/Http/Middleware/Authenticate.php:30
#33 /vendor/laravel/framework/src/Illuminate/Pipeline/Pipeline.php:167
#34 /vendor/laravel/framework/src/Illuminate/Foundation/Http/Middleware/VerifyCsrfToken.php:78
#35 /vendor/laravel/framework/src/Illuminate/Pipeline/Pipeline.php:167
#36 /vendor/laravel/framework/src/Illuminate/View/Middleware/ShareErrorsFromSession.php:49
#37 /vendor/laravel/framework/src/Illuminate/Pipeline/Pipeline.php:167
#38 /vendor/laravel/framework/src/Illuminate/Session/Middleware/StartSession.php:116
#39 /vendor/laravel/framework/src/Illuminate/Session/Middleware/StartSession.php:62
#40 /vendor/laravel/framework/src/Illuminate/Pipeline/Pipeline.php:167
#41 /vendor/laravel/framework/src/Illuminate/Cookie/Middleware/AddQueuedCookiesToResponse.php:37
#42 /vendor/laravel/framework/src/Illuminate/Pipeline/Pipeline.php:167
#43 /vendor/laravel/framework/src/Illuminate/Cookie/Middleware/EncryptCookies.php:67
#44 /vendor/laravel/framework/src/Illuminate/Pipeline/Pipeline.php:167
#45 /vendor/laravel/framework/src/Illuminate/Pipeline/Pipeline.php:103
#46 /vendor/laravel/framework/src/Illuminate/Routing/Router.php:687
#47 /vendor/laravel/framework/src/Illuminate/Routing/Router.php:662
#48 /vendor/laravel/framework/src/Illuminate/Routing/Router.php:628
#49 /vendor/laravel/framework/src/Illuminate/Routing/Router.php:617
  
[2022-03-05 10:16:24] local.INFO: Model: App\Models\User
Relation: App\Models\City
Num-Called: 10
Call-Stack:
#17 /app/Http/Controllers/CompanyController.php:65
#18 /vendor/laravel/framework/src/Illuminate/Routing/Controller.php:54
#19 /vendor/laravel/framework/src/Illuminate/Routing/ControllerDispatcher.php:45
#20 /vendor/laravel/framework/src/Illuminate/Routing/Route.php:239
#21 /vendor/laravel/framework/src/Illuminate/Routing/Route.php:196
#22 /vendor/laravel/framework/src/Illuminate/Routing/Router.php:685
#23 /vendor/laravel/framework/src/Illuminate/Pipeline/Pipeline.php:128
#24 /app/Http/Middleware/CheckUserIsVerified.php:20
#25 /vendor/laravel/framework/src/Illuminate/Pipeline/Pipeline.php:167
#26 /app/Http/Middleware/XSS.php:24
#27 /vendor/laravel/framework/src/Illuminate/Pipeline/Pipeline.php:167
#28 /vendor/spatie/laravel-permission/src/Middlewares/RoleMiddleware.php:25
#29 /vendor/laravel/framework/src/Illuminate/Pipeline/Pipeline.php:167
#30 /vendor/laravel/framework/src/Illuminate/Routing/Middleware/SubstituteBindings.php:41
#31 /vendor/laravel/framework/src/Illuminate/Pipeline/Pipeline.php:167
#32 /app/Http/Middleware/Authenticate.php:30
#33 /vendor/laravel/framework/src/Illuminate/Pipeline/Pipeline.php:167
#34 /vendor/laravel/framework/src/Illuminate/Foundation/Http/Middleware/VerifyCsrfToken.php:78
#35 /vendor/laravel/framework/src/Illuminate/Pipeline/Pipeline.php:167
#36 /vendor/laravel/framework/src/Illuminate/View/Middleware/ShareErrorsFromSession.php:49
#37 /vendor/laravel/framework/src/Illuminate/Pipeline/Pipeline.php:167
#38 /vendor/laravel/framework/src/Illuminate/Session/Middleware/StartSession.php:116
#39 /vendor/laravel/framework/src/Illuminate/Session/Middleware/StartSession.php:62
#40 /vendor/laravel/framework/src/Illuminate/Pipeline/Pipeline.php:167
#41 /vendor/laravel/framework/src/Illuminate/Cookie/Middleware/AddQueuedCookiesToResponse.php:37
#42 /vendor/laravel/framework/src/Illuminate/Pipeline/Pipeline.php:167
#43 /vendor/laravel/framework/src/Illuminate/Cookie/Middleware/EncryptCookies.php:67
#44 /vendor/laravel/framework/src/Illuminate/Pipeline/Pipeline.php:167
#45 /vendor/laravel/framework/src/Illuminate/Pipeline/Pipeline.php:103
#46 /vendor/laravel/framework/src/Illuminate/Routing/Router.php:687
#47 /vendor/laravel/framework/src/Illuminate/Routing/Router.php:662
#48 /vendor/laravel/framework/src/Illuminate/Routing/Router.php:628
#49 /vendor/laravel/framework/src/Illuminate/Routing/Router.php:617
  
[2022-03-05 10:16:24] local.INFO: Model: App\Models\User
Relation: App\Models\State
Num-Called: 10
Call-Stack:
#17 /app/Http/Controllers/CompanyController.php:65
#18 /vendor/laravel/framework/src/Illuminate/Routing/Controller.php:54
#19 /vendor/laravel/framework/src/Illuminate/Routing/ControllerDispatcher.php:45
#20 /vendor/laravel/framework/src/Illuminate/Routing/Route.php:239
#21 /vendor/laravel/framework/src/Illuminate/Routing/Route.php:196
#22 /vendor/laravel/framework/src/Illuminate/Routing/Router.php:685
#23 /vendor/laravel/framework/src/Illuminate/Pipeline/Pipeline.php:128
#24 /app/Http/Middleware/CheckUserIsVerified.php:20
#25 /vendor/laravel/framework/src/Illuminate/Pipeline/Pipeline.php:167
#26 /app/Http/Middleware/XSS.php:24
#27 /vendor/laravel/framework/src/Illuminate/Pipeline/Pipeline.php:167
#28 /vendor/spatie/laravel-permission/src/Middlewares/RoleMiddleware.php:25
#29 /vendor/laravel/framework/src/Illuminate/Pipeline/Pipeline.php:167
#30 /vendor/laravel/framework/src/Illuminate/Routing/Middleware/SubstituteBindings.php:41
#31 /vendor/laravel/framework/src/Illuminate/Pipeline/Pipeline.php:167
#32 /app/Http/Middleware/Authenticate.php:30
#33 /vendor/laravel/framework/src/Illuminate/Pipeline/Pipeline.php:167
#34 /vendor/laravel/framework/src/Illuminate/Foundation/Http/Middleware/VerifyCsrfToken.php:78
#35 /vendor/laravel/framework/src/Illuminate/Pipeline/Pipeline.php:167
#36 /vendor/laravel/framework/src/Illuminate/View/Middleware/ShareErrorsFromSession.php:49
#37 /vendor/laravel/framework/src/Illuminate/Pipeline/Pipeline.php:167
#38 /vendor/laravel/framework/src/Illuminate/Session/Middleware/StartSession.php:116
#39 /vendor/laravel/framework/src/Illuminate/Session/Middleware/StartSession.php:62
#40 /vendor/laravel/framework/src/Illuminate/Pipeline/Pipeline.php:167
#41 /vendor/laravel/framework/src/Illuminate/Cookie/Middleware/AddQueuedCookiesToResponse.php:37
#42 /vendor/laravel/framework/src/Illuminate/Pipeline/Pipeline.php:167
#43 /vendor/laravel/framework/src/Illuminate/Cookie/Middleware/EncryptCookies.php:67
#44 /vendor/laravel/framework/src/Illuminate/Pipeline/Pipeline.php:167
#45 /vendor/laravel/framework/src/Illuminate/Pipeline/Pipeline.php:103
#46 /vendor/laravel/framework/src/Illuminate/Routing/Router.php:687
#47 /vendor/laravel/framework/src/Illuminate/Routing/Router.php:662
#48 /vendor/laravel/framework/src/Illuminate/Routing/Router.php:628
#49 /vendor/laravel/framework/src/Illuminate/Routing/Router.php:617
  
[2022-03-05 10:18:20] local.INFO: Detected N+1 Query  
[2022-03-05 10:18:20] local.INFO: Model: App\Models\User
Relation: App\Models\Country
Num-Called: 10
Call-Stack:
#17 /app/Http/Controllers/CompanyController.php:65
#18 /vendor/laravel/framework/src/Illuminate/Routing/Controller.php:54
#19 /vendor/laravel/framework/src/Illuminate/Routing/ControllerDispatcher.php:45
#20 /vendor/laravel/framework/src/Illuminate/Routing/Route.php:239
#21 /vendor/laravel/framework/src/Illuminate/Routing/Route.php:196
#22 /vendor/laravel/framework/src/Illuminate/Routing/Router.php:685
#23 /vendor/laravel/framework/src/Illuminate/Pipeline/Pipeline.php:128
#24 /app/Http/Middleware/CheckUserIsVerified.php:20
#25 /vendor/laravel/framework/src/Illuminate/Pipeline/Pipeline.php:167
#26 /app/Http/Middleware/XSS.php:24
#27 /vendor/laravel/framework/src/Illuminate/Pipeline/Pipeline.php:167
#28 /vendor/spatie/laravel-permission/src/Middlewares/RoleMiddleware.php:25
#29 /vendor/laravel/framework/src/Illuminate/Pipeline/Pipeline.php:167
#30 /vendor/laravel/framework/src/Illuminate/Routing/Middleware/SubstituteBindings.php:41
#31 /vendor/laravel/framework/src/Illuminate/Pipeline/Pipeline.php:167
#32 /app/Http/Middleware/Authenticate.php:30
#33 /vendor/laravel/framework/src/Illuminate/Pipeline/Pipeline.php:167
#34 /vendor/laravel/framework/src/Illuminate/Foundation/Http/Middleware/VerifyCsrfToken.php:78
#35 /vendor/laravel/framework/src/Illuminate/Pipeline/Pipeline.php:167
#36 /vendor/laravel/framework/src/Illuminate/View/Middleware/ShareErrorsFromSession.php:49
#37 /vendor/laravel/framework/src/Illuminate/Pipeline/Pipeline.php:167
#38 /vendor/laravel/framework/src/Illuminate/Session/Middleware/StartSession.php:116
#39 /vendor/laravel/framework/src/Illuminate/Session/Middleware/StartSession.php:62
#40 /vendor/laravel/framework/src/Illuminate/Pipeline/Pipeline.php:167
#41 /vendor/laravel/framework/src/Illuminate/Cookie/Middleware/AddQueuedCookiesToResponse.php:37
#42 /vendor/laravel/framework/src/Illuminate/Pipeline/Pipeline.php:167
#43 /vendor/laravel/framework/src/Illuminate/Cookie/Middleware/EncryptCookies.php:67
#44 /vendor/laravel/framework/src/Illuminate/Pipeline/Pipeline.php:167
#45 /vendor/laravel/framework/src/Illuminate/Pipeline/Pipeline.php:103
#46 /vendor/laravel/framework/src/Illuminate/Routing/Router.php:687
#47 /vendor/laravel/framework/src/Illuminate/Routing/Router.php:662
#48 /vendor/laravel/framework/src/Illuminate/Routing/Router.php:628
#49 /vendor/laravel/framework/src/Illuminate/Routing/Router.php:617
  
[2022-03-05 10:18:20] local.INFO: Model: App\Models\User
Relation: App\Models\City
Num-Called: 10
Call-Stack:
#17 /app/Http/Controllers/CompanyController.php:65
#18 /vendor/laravel/framework/src/Illuminate/Routing/Controller.php:54
#19 /vendor/laravel/framework/src/Illuminate/Routing/ControllerDispatcher.php:45
#20 /vendor/laravel/framework/src/Illuminate/Routing/Route.php:239
#21 /vendor/laravel/framework/src/Illuminate/Routing/Route.php:196
#22 /vendor/laravel/framework/src/Illuminate/Routing/Router.php:685
#23 /vendor/laravel/framework/src/Illuminate/Pipeline/Pipeline.php:128
#24 /app/Http/Middleware/CheckUserIsVerified.php:20
#25 /vendor/laravel/framework/src/Illuminate/Pipeline/Pipeline.php:167
#26 /app/Http/Middleware/XSS.php:24
#27 /vendor/laravel/framework/src/Illuminate/Pipeline/Pipeline.php:167
#28 /vendor/spatie/laravel-permission/src/Middlewares/RoleMiddleware.php:25
#29 /vendor/laravel/framework/src/Illuminate/Pipeline/Pipeline.php:167
#30 /vendor/laravel/framework/src/Illuminate/Routing/Middleware/SubstituteBindings.php:41
#31 /vendor/laravel/framework/src/Illuminate/Pipeline/Pipeline.php:167
#32 /app/Http/Middleware/Authenticate.php:30
#33 /vendor/laravel/framework/src/Illuminate/Pipeline/Pipeline.php:167
#34 /vendor/laravel/framework/src/Illuminate/Foundation/Http/Middleware/VerifyCsrfToken.php:78
#35 /vendor/laravel/framework/src/Illuminate/Pipeline/Pipeline.php:167
#36 /vendor/laravel/framework/src/Illuminate/View/Middleware/ShareErrorsFromSession.php:49
#37 /vendor/laravel/framework/src/Illuminate/Pipeline/Pipeline.php:167
#38 /vendor/laravel/framework/src/Illuminate/Session/Middleware/StartSession.php:116
#39 /vendor/laravel/framework/src/Illuminate/Session/Middleware/StartSession.php:62
#40 /vendor/laravel/framework/src/Illuminate/Pipeline/Pipeline.php:167
#41 /vendor/laravel/framework/src/Illuminate/Cookie/Middleware/AddQueuedCookiesToResponse.php:37
#42 /vendor/laravel/framework/src/Illuminate/Pipeline/Pipeline.php:167
#43 /vendor/laravel/framework/src/Illuminate/Cookie/Middleware/EncryptCookies.php:67
#44 /vendor/laravel/framework/src/Illuminate/Pipeline/Pipeline.php:167
#45 /vendor/laravel/framework/src/Illuminate/Pipeline/Pipeline.php:103
#46 /vendor/laravel/framework/src/Illuminate/Routing/Router.php:687
#47 /vendor/laravel/framework/src/Illuminate/Routing/Router.php:662
#48 /vendor/laravel/framework/src/Illuminate/Routing/Router.php:628
#49 /vendor/laravel/framework/src/Illuminate/Routing/Router.php:617
  
[2022-03-05 10:18:20] local.INFO: Model: App\Models\User
Relation: App\Models\State
Num-Called: 10
Call-Stack:
#17 /app/Http/Controllers/CompanyController.php:65
#18 /vendor/laravel/framework/src/Illuminate/Routing/Controller.php:54
#19 /vendor/laravel/framework/src/Illuminate/Routing/ControllerDispatcher.php:45
#20 /vendor/laravel/framework/src/Illuminate/Routing/Route.php:239
#21 /vendor/laravel/framework/src/Illuminate/Routing/Route.php:196
#22 /vendor/laravel/framework/src/Illuminate/Routing/Router.php:685
#23 /vendor/laravel/framework/src/Illuminate/Pipeline/Pipeline.php:128
#24 /app/Http/Middleware/CheckUserIsVerified.php:20
#25 /vendor/laravel/framework/src/Illuminate/Pipeline/Pipeline.php:167
#26 /app/Http/Middleware/XSS.php:24
#27 /vendor/laravel/framework/src/Illuminate/Pipeline/Pipeline.php:167
#28 /vendor/spatie/laravel-permission/src/Middlewares/RoleMiddleware.php:25
#29 /vendor/laravel/framework/src/Illuminate/Pipeline/Pipeline.php:167
#30 /vendor/laravel/framework/src/Illuminate/Routing/Middleware/SubstituteBindings.php:41
#31 /vendor/laravel/framework/src/Illuminate/Pipeline/Pipeline.php:167
#32 /app/Http/Middleware/Authenticate.php:30
#33 /vendor/laravel/framework/src/Illuminate/Pipeline/Pipeline.php:167
#34 /vendor/laravel/framework/src/Illuminate/Foundation/Http/Middleware/VerifyCsrfToken.php:78
#35 /vendor/laravel/framework/src/Illuminate/Pipeline/Pipeline.php:167
#36 /vendor/laravel/framework/src/Illuminate/View/Middleware/ShareErrorsFromSession.php:49
#37 /vendor/laravel/framework/src/Illuminate/Pipeline/Pipeline.php:167
#38 /vendor/laravel/framework/src/Illuminate/Session/Middleware/StartSession.php:116
#39 /vendor/laravel/framework/src/Illuminate/Session/Middleware/StartSession.php:62
#40 /vendor/laravel/framework/src/Illuminate/Pipeline/Pipeline.php:167
#41 /vendor/laravel/framework/src/Illuminate/Cookie/Middleware/AddQueuedCookiesToResponse.php:37
#42 /vendor/laravel/framework/src/Illuminate/Pipeline/Pipeline.php:167
#43 /vendor/laravel/framework/src/Illuminate/Cookie/Middleware/EncryptCookies.php:67
#44 /vendor/laravel/framework/src/Illuminate/Pipeline/Pipeline.php:167
#45 /vendor/laravel/framework/src/Illuminate/Pipeline/Pipeline.php:103
#46 /vendor/laravel/framework/src/Illuminate/Routing/Router.php:687
#47 /vendor/laravel/framework/src/Illuminate/Routing/Router.php:662
#48 /vendor/laravel/framework/src/Illuminate/Routing/Router.php:628
#49 /vendor/laravel/framework/src/Illuminate/Routing/Router.php:617
  
[2022-03-05 10:20:21] local.INFO: Detected N+1 Query  
[2022-03-05 10:20:21] local.INFO: Model: App\Models\User
Relation: App\Models\Country
Num-Called: 10
Call-Stack:
#17 /app/Http/Controllers/CompanyController.php:65
#18 /vendor/laravel/framework/src/Illuminate/Routing/Controller.php:54
#19 /vendor/laravel/framework/src/Illuminate/Routing/ControllerDispatcher.php:45
#20 /vendor/laravel/framework/src/Illuminate/Routing/Route.php:239
#21 /vendor/laravel/framework/src/Illuminate/Routing/Route.php:196
#22 /vendor/laravel/framework/src/Illuminate/Routing/Router.php:685
#23 /vendor/laravel/framework/src/Illuminate/Pipeline/Pipeline.php:128
#24 /app/Http/Middleware/CheckUserIsVerified.php:20
#25 /vendor/laravel/framework/src/Illuminate/Pipeline/Pipeline.php:167
#26 /app/Http/Middleware/XSS.php:24
#27 /vendor/laravel/framework/src/Illuminate/Pipeline/Pipeline.php:167
#28 /vendor/spatie/laravel-permission/src/Middlewares/RoleMiddleware.php:25
#29 /vendor/laravel/framework/src/Illuminate/Pipeline/Pipeline.php:167
#30 /vendor/laravel/framework/src/Illuminate/Routing/Middleware/SubstituteBindings.php:41
#31 /vendor/laravel/framework/src/Illuminate/Pipeline/Pipeline.php:167
#32 /app/Http/Middleware/Authenticate.php:30
#33 /vendor/laravel/framework/src/Illuminate/Pipeline/Pipeline.php:167
#34 /vendor/laravel/framework/src/Illuminate/Foundation/Http/Middleware/VerifyCsrfToken.php:78
#35 /vendor/laravel/framework/src/Illuminate/Pipeline/Pipeline.php:167
#36 /vendor/laravel/framework/src/Illuminate/View/Middleware/ShareErrorsFromSession.php:49
#37 /vendor/laravel/framework/src/Illuminate/Pipeline/Pipeline.php:167
#38 /vendor/laravel/framework/src/Illuminate/Session/Middleware/StartSession.php:116
#39 /vendor/laravel/framework/src/Illuminate/Session/Middleware/StartSession.php:62
#40 /vendor/laravel/framework/src/Illuminate/Pipeline/Pipeline.php:167
#41 /vendor/laravel/framework/src/Illuminate/Cookie/Middleware/AddQueuedCookiesToResponse.php:37
#42 /vendor/laravel/framework/src/Illuminate/Pipeline/Pipeline.php:167
#43 /vendor/laravel/framework/src/Illuminate/Cookie/Middleware/EncryptCookies.php:67
#44 /vendor/laravel/framework/src/Illuminate/Pipeline/Pipeline.php:167
#45 /vendor/laravel/framework/src/Illuminate/Pipeline/Pipeline.php:103
#46 /vendor/laravel/framework/src/Illuminate/Routing/Router.php:687
#47 /vendor/laravel/framework/src/Illuminate/Routing/Router.php:662
#48 /vendor/laravel/framework/src/Illuminate/Routing/Router.php:628
#49 /vendor/laravel/framework/src/Illuminate/Routing/Router.php:617
  
[2022-03-05 10:20:21] local.INFO: Model: App\Models\User
Relation: App\Models\City
Num-Called: 10
Call-Stack:
#17 /app/Http/Controllers/CompanyController.php:65
#18 /vendor/laravel/framework/src/Illuminate/Routing/Controller.php:54
#19 /vendor/laravel/framework/src/Illuminate/Routing/ControllerDispatcher.php:45
#20 /vendor/laravel/framework/src/Illuminate/Routing/Route.php:239
#21 /vendor/laravel/framework/src/Illuminate/Routing/Route.php:196
#22 /vendor/laravel/framework/src/Illuminate/Routing/Router.php:685
#23 /vendor/laravel/framework/src/Illuminate/Pipeline/Pipeline.php:128
#24 /app/Http/Middleware/CheckUserIsVerified.php:20
#25 /vendor/laravel/framework/src/Illuminate/Pipeline/Pipeline.php:167
#26 /app/Http/Middleware/XSS.php:24
#27 /vendor/laravel/framework/src/Illuminate/Pipeline/Pipeline.php:167
#28 /vendor/spatie/laravel-permission/src/Middlewares/RoleMiddleware.php:25
#29 /vendor/laravel/framework/src/Illuminate/Pipeline/Pipeline.php:167
#30 /vendor/laravel/framework/src/Illuminate/Routing/Middleware/SubstituteBindings.php:41
#31 /vendor/laravel/framework/src/Illuminate/Pipeline/Pipeline.php:167
#32 /app/Http/Middleware/Authenticate.php:30
#33 /vendor/laravel/framework/src/Illuminate/Pipeline/Pipeline.php:167
#34 /vendor/laravel/framework/src/Illuminate/Foundation/Http/Middleware/VerifyCsrfToken.php:78
#35 /vendor/laravel/framework/src/Illuminate/Pipeline/Pipeline.php:167
#36 /vendor/laravel/framework/src/Illuminate/View/Middleware/ShareErrorsFromSession.php:49
#37 /vendor/laravel/framework/src/Illuminate/Pipeline/Pipeline.php:167
#38 /vendor/laravel/framework/src/Illuminate/Session/Middleware/StartSession.php:116
#39 /vendor/laravel/framework/src/Illuminate/Session/Middleware/StartSession.php:62
#40 /vendor/laravel/framework/src/Illuminate/Pipeline/Pipeline.php:167
#41 /vendor/laravel/framework/src/Illuminate/Cookie/Middleware/AddQueuedCookiesToResponse.php:37
#42 /vendor/laravel/framework/src/Illuminate/Pipeline/Pipeline.php:167
#43 /vendor/laravel/framework/src/Illuminate/Cookie/Middleware/EncryptCookies.php:67
#44 /vendor/laravel/framework/src/Illuminate/Pipeline/Pipeline.php:167
#45 /vendor/laravel/framework/src/Illuminate/Pipeline/Pipeline.php:103
#46 /vendor/laravel/framework/src/Illuminate/Routing/Router.php:687
#47 /vendor/laravel/framework/src/Illuminate/Routing/Router.php:662
#48 /vendor/laravel/framework/src/Illuminate/Routing/Router.php:628
#49 /vendor/laravel/framework/src/Illuminate/Routing/Router.php:617
  
[2022-03-05 10:20:21] local.INFO: Model: App\Models\User
Relation: App\Models\State
Num-Called: 10
Call-Stack:
#17 /app/Http/Controllers/CompanyController.php:65
#18 /vendor/laravel/framework/src/Illuminate/Routing/Controller.php:54
#19 /vendor/laravel/framework/src/Illuminate/Routing/ControllerDispatcher.php:45
#20 /vendor/laravel/framework/src/Illuminate/Routing/Route.php:239
#21 /vendor/laravel/framework/src/Illuminate/Routing/Route.php:196
#22 /vendor/laravel/framework/src/Illuminate/Routing/Router.php:685
#23 /vendor/laravel/framework/src/Illuminate/Pipeline/Pipeline.php:128
#24 /app/Http/Middleware/CheckUserIsVerified.php:20
#25 /vendor/laravel/framework/src/Illuminate/Pipeline/Pipeline.php:167
#26 /app/Http/Middleware/XSS.php:24
#27 /vendor/laravel/framework/src/Illuminate/Pipeline/Pipeline.php:167
#28 /vendor/spatie/laravel-permission/src/Middlewares/RoleMiddleware.php:25
#29 /vendor/laravel/framework/src/Illuminate/Pipeline/Pipeline.php:167
#30 /vendor/laravel/framework/src/Illuminate/Routing/Middleware/SubstituteBindings.php:41
#31 /vendor/laravel/framework/src/Illuminate/Pipeline/Pipeline.php:167
#32 /app/Http/Middleware/Authenticate.php:30
#33 /vendor/laravel/framework/src/Illuminate/Pipeline/Pipeline.php:167
#34 /vendor/laravel/framework/src/Illuminate/Foundation/Http/Middleware/VerifyCsrfToken.php:78
#35 /vendor/laravel/framework/src/Illuminate/Pipeline/Pipeline.php:167
#36 /vendor/laravel/framework/src/Illuminate/View/Middleware/ShareErrorsFromSession.php:49
#37 /vendor/laravel/framework/src/Illuminate/Pipeline/Pipeline.php:167
#38 /vendor/laravel/framework/src/Illuminate/Session/Middleware/StartSession.php:116
#39 /vendor/laravel/framework/src/Illuminate/Session/Middleware/StartSession.php:62
#40 /vendor/laravel/framework/src/Illuminate/Pipeline/Pipeline.php:167
#41 /vendor/laravel/framework/src/Illuminate/Cookie/Middleware/AddQueuedCookiesToResponse.php:37
#42 /vendor/laravel/framework/src/Illuminate/Pipeline/Pipeline.php:167
#43 /vendor/laravel/framework/src/Illuminate/Cookie/Middleware/EncryptCookies.php:67
#44 /vendor/laravel/framework/src/Illuminate/Pipeline/Pipeline.php:167
#45 /vendor/laravel/framework/src/Illuminate/Pipeline/Pipeline.php:103
#46 /vendor/laravel/framework/src/Illuminate/Routing/Router.php:687
#47 /vendor/laravel/framework/src/Illuminate/Routing/Router.php:662
#48 /vendor/laravel/framework/src/Illuminate/Routing/Router.php:628
#49 /vendor/laravel/framework/src/Illuminate/Routing/Router.php:617
  
[2022-03-05 10:20:50] local.INFO: Detected N+1 Query  
[2022-03-05 10:20:50] local.INFO: Model: App\Models\User
Relation: App\Models\Country
Num-Called: 10
Call-Stack:
#17 /app/Http/Controllers/CompanyController.php:65
#18 /vendor/laravel/framework/src/Illuminate/Routing/Controller.php:54
#19 /vendor/laravel/framework/src/Illuminate/Routing/ControllerDispatcher.php:45
#20 /vendor/laravel/framework/src/Illuminate/Routing/Route.php:239
#21 /vendor/laravel/framework/src/Illuminate/Routing/Route.php:196
#22 /vendor/laravel/framework/src/Illuminate/Routing/Router.php:685
#23 /vendor/laravel/framework/src/Illuminate/Pipeline/Pipeline.php:128
#24 /app/Http/Middleware/CheckUserIsVerified.php:20
#25 /vendor/laravel/framework/src/Illuminate/Pipeline/Pipeline.php:167
#26 /app/Http/Middleware/XSS.php:24
#27 /vendor/laravel/framework/src/Illuminate/Pipeline/Pipeline.php:167
#28 /vendor/spatie/laravel-permission/src/Middlewares/RoleMiddleware.php:25
#29 /vendor/laravel/framework/src/Illuminate/Pipeline/Pipeline.php:167
#30 /vendor/laravel/framework/src/Illuminate/Routing/Middleware/SubstituteBindings.php:41
#31 /vendor/laravel/framework/src/Illuminate/Pipeline/Pipeline.php:167
#32 /app/Http/Middleware/Authenticate.php:30
#33 /vendor/laravel/framework/src/Illuminate/Pipeline/Pipeline.php:167
#34 /vendor/laravel/framework/src/Illuminate/Foundation/Http/Middleware/VerifyCsrfToken.php:78
#35 /vendor/laravel/framework/src/Illuminate/Pipeline/Pipeline.php:167
#36 /vendor/laravel/framework/src/Illuminate/View/Middleware/ShareErrorsFromSession.php:49
#37 /vendor/laravel/framework/src/Illuminate/Pipeline/Pipeline.php:167
#38 /vendor/laravel/framework/src/Illuminate/Session/Middleware/StartSession.php:116
#39 /vendor/laravel/framework/src/Illuminate/Session/Middleware/StartSession.php:62
#40 /vendor/laravel/framework/src/Illuminate/Pipeline/Pipeline.php:167
#41 /vendor/laravel/framework/src/Illuminate/Cookie/Middleware/AddQueuedCookiesToResponse.php:37
#42 /vendor/laravel/framework/src/Illuminate/Pipeline/Pipeline.php:167
#43 /vendor/laravel/framework/src/Illuminate/Cookie/Middleware/EncryptCookies.php:67
#44 /vendor/laravel/framework/src/Illuminate/Pipeline/Pipeline.php:167
#45 /vendor/laravel/framework/src/Illuminate/Pipeline/Pipeline.php:103
#46 /vendor/laravel/framework/src/Illuminate/Routing/Router.php:687
#47 /vendor/laravel/framework/src/Illuminate/Routing/Router.php:662
#48 /vendor/laravel/framework/src/Illuminate/Routing/Router.php:628
#49 /vendor/laravel/framework/src/Illuminate/Routing/Router.php:617
  
[2022-03-05 10:20:50] local.INFO: Model: App\Models\User
Relation: App\Models\City
Num-Called: 10
Call-Stack:
#17 /app/Http/Controllers/CompanyController.php:65
#18 /vendor/laravel/framework/src/Illuminate/Routing/Controller.php:54
#19 /vendor/laravel/framework/src/Illuminate/Routing/ControllerDispatcher.php:45
#20 /vendor/laravel/framework/src/Illuminate/Routing/Route.php:239
#21 /vendor/laravel/framework/src/Illuminate/Routing/Route.php:196
#22 /vendor/laravel/framework/src/Illuminate/Routing/Router.php:685
#23 /vendor/laravel/framework/src/Illuminate/Pipeline/Pipeline.php:128
#24 /app/Http/Middleware/CheckUserIsVerified.php:20
#25 /vendor/laravel/framework/src/Illuminate/Pipeline/Pipeline.php:167
#26 /app/Http/Middleware/XSS.php:24
#27 /vendor/laravel/framework/src/Illuminate/Pipeline/Pipeline.php:167
#28 /vendor/spatie/laravel-permission/src/Middlewares/RoleMiddleware.php:25
#29 /vendor/laravel/framework/src/Illuminate/Pipeline/Pipeline.php:167
#30 /vendor/laravel/framework/src/Illuminate/Routing/Middleware/SubstituteBindings.php:41
#31 /vendor/laravel/framework/src/Illuminate/Pipeline/Pipeline.php:167
#32 /app/Http/Middleware/Authenticate.php:30
#33 /vendor/laravel/framework/src/Illuminate/Pipeline/Pipeline.php:167
#34 /vendor/laravel/framework/src/Illuminate/Foundation/Http/Middleware/VerifyCsrfToken.php:78
#35 /vendor/laravel/framework/src/Illuminate/Pipeline/Pipeline.php:167
#36 /vendor/laravel/framework/src/Illuminate/View/Middleware/ShareErrorsFromSession.php:49
#37 /vendor/laravel/framework/src/Illuminate/Pipeline/Pipeline.php:167
#38 /vendor/laravel/framework/src/Illuminate/Session/Middleware/StartSession.php:116
#39 /vendor/laravel/framework/src/Illuminate/Session/Middleware/StartSession.php:62
#40 /vendor/laravel/framework/src/Illuminate/Pipeline/Pipeline.php:167
#41 /vendor/laravel/framework/src/Illuminate/Cookie/Middleware/AddQueuedCookiesToResponse.php:37
#42 /vendor/laravel/framework/src/Illuminate/Pipeline/Pipeline.php:167
#43 /vendor/laravel/framework/src/Illuminate/Cookie/Middleware/EncryptCookies.php:67
#44 /vendor/laravel/framework/src/Illuminate/Pipeline/Pipeline.php:167
#45 /vendor/laravel/framework/src/Illuminate/Pipeline/Pipeline.php:103
#46 /vendor/laravel/framework/src/Illuminate/Routing/Router.php:687
#47 /vendor/laravel/framework/src/Illuminate/Routing/Router.php:662
#48 /vendor/laravel/framework/src/Illuminate/Routing/Router.php:628
#49 /vendor/laravel/framework/src/Illuminate/Routing/Router.php:617
  
[2022-03-05 10:20:50] local.INFO: Model: App\Models\User
Relation: App\Models\State
Num-Called: 10
Call-Stack:
#17 /app/Http/Controllers/CompanyController.php:65
#18 /vendor/laravel/framework/src/Illuminate/Routing/Controller.php:54
#19 /vendor/laravel/framework/src/Illuminate/Routing/ControllerDispatcher.php:45
#20 /vendor/laravel/framework/src/Illuminate/Routing/Route.php:239
#21 /vendor/laravel/framework/src/Illuminate/Routing/Route.php:196
#22 /vendor/laravel/framework/src/Illuminate/Routing/Router.php:685
#23 /vendor/laravel/framework/src/Illuminate/Pipeline/Pipeline.php:128
#24 /app/Http/Middleware/CheckUserIsVerified.php:20
#25 /vendor/laravel/framework/src/Illuminate/Pipeline/Pipeline.php:167
#26 /app/Http/Middleware/XSS.php:24
#27 /vendor/laravel/framework/src/Illuminate/Pipeline/Pipeline.php:167
#28 /vendor/spatie/laravel-permission/src/Middlewares/RoleMiddleware.php:25
#29 /vendor/laravel/framework/src/Illuminate/Pipeline/Pipeline.php:167
#30 /vendor/laravel/framework/src/Illuminate/Routing/Middleware/SubstituteBindings.php:41
#31 /vendor/laravel/framework/src/Illuminate/Pipeline/Pipeline.php:167
#32 /app/Http/Middleware/Authenticate.php:30
#33 /vendor/laravel/framework/src/Illuminate/Pipeline/Pipeline.php:167
#34 /vendor/laravel/framework/src/Illuminate/Foundation/Http/Middleware/VerifyCsrfToken.php:78
#35 /vendor/laravel/framework/src/Illuminate/Pipeline/Pipeline.php:167
#36 /vendor/laravel/framework/src/Illuminate/View/Middleware/ShareErrorsFromSession.php:49
#37 /vendor/laravel/framework/src/Illuminate/Pipeline/Pipeline.php:167
#38 /vendor/laravel/framework/src/Illuminate/Session/Middleware/StartSession.php:116
#39 /vendor/laravel/framework/src/Illuminate/Session/Middleware/StartSession.php:62
#40 /vendor/laravel/framework/src/Illuminate/Pipeline/Pipeline.php:167
#41 /vendor/laravel/framework/src/Illuminate/Cookie/Middleware/AddQueuedCookiesToResponse.php:37
#42 /vendor/laravel/framework/src/Illuminate/Pipeline/Pipeline.php:167
#43 /vendor/laravel/framework/src/Illuminate/Cookie/Middleware/EncryptCookies.php:67
#44 /vendor/laravel/framework/src/Illuminate/Pipeline/Pipeline.php:167
#45 /vendor/laravel/framework/src/Illuminate/Pipeline/Pipeline.php:103
#46 /vendor/laravel/framework/src/Illuminate/Routing/Router.php:687
#47 /vendor/laravel/framework/src/Illuminate/Routing/Router.php:662
#48 /vendor/laravel/framework/src/Illuminate/Routing/Router.php:628
#49 /vendor/laravel/framework/src/Illuminate/Routing/Router.php:617
  
[2022-03-05 10:20:55] local.INFO: Detected N+1 Query  
[2022-03-05 10:20:55] local.INFO: Model: App\Models\User
Relation: App\Models\Country
Num-Called: 10
Call-Stack:
#17 /app/Http/Controllers/CompanyController.php:65
#18 /vendor/laravel/framework/src/Illuminate/Routing/Controller.php:54
#19 /vendor/laravel/framework/src/Illuminate/Routing/ControllerDispatcher.php:45
#20 /vendor/laravel/framework/src/Illuminate/Routing/Route.php:239
#21 /vendor/laravel/framework/src/Illuminate/Routing/Route.php:196
#22 /vendor/laravel/framework/src/Illuminate/Routing/Router.php:685
#23 /vendor/laravel/framework/src/Illuminate/Pipeline/Pipeline.php:128
#24 /app/Http/Middleware/CheckUserIsVerified.php:20
#25 /vendor/laravel/framework/src/Illuminate/Pipeline/Pipeline.php:167
#26 /app/Http/Middleware/XSS.php:24
#27 /vendor/laravel/framework/src/Illuminate/Pipeline/Pipeline.php:167
#28 /vendor/spatie/laravel-permission/src/Middlewares/RoleMiddleware.php:25
#29 /vendor/laravel/framework/src/Illuminate/Pipeline/Pipeline.php:167
#30 /vendor/laravel/framework/src/Illuminate/Routing/Middleware/SubstituteBindings.php:41
#31 /vendor/laravel/framework/src/Illuminate/Pipeline/Pipeline.php:167
#32 /app/Http/Middleware/Authenticate.php:30
#33 /vendor/laravel/framework/src/Illuminate/Pipeline/Pipeline.php:167
#34 /vendor/laravel/framework/src/Illuminate/Foundation/Http/Middleware/VerifyCsrfToken.php:78
#35 /vendor/laravel/framework/src/Illuminate/Pipeline/Pipeline.php:167
#36 /vendor/laravel/framework/src/Illuminate/View/Middleware/ShareErrorsFromSession.php:49
#37 /vendor/laravel/framework/src/Illuminate/Pipeline/Pipeline.php:167
#38 /vendor/laravel/framework/src/Illuminate/Session/Middleware/StartSession.php:116
#39 /vendor/laravel/framework/src/Illuminate/Session/Middleware/StartSession.php:62
#40 /vendor/laravel/framework/src/Illuminate/Pipeline/Pipeline.php:167
#41 /vendor/laravel/framework/src/Illuminate/Cookie/Middleware/AddQueuedCookiesToResponse.php:37
#42 /vendor/laravel/framework/src/Illuminate/Pipeline/Pipeline.php:167
#43 /vendor/laravel/framework/src/Illuminate/Cookie/Middleware/EncryptCookies.php:67
#44 /vendor/laravel/framework/src/Illuminate/Pipeline/Pipeline.php:167
#45 /vendor/laravel/framework/src/Illuminate/Pipeline/Pipeline.php:103
#46 /vendor/laravel/framework/src/Illuminate/Routing/Router.php:687
#47 /vendor/laravel/framework/src/Illuminate/Routing/Router.php:662
#48 /vendor/laravel/framework/src/Illuminate/Routing/Router.php:628
#49 /vendor/laravel/framework/src/Illuminate/Routing/Router.php:617
  
[2022-03-05 10:20:55] local.INFO: Model: App\Models\User
Relation: App\Models\City
Num-Called: 10
Call-Stack:
#17 /app/Http/Controllers/CompanyController.php:65
#18 /vendor/laravel/framework/src/Illuminate/Routing/Controller.php:54
#19 /vendor/laravel/framework/src/Illuminate/Routing/ControllerDispatcher.php:45
#20 /vendor/laravel/framework/src/Illuminate/Routing/Route.php:239
#21 /vendor/laravel/framework/src/Illuminate/Routing/Route.php:196
#22 /vendor/laravel/framework/src/Illuminate/Routing/Router.php:685
#23 /vendor/laravel/framework/src/Illuminate/Pipeline/Pipeline.php:128
#24 /app/Http/Middleware/CheckUserIsVerified.php:20
#25 /vendor/laravel/framework/src/Illuminate/Pipeline/Pipeline.php:167
#26 /app/Http/Middleware/XSS.php:24
#27 /vendor/laravel/framework/src/Illuminate/Pipeline/Pipeline.php:167
#28 /vendor/spatie/laravel-permission/src/Middlewares/RoleMiddleware.php:25
#29 /vendor/laravel/framework/src/Illuminate/Pipeline/Pipeline.php:167
#30 /vendor/laravel/framework/src/Illuminate/Routing/Middleware/SubstituteBindings.php:41
#31 /vendor/laravel/framework/src/Illuminate/Pipeline/Pipeline.php:167
#32 /app/Http/Middleware/Authenticate.php:30
#33 /vendor/laravel/framework/src/Illuminate/Pipeline/Pipeline.php:167
#34 /vendor/laravel/framework/src/Illuminate/Foundation/Http/Middleware/VerifyCsrfToken.php:78
#35 /vendor/laravel/framework/src/Illuminate/Pipeline/Pipeline.php:167
#36 /vendor/laravel/framework/src/Illuminate/View/Middleware/ShareErrorsFromSession.php:49
#37 /vendor/laravel/framework/src/Illuminate/Pipeline/Pipeline.php:167
#38 /vendor/laravel/framework/src/Illuminate/Session/Middleware/StartSession.php:116
#39 /vendor/laravel/framework/src/Illuminate/Session/Middleware/StartSession.php:62
#40 /vendor/laravel/framework/src/Illuminate/Pipeline/Pipeline.php:167
#41 /vendor/laravel/framework/src/Illuminate/Cookie/Middleware/AddQueuedCookiesToResponse.php:37
#42 /vendor/laravel/framework/src/Illuminate/Pipeline/Pipeline.php:167
#43 /vendor/laravel/framework/src/Illuminate/Cookie/Middleware/EncryptCookies.php:67
#44 /vendor/laravel/framework/src/Illuminate/Pipeline/Pipeline.php:167
#45 /vendor/laravel/framework/src/Illuminate/Pipeline/Pipeline.php:103
#46 /vendor/laravel/framework/src/Illuminate/Routing/Router.php:687
#47 /vendor/laravel/framework/src/Illuminate/Routing/Router.php:662
#48 /vendor/laravel/framework/src/Illuminate/Routing/Router.php:628
#49 /vendor/laravel/framework/src/Illuminate/Routing/Router.php:617
  
[2022-03-05 10:20:55] local.INFO: Model: App\Models\User
Relation: App\Models\State
Num-Called: 10
Call-Stack:
#17 /app/Http/Controllers/CompanyController.php:65
#18 /vendor/laravel/framework/src/Illuminate/Routing/Controller.php:54
#19 /vendor/laravel/framework/src/Illuminate/Routing/ControllerDispatcher.php:45
#20 /vendor/laravel/framework/src/Illuminate/Routing/Route.php:239
#21 /vendor/laravel/framework/src/Illuminate/Routing/Route.php:196
#22 /vendor/laravel/framework/src/Illuminate/Routing/Router.php:685
#23 /vendor/laravel/framework/src/Illuminate/Pipeline/Pipeline.php:128
#24 /app/Http/Middleware/CheckUserIsVerified.php:20
#25 /vendor/laravel/framework/src/Illuminate/Pipeline/Pipeline.php:167
#26 /app/Http/Middleware/XSS.php:24
#27 /vendor/laravel/framework/src/Illuminate/Pipeline/Pipeline.php:167
#28 /vendor/spatie/laravel-permission/src/Middlewares/RoleMiddleware.php:25
#29 /vendor/laravel/framework/src/Illuminate/Pipeline/Pipeline.php:167
#30 /vendor/laravel/framework/src/Illuminate/Routing/Middleware/SubstituteBindings.php:41
#31 /vendor/laravel/framework/src/Illuminate/Pipeline/Pipeline.php:167
#32 /app/Http/Middleware/Authenticate.php:30
#33 /vendor/laravel/framework/src/Illuminate/Pipeline/Pipeline.php:167
#34 /vendor/laravel/framework/src/Illuminate/Foundation/Http/Middleware/VerifyCsrfToken.php:78
#35 /vendor/laravel/framework/src/Illuminate/Pipeline/Pipeline.php:167
#36 /vendor/laravel/framework/src/Illuminate/View/Middleware/ShareErrorsFromSession.php:49
#37 /vendor/laravel/framework/src/Illuminate/Pipeline/Pipeline.php:167
#38 /vendor/laravel/framework/src/Illuminate/Session/Middleware/StartSession.php:116
#39 /vendor/laravel/framework/src/Illuminate/Session/Middleware/StartSession.php:62
#40 /vendor/laravel/framework/src/Illuminate/Pipeline/Pipeline.php:167
#41 /vendor/laravel/framework/src/Illuminate/Cookie/Middleware/AddQueuedCookiesToResponse.php:37
#42 /vendor/laravel/framework/src/Illuminate/Pipeline/Pipeline.php:167
#43 /vendor/laravel/framework/src/Illuminate/Cookie/Middleware/EncryptCookies.php:67
#44 /vendor/laravel/framework/src/Illuminate/Pipeline/Pipeline.php:167
#45 /vendor/laravel/framework/src/Illuminate/Pipeline/Pipeline.php:103
#46 /vendor/laravel/framework/src/Illuminate/Routing/Router.php:687
#47 /vendor/laravel/framework/src/Illuminate/Routing/Router.php:662
#48 /vendor/laravel/framework/src/Illuminate/Routing/Router.php:628
#49 /vendor/laravel/framework/src/Illuminate/Routing/Router.php:617
  
[2022-03-05 10:21:38] local.INFO: Detected N+1 Query  
[2022-03-05 10:21:38] local.INFO: Model: App\Models\User
Relation: App\Models\Country
Num-Called: 10
Call-Stack:
#17 /app/Http/Controllers/CompanyController.php:65
#18 /vendor/laravel/framework/src/Illuminate/Routing/Controller.php:54
#19 /vendor/laravel/framework/src/Illuminate/Routing/ControllerDispatcher.php:45
#20 /vendor/laravel/framework/src/Illuminate/Routing/Route.php:239
#21 /vendor/laravel/framework/src/Illuminate/Routing/Route.php:196
#22 /vendor/laravel/framework/src/Illuminate/Routing/Router.php:685
#23 /vendor/laravel/framework/src/Illuminate/Pipeline/Pipeline.php:128
#24 /app/Http/Middleware/CheckUserIsVerified.php:20
#25 /vendor/laravel/framework/src/Illuminate/Pipeline/Pipeline.php:167
#26 /app/Http/Middleware/XSS.php:24
#27 /vendor/laravel/framework/src/Illuminate/Pipeline/Pipeline.php:167
#28 /vendor/spatie/laravel-permission/src/Middlewares/RoleMiddleware.php:25
#29 /vendor/laravel/framework/src/Illuminate/Pipeline/Pipeline.php:167
#30 /vendor/laravel/framework/src/Illuminate/Routing/Middleware/SubstituteBindings.php:41
#31 /vendor/laravel/framework/src/Illuminate/Pipeline/Pipeline.php:167
#32 /app/Http/Middleware/Authenticate.php:30
#33 /vendor/laravel/framework/src/Illuminate/Pipeline/Pipeline.php:167
#34 /vendor/laravel/framework/src/Illuminate/Foundation/Http/Middleware/VerifyCsrfToken.php:78
#35 /vendor/laravel/framework/src/Illuminate/Pipeline/Pipeline.php:167
#36 /vendor/laravel/framework/src/Illuminate/View/Middleware/ShareErrorsFromSession.php:49
#37 /vendor/laravel/framework/src/Illuminate/Pipeline/Pipeline.php:167
#38 /vendor/laravel/framework/src/Illuminate/Session/Middleware/StartSession.php:116
#39 /vendor/laravel/framework/src/Illuminate/Session/Middleware/StartSession.php:62
#40 /vendor/laravel/framework/src/Illuminate/Pipeline/Pipeline.php:167
#41 /vendor/laravel/framework/src/Illuminate/Cookie/Middleware/AddQueuedCookiesToResponse.php:37
#42 /vendor/laravel/framework/src/Illuminate/Pipeline/Pipeline.php:167
#43 /vendor/laravel/framework/src/Illuminate/Cookie/Middleware/EncryptCookies.php:67
#44 /vendor/laravel/framework/src/Illuminate/Pipeline/Pipeline.php:167
#45 /vendor/laravel/framework/src/Illuminate/Pipeline/Pipeline.php:103
#46 /vendor/laravel/framework/src/Illuminate/Routing/Router.php:687
#47 /vendor/laravel/framework/src/Illuminate/Routing/Router.php:662
#48 /vendor/laravel/framework/src/Illuminate/Routing/Router.php:628
#49 /vendor/laravel/framework/src/Illuminate/Routing/Router.php:617
  
[2022-03-05 10:21:38] local.INFO: Model: App\Models\User
Relation: App\Models\City
Num-Called: 10
Call-Stack:
#17 /app/Http/Controllers/CompanyController.php:65
#18 /vendor/laravel/framework/src/Illuminate/Routing/Controller.php:54
#19 /vendor/laravel/framework/src/Illuminate/Routing/ControllerDispatcher.php:45
#20 /vendor/laravel/framework/src/Illuminate/Routing/Route.php:239
#21 /vendor/laravel/framework/src/Illuminate/Routing/Route.php:196
#22 /vendor/laravel/framework/src/Illuminate/Routing/Router.php:685
#23 /vendor/laravel/framework/src/Illuminate/Pipeline/Pipeline.php:128
#24 /app/Http/Middleware/CheckUserIsVerified.php:20
#25 /vendor/laravel/framework/src/Illuminate/Pipeline/Pipeline.php:167
#26 /app/Http/Middleware/XSS.php:24
#27 /vendor/laravel/framework/src/Illuminate/Pipeline/Pipeline.php:167
#28 /vendor/spatie/laravel-permission/src/Middlewares/RoleMiddleware.php:25
#29 /vendor/laravel/framework/src/Illuminate/Pipeline/Pipeline.php:167
#30 /vendor/laravel/framework/src/Illuminate/Routing/Middleware/SubstituteBindings.php:41
#31 /vendor/laravel/framework/src/Illuminate/Pipeline/Pipeline.php:167
#32 /app/Http/Middleware/Authenticate.php:30
#33 /vendor/laravel/framework/src/Illuminate/Pipeline/Pipeline.php:167
#34 /vendor/laravel/framework/src/Illuminate/Foundation/Http/Middleware/VerifyCsrfToken.php:78
#35 /vendor/laravel/framework/src/Illuminate/Pipeline/Pipeline.php:167
#36 /vendor/laravel/framework/src/Illuminate/View/Middleware/ShareErrorsFromSession.php:49
#37 /vendor/laravel/framework/src/Illuminate/Pipeline/Pipeline.php:167
#38 /vendor/laravel/framework/src/Illuminate/Session/Middleware/StartSession.php:116
#39 /vendor/laravel/framework/src/Illuminate/Session/Middleware/StartSession.php:62
#40 /vendor/laravel/framework/src/Illuminate/Pipeline/Pipeline.php:167
#41 /vendor/laravel/framework/src/Illuminate/Cookie/Middleware/AddQueuedCookiesToResponse.php:37
#42 /vendor/laravel/framework/src/Illuminate/Pipeline/Pipeline.php:167
#43 /vendor/laravel/framework/src/Illuminate/Cookie/Middleware/EncryptCookies.php:67
#44 /vendor/laravel/framework/src/Illuminate/Pipeline/Pipeline.php:167
#45 /vendor/laravel/framework/src/Illuminate/Pipeline/Pipeline.php:103
#46 /vendor/laravel/framework/src/Illuminate/Routing/Router.php:687
#47 /vendor/laravel/framework/src/Illuminate/Routing/Router.php:662
#48 /vendor/laravel/framework/src/Illuminate/Routing/Router.php:628
#49 /vendor/laravel/framework/src/Illuminate/Routing/Router.php:617
  
[2022-03-05 10:21:38] local.INFO: Model: App\Models\User
Relation: App\Models\State
Num-Called: 10
Call-Stack:
#17 /app/Http/Controllers/CompanyController.php:65
#18 /vendor/laravel/framework/src/Illuminate/Routing/Controller.php:54
#19 /vendor/laravel/framework/src/Illuminate/Routing/ControllerDispatcher.php:45
#20 /vendor/laravel/framework/src/Illuminate/Routing/Route.php:239
#21 /vendor/laravel/framework/src/Illuminate/Routing/Route.php:196
#22 /vendor/laravel/framework/src/Illuminate/Routing/Router.php:685
#23 /vendor/laravel/framework/src/Illuminate/Pipeline/Pipeline.php:128
#24 /app/Http/Middleware/CheckUserIsVerified.php:20
#25 /vendor/laravel/framework/src/Illuminate/Pipeline/Pipeline.php:167
#26 /app/Http/Middleware/XSS.php:24
#27 /vendor/laravel/framework/src/Illuminate/Pipeline/Pipeline.php:167
#28 /vendor/spatie/laravel-permission/src/Middlewares/RoleMiddleware.php:25
#29 /vendor/laravel/framework/src/Illuminate/Pipeline/Pipeline.php:167
#30 /vendor/laravel/framework/src/Illuminate/Routing/Middleware/SubstituteBindings.php:41
#31 /vendor/laravel/framework/src/Illuminate/Pipeline/Pipeline.php:167
#32 /app/Http/Middleware/Authenticate.php:30
#33 /vendor/laravel/framework/src/Illuminate/Pipeline/Pipeline.php:167
#34 /vendor/laravel/framework/src/Illuminate/Foundation/Http/Middleware/VerifyCsrfToken.php:78
#35 /vendor/laravel/framework/src/Illuminate/Pipeline/Pipeline.php:167
#36 /vendor/laravel/framework/src/Illuminate/View/Middleware/ShareErrorsFromSession.php:49
#37 /vendor/laravel/framework/src/Illuminate/Pipeline/Pipeline.php:167
#38 /vendor/laravel/framework/src/Illuminate/Session/Middleware/StartSession.php:116
#39 /vendor/laravel/framework/src/Illuminate/Session/Middleware/StartSession.php:62
#40 /vendor/laravel/framework/src/Illuminate/Pipeline/Pipeline.php:167
#41 /vendor/laravel/framework/src/Illuminate/Cookie/Middleware/AddQueuedCookiesToResponse.php:37
#42 /vendor/laravel/framework/src/Illuminate/Pipeline/Pipeline.php:167
#43 /vendor/laravel/framework/src/Illuminate/Cookie/Middleware/EncryptCookies.php:67
#44 /vendor/laravel/framework/src/Illuminate/Pipeline/Pipeline.php:167
#45 /vendor/laravel/framework/src/Illuminate/Pipeline/Pipeline.php:103
#46 /vendor/laravel/framework/src/Illuminate/Routing/Router.php:687
#47 /vendor/laravel/framework/src/Illuminate/Routing/Router.php:662
#48 /vendor/laravel/framework/src/Illuminate/Routing/Router.php:628
#49 /vendor/laravel/framework/src/Illuminate/Routing/Router.php:617
  
