[2022-02-17 05:47:57] local.INFO: Detected N+1 Query  
[2022-02-17 05:47:57] local.INFO: Model: App\Models\User
Relation: Spatie\MediaLibrary\Models\Media
Num-Called: 2
Call-Stack:
#20 /vendor/laravel/framework/src/Illuminate/Support/Traits/ForwardsCalls.php:23
#23 /app/Http/Controllers/Web/RegisterController.php:52
#24 /app/Http/Controllers/Web/RegisterController.php:218
#25 /vendor/laravel/framework/src/Illuminate/Routing/Controller.php:54
#26 /vendor/laravel/framework/src/Illuminate/Routing/ControllerDispatcher.php:45
#27 /vendor/laravel/framework/src/Illuminate/Routing/Route.php:239
#28 /vendor/laravel/framework/src/Illuminate/Routing/Route.php:196
#29 /vendor/laravel/framework/src/Illuminate/Routing/Router.php:685
#30 /vendor/laravel/framework/src/Illuminate/Pipeline/Pipeline.php:128
#31 /app/Http/Middleware/SetLanguage.php:30
#32 /vendor/laravel/framework/src/Illuminate/Pipeline/Pipeline.php:167
#33 /app/Http/Middleware/XSS.php:24
#34 /vendor/laravel/framework/src/Illuminate/Pipeline/Pipeline.php:167
#35 /vendor/laravel/framework/src/Illuminate/Routing/Middleware/SubstituteBindings.php:41
#36 /vendor/laravel/framework/src/Illuminate/Pipeline/Pipeline.php:167
#37 /vendor/laravel/framework/src/Illuminate/Foundation/Http/Middleware/VerifyCsrfToken.php:78
#38 /vendor/laravel/framework/src/Illuminate/Pipeline/Pipeline.php:167
#39 /vendor/laravel/framework/src/Illuminate/View/Middleware/ShareErrorsFromSession.php:49
#40 /vendor/laravel/framework/src/Illuminate/Pipeline/Pipeline.php:167
#41 /vendor/laravel/framework/src/Illuminate/Session/Middleware/StartSession.php:116
#42 /vendor/laravel/framework/src/Illuminate/Session/Middleware/StartSession.php:62
#43 /vendor/laravel/framework/src/Illuminate/Pipeline/Pipeline.php:167
#44 /vendor/laravel/framework/src/Illuminate/Cookie/Middleware/AddQueuedCookiesToResponse.php:37
#45 /vendor/laravel/framework/src/Illuminate/Pipeline/Pipeline.php:167
#46 /vendor/laravel/framework/src/Illuminate/Cookie/Middleware/EncryptCookies.php:67
#47 /vendor/laravel/framework/src/Illuminate/Pipeline/Pipeline.php:167
#48 /vendor/laravel/framework/src/Illuminate/Pipeline/Pipeline.php:103
#49 /vendor/laravel/framework/src/Illuminate/Routing/Router.php:687
  
[2022-02-17 05:47:57] local.INFO: Model: App\Models\User
Relation: App\Models\Country
Num-Called: 2
Call-Stack:
#20 /vendor/laravel/framework/src/Illuminate/Support/Traits/ForwardsCalls.php:23
#23 /app/Http/Controllers/Web/RegisterController.php:52
#24 /app/Http/Controllers/Web/RegisterController.php:218
#25 /vendor/laravel/framework/src/Illuminate/Routing/Controller.php:54
#26 /vendor/laravel/framework/src/Illuminate/Routing/ControllerDispatcher.php:45
#27 /vendor/laravel/framework/src/Illuminate/Routing/Route.php:239
#28 /vendor/laravel/framework/src/Illuminate/Routing/Route.php:196
#29 /vendor/laravel/framework/src/Illuminate/Routing/Router.php:685
#30 /vendor/laravel/framework/src/Illuminate/Pipeline/Pipeline.php:128
#31 /app/Http/Middleware/SetLanguage.php:30
#32 /vendor/laravel/framework/src/Illuminate/Pipeline/Pipeline.php:167
#33 /app/Http/Middleware/XSS.php:24
#34 /vendor/laravel/framework/src/Illuminate/Pipeline/Pipeline.php:167
#35 /vendor/laravel/framework/src/Illuminate/Routing/Middleware/SubstituteBindings.php:41
#36 /vendor/laravel/framework/src/Illuminate/Pipeline/Pipeline.php:167
#37 /vendor/laravel/framework/src/Illuminate/Foundation/Http/Middleware/VerifyCsrfToken.php:78
#38 /vendor/laravel/framework/src/Illuminate/Pipeline/Pipeline.php:167
#39 /vendor/laravel/framework/src/Illuminate/View/Middleware/ShareErrorsFromSession.php:49
#40 /vendor/laravel/framework/src/Illuminate/Pipeline/Pipeline.php:167
#41 /vendor/laravel/framework/src/Illuminate/Session/Middleware/StartSession.php:116
#42 /vendor/laravel/framework/src/Illuminate/Session/Middleware/StartSession.php:62
#43 /vendor/laravel/framework/src/Illuminate/Pipeline/Pipeline.php:167
#44 /vendor/laravel/framework/src/Illuminate/Cookie/Middleware/AddQueuedCookiesToResponse.php:37
#45 /vendor/laravel/framework/src/Illuminate/Pipeline/Pipeline.php:167
#46 /vendor/laravel/framework/src/Illuminate/Cookie/Middleware/EncryptCookies.php:67
#47 /vendor/laravel/framework/src/Illuminate/Pipeline/Pipeline.php:167
#48 /vendor/laravel/framework/src/Illuminate/Pipeline/Pipeline.php:103
#49 /vendor/laravel/framework/src/Illuminate/Routing/Router.php:687
  
[2022-02-17 05:47:57] local.INFO: Model: App\Models\User
Relation: App\Models\City
Num-Called: 2
Call-Stack:
#20 /vendor/laravel/framework/src/Illuminate/Support/Traits/ForwardsCalls.php:23
#23 /app/Http/Controllers/Web/RegisterController.php:52
#24 /app/Http/Controllers/Web/RegisterController.php:218
#25 /vendor/laravel/framework/src/Illuminate/Routing/Controller.php:54
#26 /vendor/laravel/framework/src/Illuminate/Routing/ControllerDispatcher.php:45
#27 /vendor/laravel/framework/src/Illuminate/Routing/Route.php:239
#28 /vendor/laravel/framework/src/Illuminate/Routing/Route.php:196
#29 /vendor/laravel/framework/src/Illuminate/Routing/Router.php:685
#30 /vendor/laravel/framework/src/Illuminate/Pipeline/Pipeline.php:128
#31 /app/Http/Middleware/SetLanguage.php:30
#32 /vendor/laravel/framework/src/Illuminate/Pipeline/Pipeline.php:167
#33 /app/Http/Middleware/XSS.php:24
#34 /vendor/laravel/framework/src/Illuminate/Pipeline/Pipeline.php:167
#35 /vendor/laravel/framework/src/Illuminate/Routing/Middleware/SubstituteBindings.php:41
#36 /vendor/laravel/framework/src/Illuminate/Pipeline/Pipeline.php:167
#37 /vendor/laravel/framework/src/Illuminate/Foundation/Http/Middleware/VerifyCsrfToken.php:78
#38 /vendor/laravel/framework/src/Illuminate/Pipeline/Pipeline.php:167
#39 /vendor/laravel/framework/src/Illuminate/View/Middleware/ShareErrorsFromSession.php:49
#40 /vendor/laravel/framework/src/Illuminate/Pipeline/Pipeline.php:167
#41 /vendor/laravel/framework/src/Illuminate/Session/Middleware/StartSession.php:116
#42 /vendor/laravel/framework/src/Illuminate/Session/Middleware/StartSession.php:62
#43 /vendor/laravel/framework/src/Illuminate/Pipeline/Pipeline.php:167
#44 /vendor/laravel/framework/src/Illuminate/Cookie/Middleware/AddQueuedCookiesToResponse.php:37
#45 /vendor/laravel/framework/src/Illuminate/Pipeline/Pipeline.php:167
#46 /vendor/laravel/framework/src/Illuminate/Cookie/Middleware/EncryptCookies.php:67
#47 /vendor/laravel/framework/src/Illuminate/Pipeline/Pipeline.php:167
#48 /vendor/laravel/framework/src/Illuminate/Pipeline/Pipeline.php:103
#49 /vendor/laravel/framework/src/Illuminate/Routing/Router.php:687
  
[2022-02-17 05:47:57] local.INFO: Model: App\Models\User
Relation: App\Models\State
Num-Called: 2
Call-Stack:
#20 /vendor/laravel/framework/src/Illuminate/Support/Traits/ForwardsCalls.php:23
#23 /app/Http/Controllers/Web/RegisterController.php:52
#24 /app/Http/Controllers/Web/RegisterController.php:218
#25 /vendor/laravel/framework/src/Illuminate/Routing/Controller.php:54
#26 /vendor/laravel/framework/src/Illuminate/Routing/ControllerDispatcher.php:45
#27 /vendor/laravel/framework/src/Illuminate/Routing/Route.php:239
#28 /vendor/laravel/framework/src/Illuminate/Routing/Route.php:196
#29 /vendor/laravel/framework/src/Illuminate/Routing/Router.php:685
#30 /vendor/laravel/framework/src/Illuminate/Pipeline/Pipeline.php:128
#31 /app/Http/Middleware/SetLanguage.php:30
#32 /vendor/laravel/framework/src/Illuminate/Pipeline/Pipeline.php:167
#33 /app/Http/Middleware/XSS.php:24
#34 /vendor/laravel/framework/src/Illuminate/Pipeline/Pipeline.php:167
#35 /vendor/laravel/framework/src/Illuminate/Routing/Middleware/SubstituteBindings.php:41
#36 /vendor/laravel/framework/src/Illuminate/Pipeline/Pipeline.php:167
#37 /vendor/laravel/framework/src/Illuminate/Foundation/Http/Middleware/VerifyCsrfToken.php:78
#38 /vendor/laravel/framework/src/Illuminate/Pipeline/Pipeline.php:167
#39 /vendor/laravel/framework/src/Illuminate/View/Middleware/ShareErrorsFromSession.php:49
#40 /vendor/laravel/framework/src/Illuminate/Pipeline/Pipeline.php:167
#41 /vendor/laravel/framework/src/Illuminate/Session/Middleware/StartSession.php:116
#42 /vendor/laravel/framework/src/Illuminate/Session/Middleware/StartSession.php:62
#43 /vendor/laravel/framework/src/Illuminate/Pipeline/Pipeline.php:167
#44 /vendor/laravel/framework/src/Illuminate/Cookie/Middleware/AddQueuedCookiesToResponse.php:37
#45 /vendor/laravel/framework/src/Illuminate/Pipeline/Pipeline.php:167
#46 /vendor/laravel/framework/src/Illuminate/Cookie/Middleware/EncryptCookies.php:67
#47 /vendor/laravel/framework/src/Illuminate/Pipeline/Pipeline.php:167
#48 /vendor/laravel/framework/src/Illuminate/Pipeline/Pipeline.php:103
#49 /vendor/laravel/framework/src/Illuminate/Routing/Router.php:687
  
[2022-02-17 05:47:57] local.INFO: Model: App\Models\User
Relation: Spatie\MediaLibrary\Models\Media
Num-Called: 2
Call-Stack:
#17 /vendor/laravel/framework/src/Illuminate/Queue/SerializesAndRestoresModelIdentifiers.php:102
#18 /vendor/laravel/framework/src/Illuminate/Queue/SerializesAndRestoresModelIdentifiers.php:57
#19 /vendor/laravel/framework/src/Illuminate/Queue/SerializesModels.php:45
#22 /vendor/laravel/framework/src/Illuminate/Queue/Jobs/Job.php:98
#23 /vendor/laravel/framework/src/Illuminate/Queue/SyncQueue.php:43
#24 /vendor/laravel/framework/src/Illuminate/Bus/Dispatcher.php:182
#25 /vendor/laravel/framework/src/Illuminate/Bus/Dispatcher.php:158
#26 /vendor/laravel/framework/src/Illuminate/Bus/Dispatcher.php:73
#27 /vendor/laravel/framework/src/Illuminate/Notifications/NotificationSender.php:209
#28 /vendor/laravel/framework/src/Illuminate/Notifications/NotificationSender.php:76
#29 /vendor/laravel/framework/src/Illuminate/Notifications/ChannelManager.php:39
#30 /vendor/laravel/framework/src/Illuminate/Notifications/RoutesNotifications.php:18
#31 /app/Models/User.php:323
#32 /app/Http/Controllers/Web/RegisterController.php:53
#33 /app/Http/Controllers/Web/RegisterController.php:218
#34 /vendor/laravel/framework/src/Illuminate/Routing/Controller.php:54
#35 /vendor/laravel/framework/src/Illuminate/Routing/ControllerDispatcher.php:45
#36 /vendor/laravel/framework/src/Illuminate/Routing/Route.php:239
#37 /vendor/laravel/framework/src/Illuminate/Routing/Route.php:196
#38 /vendor/laravel/framework/src/Illuminate/Routing/Router.php:685
#39 /vendor/laravel/framework/src/Illuminate/Pipeline/Pipeline.php:128
#40 /app/Http/Middleware/SetLanguage.php:30
#41 /vendor/laravel/framework/src/Illuminate/Pipeline/Pipeline.php:167
#42 /app/Http/Middleware/XSS.php:24
#43 /vendor/laravel/framework/src/Illuminate/Pipeline/Pipeline.php:167
#44 /vendor/laravel/framework/src/Illuminate/Routing/Middleware/SubstituteBindings.php:41
#45 /vendor/laravel/framework/src/Illuminate/Pipeline/Pipeline.php:167
#46 /vendor/laravel/framework/src/Illuminate/Foundation/Http/Middleware/VerifyCsrfToken.php:78
#47 /vendor/laravel/framework/src/Illuminate/Pipeline/Pipeline.php:167
#48 /vendor/laravel/framework/src/Illuminate/View/Middleware/ShareErrorsFromSession.php:49
#49 /vendor/laravel/framework/src/Illuminate/Pipeline/Pipeline.php:167
  
[2022-02-17 05:47:57] local.INFO: Model: App\Models\User
Relation: App\Models\Country
Num-Called: 2
Call-Stack:
#17 /vendor/laravel/framework/src/Illuminate/Queue/SerializesAndRestoresModelIdentifiers.php:102
#18 /vendor/laravel/framework/src/Illuminate/Queue/SerializesAndRestoresModelIdentifiers.php:57
#19 /vendor/laravel/framework/src/Illuminate/Queue/SerializesModels.php:45
#22 /vendor/laravel/framework/src/Illuminate/Queue/Jobs/Job.php:98
#23 /vendor/laravel/framework/src/Illuminate/Queue/SyncQueue.php:43
#24 /vendor/laravel/framework/src/Illuminate/Bus/Dispatcher.php:182
#25 /vendor/laravel/framework/src/Illuminate/Bus/Dispatcher.php:158
#26 /vendor/laravel/framework/src/Illuminate/Bus/Dispatcher.php:73
#27 /vendor/laravel/framework/src/Illuminate/Notifications/NotificationSender.php:209
#28 /vendor/laravel/framework/src/Illuminate/Notifications/NotificationSender.php:76
#29 /vendor/laravel/framework/src/Illuminate/Notifications/ChannelManager.php:39
#30 /vendor/laravel/framework/src/Illuminate/Notifications/RoutesNotifications.php:18
#31 /app/Models/User.php:323
#32 /app/Http/Controllers/Web/RegisterController.php:53
#33 /app/Http/Controllers/Web/RegisterController.php:218
#34 /vendor/laravel/framework/src/Illuminate/Routing/Controller.php:54
#35 /vendor/laravel/framework/src/Illuminate/Routing/ControllerDispatcher.php:45
#36 /vendor/laravel/framework/src/Illuminate/Routing/Route.php:239
#37 /vendor/laravel/framework/src/Illuminate/Routing/Route.php:196
#38 /vendor/laravel/framework/src/Illuminate/Routing/Router.php:685
#39 /vendor/laravel/framework/src/Illuminate/Pipeline/Pipeline.php:128
#40 /app/Http/Middleware/SetLanguage.php:30
#41 /vendor/laravel/framework/src/Illuminate/Pipeline/Pipeline.php:167
#42 /app/Http/Middleware/XSS.php:24
#43 /vendor/laravel/framework/src/Illuminate/Pipeline/Pipeline.php:167
#44 /vendor/laravel/framework/src/Illuminate/Routing/Middleware/SubstituteBindings.php:41
#45 /vendor/laravel/framework/src/Illuminate/Pipeline/Pipeline.php:167
#46 /vendor/laravel/framework/src/Illuminate/Foundation/Http/Middleware/VerifyCsrfToken.php:78
#47 /vendor/laravel/framework/src/Illuminate/Pipeline/Pipeline.php:167
#48 /vendor/laravel/framework/src/Illuminate/View/Middleware/ShareErrorsFromSession.php:49
#49 /vendor/laravel/framework/src/Illuminate/Pipeline/Pipeline.php:167
  
[2022-02-17 05:47:57] local.INFO: Model: App\Models\User
Relation: App\Models\City
Num-Called: 2
Call-Stack:
#17 /vendor/laravel/framework/src/Illuminate/Queue/SerializesAndRestoresModelIdentifiers.php:102
#18 /vendor/laravel/framework/src/Illuminate/Queue/SerializesAndRestoresModelIdentifiers.php:57
#19 /vendor/laravel/framework/src/Illuminate/Queue/SerializesModels.php:45
#22 /vendor/laravel/framework/src/Illuminate/Queue/Jobs/Job.php:98
#23 /vendor/laravel/framework/src/Illuminate/Queue/SyncQueue.php:43
#24 /vendor/laravel/framework/src/Illuminate/Bus/Dispatcher.php:182
#25 /vendor/laravel/framework/src/Illuminate/Bus/Dispatcher.php:158
#26 /vendor/laravel/framework/src/Illuminate/Bus/Dispatcher.php:73
#27 /vendor/laravel/framework/src/Illuminate/Notifications/NotificationSender.php:209
#28 /vendor/laravel/framework/src/Illuminate/Notifications/NotificationSender.php:76
#29 /vendor/laravel/framework/src/Illuminate/Notifications/ChannelManager.php:39
#30 /vendor/laravel/framework/src/Illuminate/Notifications/RoutesNotifications.php:18
#31 /app/Models/User.php:323
#32 /app/Http/Controllers/Web/RegisterController.php:53
#33 /app/Http/Controllers/Web/RegisterController.php:218
#34 /vendor/laravel/framework/src/Illuminate/Routing/Controller.php:54
#35 /vendor/laravel/framework/src/Illuminate/Routing/ControllerDispatcher.php:45
#36 /vendor/laravel/framework/src/Illuminate/Routing/Route.php:239
#37 /vendor/laravel/framework/src/Illuminate/Routing/Route.php:196
#38 /vendor/laravel/framework/src/Illuminate/Routing/Router.php:685
#39 /vendor/laravel/framework/src/Illuminate/Pipeline/Pipeline.php:128
#40 /app/Http/Middleware/SetLanguage.php:30
#41 /vendor/laravel/framework/src/Illuminate/Pipeline/Pipeline.php:167
#42 /app/Http/Middleware/XSS.php:24
#43 /vendor/laravel/framework/src/Illuminate/Pipeline/Pipeline.php:167
#44 /vendor/laravel/framework/src/Illuminate/Routing/Middleware/SubstituteBindings.php:41
#45 /vendor/laravel/framework/src/Illuminate/Pipeline/Pipeline.php:167
#46 /vendor/laravel/framework/src/Illuminate/Foundation/Http/Middleware/VerifyCsrfToken.php:78
#47 /vendor/laravel/framework/src/Illuminate/Pipeline/Pipeline.php:167
#48 /vendor/laravel/framework/src/Illuminate/View/Middleware/ShareErrorsFromSession.php:49
#49 /vendor/laravel/framework/src/Illuminate/Pipeline/Pipeline.php:167
  
[2022-02-17 05:47:57] local.INFO: Model: App\Models\User
Relation: App\Models\State
Num-Called: 2
Call-Stack:
#17 /vendor/laravel/framework/src/Illuminate/Queue/SerializesAndRestoresModelIdentifiers.php:102
#18 /vendor/laravel/framework/src/Illuminate/Queue/SerializesAndRestoresModelIdentifiers.php:57
#19 /vendor/laravel/framework/src/Illuminate/Queue/SerializesModels.php:45
#22 /vendor/laravel/framework/src/Illuminate/Queue/Jobs/Job.php:98
#23 /vendor/laravel/framework/src/Illuminate/Queue/SyncQueue.php:43
#24 /vendor/laravel/framework/src/Illuminate/Bus/Dispatcher.php:182
#25 /vendor/laravel/framework/src/Illuminate/Bus/Dispatcher.php:158
#26 /vendor/laravel/framework/src/Illuminate/Bus/Dispatcher.php:73
#27 /vendor/laravel/framework/src/Illuminate/Notifications/NotificationSender.php:209
#28 /vendor/laravel/framework/src/Illuminate/Notifications/NotificationSender.php:76
#29 /vendor/laravel/framework/src/Illuminate/Notifications/ChannelManager.php:39
#30 /vendor/laravel/framework/src/Illuminate/Notifications/RoutesNotifications.php:18
#31 /app/Models/User.php:323
#32 /app/Http/Controllers/Web/RegisterController.php:53
#33 /app/Http/Controllers/Web/RegisterController.php:218
#34 /vendor/laravel/framework/src/Illuminate/Routing/Controller.php:54
#35 /vendor/laravel/framework/src/Illuminate/Routing/ControllerDispatcher.php:45
#36 /vendor/laravel/framework/src/Illuminate/Routing/Route.php:239
#37 /vendor/laravel/framework/src/Illuminate/Routing/Route.php:196
#38 /vendor/laravel/framework/src/Illuminate/Routing/Router.php:685
#39 /vendor/laravel/framework/src/Illuminate/Pipeline/Pipeline.php:128
#40 /app/Http/Middleware/SetLanguage.php:30
#41 /vendor/laravel/framework/src/Illuminate/Pipeline/Pipeline.php:167
#42 /app/Http/Middleware/XSS.php:24
#43 /vendor/laravel/framework/src/Illuminate/Pipeline/Pipeline.php:167
#44 /vendor/laravel/framework/src/Illuminate/Routing/Middleware/SubstituteBindings.php:41
#45 /vendor/laravel/framework/src/Illuminate/Pipeline/Pipeline.php:167
#46 /vendor/laravel/framework/src/Illuminate/Foundation/Http/Middleware/VerifyCsrfToken.php:78
#47 /vendor/laravel/framework/src/Illuminate/Pipeline/Pipeline.php:167
#48 /vendor/laravel/framework/src/Illuminate/View/Middleware/ShareErrorsFromSession.php:49
#49 /vendor/laravel/framework/src/Illuminate/Pipeline/Pipeline.php:167
  
[2022-02-17 05:50:40] local.INFO: Detected N+1 Query  
[2022-02-17 05:50:40] local.INFO: Model: App\Models\User
Relation: Spatie\MediaLibrary\Models\Media
Num-Called: 2
Call-Stack:
#17 /vendor/laravel/framework/src/Illuminate/Queue/SerializesAndRestoresModelIdentifiers.php:102
#18 /vendor/laravel/framework/src/Illuminate/Queue/SerializesAndRestoresModelIdentifiers.php:57
#19 /vendor/laravel/framework/src/Illuminate/Queue/SerializesModels.php:45
#22 /vendor/laravel/framework/src/Illuminate/Queue/Jobs/Job.php:98
#23 /vendor/laravel/framework/src/Illuminate/Queue/SyncQueue.php:43
#24 /vendor/laravel/framework/src/Illuminate/Bus/Dispatcher.php:182
#25 /vendor/laravel/framework/src/Illuminate/Bus/Dispatcher.php:158
#26 /vendor/laravel/framework/src/Illuminate/Bus/Dispatcher.php:73
#27 /vendor/laravel/framework/src/Illuminate/Notifications/NotificationSender.php:209
#28 /vendor/laravel/framework/src/Illuminate/Notifications/NotificationSender.php:76
#29 /vendor/laravel/framework/src/Illuminate/Notifications/ChannelManager.php:39
#30 /vendor/laravel/framework/src/Illuminate/Notifications/RoutesNotifications.php:18
#31 /app/Models/User.php:323
#32 /app/Http/Controllers/CompanyController.php:602
#33 /vendor/laravel/framework/src/Illuminate/Routing/Controller.php:54
#34 /vendor/laravel/framework/src/Illuminate/Routing/ControllerDispatcher.php:45
#35 /vendor/laravel/framework/src/Illuminate/Routing/Route.php:239
#36 /vendor/laravel/framework/src/Illuminate/Routing/Route.php:196
#37 /vendor/laravel/framework/src/Illuminate/Routing/Router.php:685
#38 /vendor/laravel/framework/src/Illuminate/Pipeline/Pipeline.php:128
#39 /app/Http/Middleware/CheckUserIsVerified.php:20
#40 /vendor/laravel/framework/src/Illuminate/Pipeline/Pipeline.php:167
#41 /app/Http/Middleware/XSS.php:24
#42 /vendor/laravel/framework/src/Illuminate/Pipeline/Pipeline.php:167
#43 /vendor/spatie/laravel-permission/src/Middlewares/RoleMiddleware.php:25
#44 /vendor/laravel/framework/src/Illuminate/Pipeline/Pipeline.php:167
#45 /vendor/laravel/framework/src/Illuminate/Routing/Middleware/SubstituteBindings.php:41
#46 /vendor/laravel/framework/src/Illuminate/Pipeline/Pipeline.php:167
#47 /app/Http/Middleware/Authenticate.php:30
#48 /vendor/laravel/framework/src/Illuminate/Pipeline/Pipeline.php:167
#49 /vendor/laravel/framework/src/Illuminate/Foundation/Http/Middleware/VerifyCsrfToken.php:78
  
[2022-02-17 05:50:40] local.INFO: Model: App\Models\User
Relation: App\Models\Country
Num-Called: 2
Call-Stack:
#17 /vendor/laravel/framework/src/Illuminate/Queue/SerializesAndRestoresModelIdentifiers.php:102
#18 /vendor/laravel/framework/src/Illuminate/Queue/SerializesAndRestoresModelIdentifiers.php:57
#19 /vendor/laravel/framework/src/Illuminate/Queue/SerializesModels.php:45
#22 /vendor/laravel/framework/src/Illuminate/Queue/Jobs/Job.php:98
#23 /vendor/laravel/framework/src/Illuminate/Queue/SyncQueue.php:43
#24 /vendor/laravel/framework/src/Illuminate/Bus/Dispatcher.php:182
#25 /vendor/laravel/framework/src/Illuminate/Bus/Dispatcher.php:158
#26 /vendor/laravel/framework/src/Illuminate/Bus/Dispatcher.php:73
#27 /vendor/laravel/framework/src/Illuminate/Notifications/NotificationSender.php:209
#28 /vendor/laravel/framework/src/Illuminate/Notifications/NotificationSender.php:76
#29 /vendor/laravel/framework/src/Illuminate/Notifications/ChannelManager.php:39
#30 /vendor/laravel/framework/src/Illuminate/Notifications/RoutesNotifications.php:18
#31 /app/Models/User.php:323
#32 /app/Http/Controllers/CompanyController.php:602
#33 /vendor/laravel/framework/src/Illuminate/Routing/Controller.php:54
#34 /vendor/laravel/framework/src/Illuminate/Routing/ControllerDispatcher.php:45
#35 /vendor/laravel/framework/src/Illuminate/Routing/Route.php:239
#36 /vendor/laravel/framework/src/Illuminate/Routing/Route.php:196
#37 /vendor/laravel/framework/src/Illuminate/Routing/Router.php:685
#38 /vendor/laravel/framework/src/Illuminate/Pipeline/Pipeline.php:128
#39 /app/Http/Middleware/CheckUserIsVerified.php:20
#40 /vendor/laravel/framework/src/Illuminate/Pipeline/Pipeline.php:167
#41 /app/Http/Middleware/XSS.php:24
#42 /vendor/laravel/framework/src/Illuminate/Pipeline/Pipeline.php:167
#43 /vendor/spatie/laravel-permission/src/Middlewares/RoleMiddleware.php:25
#44 /vendor/laravel/framework/src/Illuminate/Pipeline/Pipeline.php:167
#45 /vendor/laravel/framework/src/Illuminate/Routing/Middleware/SubstituteBindings.php:41
#46 /vendor/laravel/framework/src/Illuminate/Pipeline/Pipeline.php:167
#47 /app/Http/Middleware/Authenticate.php:30
#48 /vendor/laravel/framework/src/Illuminate/Pipeline/Pipeline.php:167
#49 /vendor/laravel/framework/src/Illuminate/Foundation/Http/Middleware/VerifyCsrfToken.php:78
  
[2022-02-17 05:50:40] local.INFO: Model: App\Models\User
Relation: App\Models\City
Num-Called: 2
Call-Stack:
#17 /vendor/laravel/framework/src/Illuminate/Queue/SerializesAndRestoresModelIdentifiers.php:102
#18 /vendor/laravel/framework/src/Illuminate/Queue/SerializesAndRestoresModelIdentifiers.php:57
#19 /vendor/laravel/framework/src/Illuminate/Queue/SerializesModels.php:45
#22 /vendor/laravel/framework/src/Illuminate/Queue/Jobs/Job.php:98
#23 /vendor/laravel/framework/src/Illuminate/Queue/SyncQueue.php:43
#24 /vendor/laravel/framework/src/Illuminate/Bus/Dispatcher.php:182
#25 /vendor/laravel/framework/src/Illuminate/Bus/Dispatcher.php:158
#26 /vendor/laravel/framework/src/Illuminate/Bus/Dispatcher.php:73
#27 /vendor/laravel/framework/src/Illuminate/Notifications/NotificationSender.php:209
#28 /vendor/laravel/framework/src/Illuminate/Notifications/NotificationSender.php:76
#29 /vendor/laravel/framework/src/Illuminate/Notifications/ChannelManager.php:39
#30 /vendor/laravel/framework/src/Illuminate/Notifications/RoutesNotifications.php:18
#31 /app/Models/User.php:323
#32 /app/Http/Controllers/CompanyController.php:602
#33 /vendor/laravel/framework/src/Illuminate/Routing/Controller.php:54
#34 /vendor/laravel/framework/src/Illuminate/Routing/ControllerDispatcher.php:45
#35 /vendor/laravel/framework/src/Illuminate/Routing/Route.php:239
#36 /vendor/laravel/framework/src/Illuminate/Routing/Route.php:196
#37 /vendor/laravel/framework/src/Illuminate/Routing/Router.php:685
#38 /vendor/laravel/framework/src/Illuminate/Pipeline/Pipeline.php:128
#39 /app/Http/Middleware/CheckUserIsVerified.php:20
#40 /vendor/laravel/framework/src/Illuminate/Pipeline/Pipeline.php:167
#41 /app/Http/Middleware/XSS.php:24
#42 /vendor/laravel/framework/src/Illuminate/Pipeline/Pipeline.php:167
#43 /vendor/spatie/laravel-permission/src/Middlewares/RoleMiddleware.php:25
#44 /vendor/laravel/framework/src/Illuminate/Pipeline/Pipeline.php:167
#45 /vendor/laravel/framework/src/Illuminate/Routing/Middleware/SubstituteBindings.php:41
#46 /vendor/laravel/framework/src/Illuminate/Pipeline/Pipeline.php:167
#47 /app/Http/Middleware/Authenticate.php:30
#48 /vendor/laravel/framework/src/Illuminate/Pipeline/Pipeline.php:167
#49 /vendor/laravel/framework/src/Illuminate/Foundation/Http/Middleware/VerifyCsrfToken.php:78
  
[2022-02-17 05:50:40] local.INFO: Model: App\Models\User
Relation: App\Models\State
Num-Called: 2
Call-Stack:
#17 /vendor/laravel/framework/src/Illuminate/Queue/SerializesAndRestoresModelIdentifiers.php:102
#18 /vendor/laravel/framework/src/Illuminate/Queue/SerializesAndRestoresModelIdentifiers.php:57
#19 /vendor/laravel/framework/src/Illuminate/Queue/SerializesModels.php:45
#22 /vendor/laravel/framework/src/Illuminate/Queue/Jobs/Job.php:98
#23 /vendor/laravel/framework/src/Illuminate/Queue/SyncQueue.php:43
#24 /vendor/laravel/framework/src/Illuminate/Bus/Dispatcher.php:182
#25 /vendor/laravel/framework/src/Illuminate/Bus/Dispatcher.php:158
#26 /vendor/laravel/framework/src/Illuminate/Bus/Dispatcher.php:73
#27 /vendor/laravel/framework/src/Illuminate/Notifications/NotificationSender.php:209
#28 /vendor/laravel/framework/src/Illuminate/Notifications/NotificationSender.php:76
#29 /vendor/laravel/framework/src/Illuminate/Notifications/ChannelManager.php:39
#30 /vendor/laravel/framework/src/Illuminate/Notifications/RoutesNotifications.php:18
#31 /app/Models/User.php:323
#32 /app/Http/Controllers/CompanyController.php:602
#33 /vendor/laravel/framework/src/Illuminate/Routing/Controller.php:54
#34 /vendor/laravel/framework/src/Illuminate/Routing/ControllerDispatcher.php:45
#35 /vendor/laravel/framework/src/Illuminate/Routing/Route.php:239
#36 /vendor/laravel/framework/src/Illuminate/Routing/Route.php:196
#37 /vendor/laravel/framework/src/Illuminate/Routing/Router.php:685
#38 /vendor/laravel/framework/src/Illuminate/Pipeline/Pipeline.php:128
#39 /app/Http/Middleware/CheckUserIsVerified.php:20
#40 /vendor/laravel/framework/src/Illuminate/Pipeline/Pipeline.php:167
#41 /app/Http/Middleware/XSS.php:24
#42 /vendor/laravel/framework/src/Illuminate/Pipeline/Pipeline.php:167
#43 /vendor/spatie/laravel-permission/src/Middlewares/RoleMiddleware.php:25
#44 /vendor/laravel/framework/src/Illuminate/Pipeline/Pipeline.php:167
#45 /vendor/laravel/framework/src/Illuminate/Routing/Middleware/SubstituteBindings.php:41
#46 /vendor/laravel/framework/src/Illuminate/Pipeline/Pipeline.php:167
#47 /app/Http/Middleware/Authenticate.php:30
#48 /vendor/laravel/framework/src/Illuminate/Pipeline/Pipeline.php:167
#49 /vendor/laravel/framework/src/Illuminate/Foundation/Http/Middleware/VerifyCsrfToken.php:78
  
[2022-02-17 05:51:15] local.INFO: Detected N+1 Query  
[2022-02-17 05:51:15] local.INFO: Model: App\Models\User
Relation: Spatie\MediaLibrary\Models\Media
Num-Called: 2
Call-Stack:
#19 /vendor/laravel/framework/src/Illuminate/Support/Traits/ForwardsCalls.php:23
#22 /app/Http/Controllers/Auth/VerificationController.php:59
#23 /app/Http/Controllers/Auth/VerificationController.php:106
#24 /vendor/laravel/framework/src/Illuminate/Routing/Controller.php:54
#25 /vendor/laravel/framework/src/Illuminate/Routing/ControllerDispatcher.php:45
#26 /vendor/laravel/framework/src/Illuminate/Routing/Route.php:239
#27 /vendor/laravel/framework/src/Illuminate/Routing/Route.php:196
#28 /vendor/laravel/framework/src/Illuminate/Routing/Router.php:685
#29 /vendor/laravel/framework/src/Illuminate/Pipeline/Pipeline.php:128
#30 /vendor/laravel/framework/src/Illuminate/Routing/Middleware/ValidateSignature.php:22
#31 /vendor/laravel/framework/src/Illuminate/Pipeline/Pipeline.php:167
#32 /vendor/laravel/framework/src/Illuminate/Routing/Middleware/SubstituteBindings.php:41
#33 /vendor/laravel/framework/src/Illuminate/Pipeline/Pipeline.php:167
#34 /vendor/laravel/framework/src/Illuminate/Routing/Middleware/ThrottleRequests.php:59
#35 /vendor/laravel/framework/src/Illuminate/Pipeline/Pipeline.php:167
#36 /vendor/laravel/framework/src/Illuminate/Foundation/Http/Middleware/VerifyCsrfToken.php:78
#37 /vendor/laravel/framework/src/Illuminate/Pipeline/Pipeline.php:167
#38 /vendor/laravel/framework/src/Illuminate/View/Middleware/ShareErrorsFromSession.php:49
#39 /vendor/laravel/framework/src/Illuminate/Pipeline/Pipeline.php:167
#40 /vendor/laravel/framework/src/Illuminate/Session/Middleware/StartSession.php:116
#41 /vendor/laravel/framework/src/Illuminate/Session/Middleware/StartSession.php:62
#42 /vendor/laravel/framework/src/Illuminate/Pipeline/Pipeline.php:167
#43 /vendor/laravel/framework/src/Illuminate/Cookie/Middleware/AddQueuedCookiesToResponse.php:37
#44 /vendor/laravel/framework/src/Illuminate/Pipeline/Pipeline.php:167
#45 /vendor/laravel/framework/src/Illuminate/Cookie/Middleware/EncryptCookies.php:67
#46 /vendor/laravel/framework/src/Illuminate/Pipeline/Pipeline.php:167
#47 /vendor/laravel/framework/src/Illuminate/Pipeline/Pipeline.php:103
#48 /vendor/laravel/framework/src/Illuminate/Routing/Router.php:687
#49 /vendor/laravel/framework/src/Illuminate/Routing/Router.php:662
  
[2022-02-17 05:51:15] local.INFO: Model: App\Models\User
Relation: App\Models\Country
Num-Called: 2
Call-Stack:
#19 /vendor/laravel/framework/src/Illuminate/Support/Traits/ForwardsCalls.php:23
#22 /app/Http/Controllers/Auth/VerificationController.php:59
#23 /app/Http/Controllers/Auth/VerificationController.php:106
#24 /vendor/laravel/framework/src/Illuminate/Routing/Controller.php:54
#25 /vendor/laravel/framework/src/Illuminate/Routing/ControllerDispatcher.php:45
#26 /vendor/laravel/framework/src/Illuminate/Routing/Route.php:239
#27 /vendor/laravel/framework/src/Illuminate/Routing/Route.php:196
#28 /vendor/laravel/framework/src/Illuminate/Routing/Router.php:685
#29 /vendor/laravel/framework/src/Illuminate/Pipeline/Pipeline.php:128
#30 /vendor/laravel/framework/src/Illuminate/Routing/Middleware/ValidateSignature.php:22
#31 /vendor/laravel/framework/src/Illuminate/Pipeline/Pipeline.php:167
#32 /vendor/laravel/framework/src/Illuminate/Routing/Middleware/SubstituteBindings.php:41
#33 /vendor/laravel/framework/src/Illuminate/Pipeline/Pipeline.php:167
#34 /vendor/laravel/framework/src/Illuminate/Routing/Middleware/ThrottleRequests.php:59
#35 /vendor/laravel/framework/src/Illuminate/Pipeline/Pipeline.php:167
#36 /vendor/laravel/framework/src/Illuminate/Foundation/Http/Middleware/VerifyCsrfToken.php:78
#37 /vendor/laravel/framework/src/Illuminate/Pipeline/Pipeline.php:167
#38 /vendor/laravel/framework/src/Illuminate/View/Middleware/ShareErrorsFromSession.php:49
#39 /vendor/laravel/framework/src/Illuminate/Pipeline/Pipeline.php:167
#40 /vendor/laravel/framework/src/Illuminate/Session/Middleware/StartSession.php:116
#41 /vendor/laravel/framework/src/Illuminate/Session/Middleware/StartSession.php:62
#42 /vendor/laravel/framework/src/Illuminate/Pipeline/Pipeline.php:167
#43 /vendor/laravel/framework/src/Illuminate/Cookie/Middleware/AddQueuedCookiesToResponse.php:37
#44 /vendor/laravel/framework/src/Illuminate/Pipeline/Pipeline.php:167
#45 /vendor/laravel/framework/src/Illuminate/Cookie/Middleware/EncryptCookies.php:67
#46 /vendor/laravel/framework/src/Illuminate/Pipeline/Pipeline.php:167
#47 /vendor/laravel/framework/src/Illuminate/Pipeline/Pipeline.php:103
#48 /vendor/laravel/framework/src/Illuminate/Routing/Router.php:687
#49 /vendor/laravel/framework/src/Illuminate/Routing/Router.php:662
  
[2022-02-17 05:51:15] local.INFO: Model: App\Models\User
Relation: App\Models\City
Num-Called: 2
Call-Stack:
#19 /vendor/laravel/framework/src/Illuminate/Support/Traits/ForwardsCalls.php:23
#22 /app/Http/Controllers/Auth/VerificationController.php:59
#23 /app/Http/Controllers/Auth/VerificationController.php:106
#24 /vendor/laravel/framework/src/Illuminate/Routing/Controller.php:54
#25 /vendor/laravel/framework/src/Illuminate/Routing/ControllerDispatcher.php:45
#26 /vendor/laravel/framework/src/Illuminate/Routing/Route.php:239
#27 /vendor/laravel/framework/src/Illuminate/Routing/Route.php:196
#28 /vendor/laravel/framework/src/Illuminate/Routing/Router.php:685
#29 /vendor/laravel/framework/src/Illuminate/Pipeline/Pipeline.php:128
#30 /vendor/laravel/framework/src/Illuminate/Routing/Middleware/ValidateSignature.php:22
#31 /vendor/laravel/framework/src/Illuminate/Pipeline/Pipeline.php:167
#32 /vendor/laravel/framework/src/Illuminate/Routing/Middleware/SubstituteBindings.php:41
#33 /vendor/laravel/framework/src/Illuminate/Pipeline/Pipeline.php:167
#34 /vendor/laravel/framework/src/Illuminate/Routing/Middleware/ThrottleRequests.php:59
#35 /vendor/laravel/framework/src/Illuminate/Pipeline/Pipeline.php:167
#36 /vendor/laravel/framework/src/Illuminate/Foundation/Http/Middleware/VerifyCsrfToken.php:78
#37 /vendor/laravel/framework/src/Illuminate/Pipeline/Pipeline.php:167
#38 /vendor/laravel/framework/src/Illuminate/View/Middleware/ShareErrorsFromSession.php:49
#39 /vendor/laravel/framework/src/Illuminate/Pipeline/Pipeline.php:167
#40 /vendor/laravel/framework/src/Illuminate/Session/Middleware/StartSession.php:116
#41 /vendor/laravel/framework/src/Illuminate/Session/Middleware/StartSession.php:62
#42 /vendor/laravel/framework/src/Illuminate/Pipeline/Pipeline.php:167
#43 /vendor/laravel/framework/src/Illuminate/Cookie/Middleware/AddQueuedCookiesToResponse.php:37
#44 /vendor/laravel/framework/src/Illuminate/Pipeline/Pipeline.php:167
#45 /vendor/laravel/framework/src/Illuminate/Cookie/Middleware/EncryptCookies.php:67
#46 /vendor/laravel/framework/src/Illuminate/Pipeline/Pipeline.php:167
#47 /vendor/laravel/framework/src/Illuminate/Pipeline/Pipeline.php:103
#48 /vendor/laravel/framework/src/Illuminate/Routing/Router.php:687
#49 /vendor/laravel/framework/src/Illuminate/Routing/Router.php:662
  
[2022-02-17 05:51:15] local.INFO: Model: App\Models\User
Relation: App\Models\State
Num-Called: 2
Call-Stack:
#19 /vendor/laravel/framework/src/Illuminate/Support/Traits/ForwardsCalls.php:23
#22 /app/Http/Controllers/Auth/VerificationController.php:59
#23 /app/Http/Controllers/Auth/VerificationController.php:106
#24 /vendor/laravel/framework/src/Illuminate/Routing/Controller.php:54
#25 /vendor/laravel/framework/src/Illuminate/Routing/ControllerDispatcher.php:45
#26 /vendor/laravel/framework/src/Illuminate/Routing/Route.php:239
#27 /vendor/laravel/framework/src/Illuminate/Routing/Route.php:196
#28 /vendor/laravel/framework/src/Illuminate/Routing/Router.php:685
#29 /vendor/laravel/framework/src/Illuminate/Pipeline/Pipeline.php:128
#30 /vendor/laravel/framework/src/Illuminate/Routing/Middleware/ValidateSignature.php:22
#31 /vendor/laravel/framework/src/Illuminate/Pipeline/Pipeline.php:167
#32 /vendor/laravel/framework/src/Illuminate/Routing/Middleware/SubstituteBindings.php:41
#33 /vendor/laravel/framework/src/Illuminate/Pipeline/Pipeline.php:167
#34 /vendor/laravel/framework/src/Illuminate/Routing/Middleware/ThrottleRequests.php:59
#35 /vendor/laravel/framework/src/Illuminate/Pipeline/Pipeline.php:167
#36 /vendor/laravel/framework/src/Illuminate/Foundation/Http/Middleware/VerifyCsrfToken.php:78
#37 /vendor/laravel/framework/src/Illuminate/Pipeline/Pipeline.php:167
#38 /vendor/laravel/framework/src/Illuminate/View/Middleware/ShareErrorsFromSession.php:49
#39 /vendor/laravel/framework/src/Illuminate/Pipeline/Pipeline.php:167
#40 /vendor/laravel/framework/src/Illuminate/Session/Middleware/StartSession.php:116
#41 /vendor/laravel/framework/src/Illuminate/Session/Middleware/StartSession.php:62
#42 /vendor/laravel/framework/src/Illuminate/Pipeline/Pipeline.php:167
#43 /vendor/laravel/framework/src/Illuminate/Cookie/Middleware/AddQueuedCookiesToResponse.php:37
#44 /vendor/laravel/framework/src/Illuminate/Pipeline/Pipeline.php:167
#45 /vendor/laravel/framework/src/Illuminate/Cookie/Middleware/EncryptCookies.php:67
#46 /vendor/laravel/framework/src/Illuminate/Pipeline/Pipeline.php:167
#47 /vendor/laravel/framework/src/Illuminate/Pipeline/Pipeline.php:103
#48 /vendor/laravel/framework/src/Illuminate/Routing/Router.php:687
#49 /vendor/laravel/framework/src/Illuminate/Routing/Router.php:662
  
