[2022-04-06 10:31:24] local.INFO: Detected N+1 Query  
[2022-04-06 10:31:24] local.INFO: Model: App\Models\User
Relation: App\Models\Country
Num-Called: 4
Call-Stack:
#17 /app/Http/Controllers/Web/HomeController.php:95
#18 /vendor/laravel/framework/src/Illuminate/Routing/Controller.php:54
#19 /vendor/laravel/framework/src/Illuminate/Routing/ControllerDispatcher.php:45
#20 /vendor/laravel/framework/src/Illuminate/Routing/Route.php:239
#21 /vendor/laravel/framework/src/Illuminate/Routing/Route.php:196
#22 /vendor/laravel/framework/src/Illuminate/Routing/Router.php:685
#23 /vendor/laravel/framework/src/Illuminate/Pipeline/Pipeline.php:128
#24 /vendor/laravel/framework/src/Illuminate/Routing/Middleware/SubstituteBindings.php:41
#25 /vendor/laravel/framework/src/Illuminate/Pipeline/Pipeline.php:167
#26 /vendor/laravel/framework/src/Illuminate/Foundation/Http/Middleware/VerifyCsrfToken.php:78
#27 /vendor/laravel/framework/src/Illuminate/Pipeline/Pipeline.php:167
#28 /vendor/laravel/framework/src/Illuminate/View/Middleware/ShareErrorsFromSession.php:49
#29 /vendor/laravel/framework/src/Illuminate/Pipeline/Pipeline.php:167
#30 /vendor/laravel/framework/src/Illuminate/Session/Middleware/StartSession.php:116
#31 /vendor/laravel/framework/src/Illuminate/Session/Middleware/StartSession.php:62
#32 /vendor/laravel/framework/src/Illuminate/Pipeline/Pipeline.php:167
#33 /vendor/laravel/framework/src/Illuminate/Cookie/Middleware/AddQueuedCookiesToResponse.php:37
#34 /vendor/laravel/framework/src/Illuminate/Pipeline/Pipeline.php:167
#35 /vendor/laravel/framework/src/Illuminate/Cookie/Middleware/EncryptCookies.php:67
#36 /vendor/laravel/framework/src/Illuminate/Pipeline/Pipeline.php:167
#37 /vendor/laravel/framework/src/Illuminate/Pipeline/Pipeline.php:103
#38 /vendor/laravel/framework/src/Illuminate/Routing/Router.php:687
#39 /vendor/laravel/framework/src/Illuminate/Routing/Router.php:662
#40 /vendor/laravel/framework/src/Illuminate/Routing/Router.php:628
#41 /vendor/laravel/framework/src/Illuminate/Routing/Router.php:617
#42 /vendor/laravel/framework/src/Illuminate/Foundation/Http/Kernel.php:165
#43 /vendor/laravel/framework/src/Illuminate/Pipeline/Pipeline.php:128
#44 /vendor/beyondcode/laravel-query-detector/src/QueryDetectorMiddleware.php:33
#45 /vendor/laravel/framework/src/Illuminate/Pipeline/Pipeline.php:167
#46 /vendor/barryvdh/laravel-debugbar/src/Middleware/InjectDebugbar.php:67
#47 /vendor/laravel/framework/src/Illuminate/Pipeline/Pipeline.php:167
#48 /vendor/laravel/framework/src/Illuminate/Foundation/Http/Middleware/TransformsRequest.php:21
#49 /vendor/laravel/framework/src/Illuminate/Pipeline/Pipeline.php:167
  
[2022-04-06 10:31:24] local.INFO: Model: App\Models\User
Relation: App\Models\City
Num-Called: 4
Call-Stack:
#17 /app/Http/Controllers/Web/HomeController.php:95
#18 /vendor/laravel/framework/src/Illuminate/Routing/Controller.php:54
#19 /vendor/laravel/framework/src/Illuminate/Routing/ControllerDispatcher.php:45
#20 /vendor/laravel/framework/src/Illuminate/Routing/Route.php:239
#21 /vendor/laravel/framework/src/Illuminate/Routing/Route.php:196
#22 /vendor/laravel/framework/src/Illuminate/Routing/Router.php:685
#23 /vendor/laravel/framework/src/Illuminate/Pipeline/Pipeline.php:128
#24 /vendor/laravel/framework/src/Illuminate/Routing/Middleware/SubstituteBindings.php:41
#25 /vendor/laravel/framework/src/Illuminate/Pipeline/Pipeline.php:167
#26 /vendor/laravel/framework/src/Illuminate/Foundation/Http/Middleware/VerifyCsrfToken.php:78
#27 /vendor/laravel/framework/src/Illuminate/Pipeline/Pipeline.php:167
#28 /vendor/laravel/framework/src/Illuminate/View/Middleware/ShareErrorsFromSession.php:49
#29 /vendor/laravel/framework/src/Illuminate/Pipeline/Pipeline.php:167
#30 /vendor/laravel/framework/src/Illuminate/Session/Middleware/StartSession.php:116
#31 /vendor/laravel/framework/src/Illuminate/Session/Middleware/StartSession.php:62
#32 /vendor/laravel/framework/src/Illuminate/Pipeline/Pipeline.php:167
#33 /vendor/laravel/framework/src/Illuminate/Cookie/Middleware/AddQueuedCookiesToResponse.php:37
#34 /vendor/laravel/framework/src/Illuminate/Pipeline/Pipeline.php:167
#35 /vendor/laravel/framework/src/Illuminate/Cookie/Middleware/EncryptCookies.php:67
#36 /vendor/laravel/framework/src/Illuminate/Pipeline/Pipeline.php:167
#37 /vendor/laravel/framework/src/Illuminate/Pipeline/Pipeline.php:103
#38 /vendor/laravel/framework/src/Illuminate/Routing/Router.php:687
#39 /vendor/laravel/framework/src/Illuminate/Routing/Router.php:662
#40 /vendor/laravel/framework/src/Illuminate/Routing/Router.php:628
#41 /vendor/laravel/framework/src/Illuminate/Routing/Router.php:617
#42 /vendor/laravel/framework/src/Illuminate/Foundation/Http/Kernel.php:165
#43 /vendor/laravel/framework/src/Illuminate/Pipeline/Pipeline.php:128
#44 /vendor/beyondcode/laravel-query-detector/src/QueryDetectorMiddleware.php:33
#45 /vendor/laravel/framework/src/Illuminate/Pipeline/Pipeline.php:167
#46 /vendor/barryvdh/laravel-debugbar/src/Middleware/InjectDebugbar.php:67
#47 /vendor/laravel/framework/src/Illuminate/Pipeline/Pipeline.php:167
#48 /vendor/laravel/framework/src/Illuminate/Foundation/Http/Middleware/TransformsRequest.php:21
#49 /vendor/laravel/framework/src/Illuminate/Pipeline/Pipeline.php:167
  
[2022-04-06 10:31:24] local.INFO: Model: App\Models\User
Relation: App\Models\State
Num-Called: 4
Call-Stack:
#17 /app/Http/Controllers/Web/HomeController.php:95
#18 /vendor/laravel/framework/src/Illuminate/Routing/Controller.php:54
#19 /vendor/laravel/framework/src/Illuminate/Routing/ControllerDispatcher.php:45
#20 /vendor/laravel/framework/src/Illuminate/Routing/Route.php:239
#21 /vendor/laravel/framework/src/Illuminate/Routing/Route.php:196
#22 /vendor/laravel/framework/src/Illuminate/Routing/Router.php:685
#23 /vendor/laravel/framework/src/Illuminate/Pipeline/Pipeline.php:128
#24 /vendor/laravel/framework/src/Illuminate/Routing/Middleware/SubstituteBindings.php:41
#25 /vendor/laravel/framework/src/Illuminate/Pipeline/Pipeline.php:167
#26 /vendor/laravel/framework/src/Illuminate/Foundation/Http/Middleware/VerifyCsrfToken.php:78
#27 /vendor/laravel/framework/src/Illuminate/Pipeline/Pipeline.php:167
#28 /vendor/laravel/framework/src/Illuminate/View/Middleware/ShareErrorsFromSession.php:49
#29 /vendor/laravel/framework/src/Illuminate/Pipeline/Pipeline.php:167
#30 /vendor/laravel/framework/src/Illuminate/Session/Middleware/StartSession.php:116
#31 /vendor/laravel/framework/src/Illuminate/Session/Middleware/StartSession.php:62
#32 /vendor/laravel/framework/src/Illuminate/Pipeline/Pipeline.php:167
#33 /vendor/laravel/framework/src/Illuminate/Cookie/Middleware/AddQueuedCookiesToResponse.php:37
#34 /vendor/laravel/framework/src/Illuminate/Pipeline/Pipeline.php:167
#35 /vendor/laravel/framework/src/Illuminate/Cookie/Middleware/EncryptCookies.php:67
#36 /vendor/laravel/framework/src/Illuminate/Pipeline/Pipeline.php:167
#37 /vendor/laravel/framework/src/Illuminate/Pipeline/Pipeline.php:103
#38 /vendor/laravel/framework/src/Illuminate/Routing/Router.php:687
#39 /vendor/laravel/framework/src/Illuminate/Routing/Router.php:662
#40 /vendor/laravel/framework/src/Illuminate/Routing/Router.php:628
#41 /vendor/laravel/framework/src/Illuminate/Routing/Router.php:617
#42 /vendor/laravel/framework/src/Illuminate/Foundation/Http/Kernel.php:165
#43 /vendor/laravel/framework/src/Illuminate/Pipeline/Pipeline.php:128
#44 /vendor/beyondcode/laravel-query-detector/src/QueryDetectorMiddleware.php:33
#45 /vendor/laravel/framework/src/Illuminate/Pipeline/Pipeline.php:167
#46 /vendor/barryvdh/laravel-debugbar/src/Middleware/InjectDebugbar.php:67
#47 /vendor/laravel/framework/src/Illuminate/Pipeline/Pipeline.php:167
#48 /vendor/laravel/framework/src/Illuminate/Foundation/Http/Middleware/TransformsRequest.php:21
#49 /vendor/laravel/framework/src/Illuminate/Pipeline/Pipeline.php:167
  
[2022-04-06 16:18:57] local.INFO: Detected N+1 Query  
[2022-04-06 16:18:57] local.INFO: Model: App\Models\User
Relation: App\Models\Country
Num-Called: 4
Call-Stack:
#17 /app/Http/Controllers/Web/HomeController.php:95
#18 /vendor/laravel/framework/src/Illuminate/Routing/Controller.php:54
#19 /vendor/laravel/framework/src/Illuminate/Routing/ControllerDispatcher.php:45
#20 /vendor/laravel/framework/src/Illuminate/Routing/Route.php:239
#21 /vendor/laravel/framework/src/Illuminate/Routing/Route.php:196
#22 /vendor/laravel/framework/src/Illuminate/Routing/Router.php:685
#23 /vendor/laravel/framework/src/Illuminate/Pipeline/Pipeline.php:128
#24 /vendor/laravel/framework/src/Illuminate/Routing/Middleware/SubstituteBindings.php:41
#25 /vendor/laravel/framework/src/Illuminate/Pipeline/Pipeline.php:167
#26 /vendor/laravel/framework/src/Illuminate/Foundation/Http/Middleware/VerifyCsrfToken.php:78
#27 /vendor/laravel/framework/src/Illuminate/Pipeline/Pipeline.php:167
#28 /vendor/laravel/framework/src/Illuminate/View/Middleware/ShareErrorsFromSession.php:49
#29 /vendor/laravel/framework/src/Illuminate/Pipeline/Pipeline.php:167
#30 /vendor/laravel/framework/src/Illuminate/Session/Middleware/StartSession.php:116
#31 /vendor/laravel/framework/src/Illuminate/Session/Middleware/StartSession.php:62
#32 /vendor/laravel/framework/src/Illuminate/Pipeline/Pipeline.php:167
#33 /vendor/laravel/framework/src/Illuminate/Cookie/Middleware/AddQueuedCookiesToResponse.php:37
#34 /vendor/laravel/framework/src/Illuminate/Pipeline/Pipeline.php:167
#35 /vendor/laravel/framework/src/Illuminate/Cookie/Middleware/EncryptCookies.php:67
#36 /vendor/laravel/framework/src/Illuminate/Pipeline/Pipeline.php:167
#37 /vendor/laravel/framework/src/Illuminate/Pipeline/Pipeline.php:103
#38 /vendor/laravel/framework/src/Illuminate/Routing/Router.php:687
#39 /vendor/laravel/framework/src/Illuminate/Routing/Router.php:662
#40 /vendor/laravel/framework/src/Illuminate/Routing/Router.php:628
#41 /vendor/laravel/framework/src/Illuminate/Routing/Router.php:617
#42 /vendor/laravel/framework/src/Illuminate/Foundation/Http/Kernel.php:165
#43 /vendor/laravel/framework/src/Illuminate/Pipeline/Pipeline.php:128
#44 /vendor/beyondcode/laravel-query-detector/src/QueryDetectorMiddleware.php:33
#45 /vendor/laravel/framework/src/Illuminate/Pipeline/Pipeline.php:167
#46 /vendor/barryvdh/laravel-debugbar/src/Middleware/InjectDebugbar.php:67
#47 /vendor/laravel/framework/src/Illuminate/Pipeline/Pipeline.php:167
#48 /vendor/laravel/framework/src/Illuminate/Foundation/Http/Middleware/TransformsRequest.php:21
#49 /vendor/laravel/framework/src/Illuminate/Pipeline/Pipeline.php:167
  
[2022-04-06 16:18:57] local.INFO: Model: App\Models\User
Relation: App\Models\City
Num-Called: 4
Call-Stack:
#17 /app/Http/Controllers/Web/HomeController.php:95
#18 /vendor/laravel/framework/src/Illuminate/Routing/Controller.php:54
#19 /vendor/laravel/framework/src/Illuminate/Routing/ControllerDispatcher.php:45
#20 /vendor/laravel/framework/src/Illuminate/Routing/Route.php:239
#21 /vendor/laravel/framework/src/Illuminate/Routing/Route.php:196
#22 /vendor/laravel/framework/src/Illuminate/Routing/Router.php:685
#23 /vendor/laravel/framework/src/Illuminate/Pipeline/Pipeline.php:128
#24 /vendor/laravel/framework/src/Illuminate/Routing/Middleware/SubstituteBindings.php:41
#25 /vendor/laravel/framework/src/Illuminate/Pipeline/Pipeline.php:167
#26 /vendor/laravel/framework/src/Illuminate/Foundation/Http/Middleware/VerifyCsrfToken.php:78
#27 /vendor/laravel/framework/src/Illuminate/Pipeline/Pipeline.php:167
#28 /vendor/laravel/framework/src/Illuminate/View/Middleware/ShareErrorsFromSession.php:49
#29 /vendor/laravel/framework/src/Illuminate/Pipeline/Pipeline.php:167
#30 /vendor/laravel/framework/src/Illuminate/Session/Middleware/StartSession.php:116
#31 /vendor/laravel/framework/src/Illuminate/Session/Middleware/StartSession.php:62
#32 /vendor/laravel/framework/src/Illuminate/Pipeline/Pipeline.php:167
#33 /vendor/laravel/framework/src/Illuminate/Cookie/Middleware/AddQueuedCookiesToResponse.php:37
#34 /vendor/laravel/framework/src/Illuminate/Pipeline/Pipeline.php:167
#35 /vendor/laravel/framework/src/Illuminate/Cookie/Middleware/EncryptCookies.php:67
#36 /vendor/laravel/framework/src/Illuminate/Pipeline/Pipeline.php:167
#37 /vendor/laravel/framework/src/Illuminate/Pipeline/Pipeline.php:103
#38 /vendor/laravel/framework/src/Illuminate/Routing/Router.php:687
#39 /vendor/laravel/framework/src/Illuminate/Routing/Router.php:662
#40 /vendor/laravel/framework/src/Illuminate/Routing/Router.php:628
#41 /vendor/laravel/framework/src/Illuminate/Routing/Router.php:617
#42 /vendor/laravel/framework/src/Illuminate/Foundation/Http/Kernel.php:165
#43 /vendor/laravel/framework/src/Illuminate/Pipeline/Pipeline.php:128
#44 /vendor/beyondcode/laravel-query-detector/src/QueryDetectorMiddleware.php:33
#45 /vendor/laravel/framework/src/Illuminate/Pipeline/Pipeline.php:167
#46 /vendor/barryvdh/laravel-debugbar/src/Middleware/InjectDebugbar.php:67
#47 /vendor/laravel/framework/src/Illuminate/Pipeline/Pipeline.php:167
#48 /vendor/laravel/framework/src/Illuminate/Foundation/Http/Middleware/TransformsRequest.php:21
#49 /vendor/laravel/framework/src/Illuminate/Pipeline/Pipeline.php:167
  
[2022-04-06 16:18:57] local.INFO: Model: App\Models\User
Relation: App\Models\State
Num-Called: 4
Call-Stack:
#17 /app/Http/Controllers/Web/HomeController.php:95
#18 /vendor/laravel/framework/src/Illuminate/Routing/Controller.php:54
#19 /vendor/laravel/framework/src/Illuminate/Routing/ControllerDispatcher.php:45
#20 /vendor/laravel/framework/src/Illuminate/Routing/Route.php:239
#21 /vendor/laravel/framework/src/Illuminate/Routing/Route.php:196
#22 /vendor/laravel/framework/src/Illuminate/Routing/Router.php:685
#23 /vendor/laravel/framework/src/Illuminate/Pipeline/Pipeline.php:128
#24 /vendor/laravel/framework/src/Illuminate/Routing/Middleware/SubstituteBindings.php:41
#25 /vendor/laravel/framework/src/Illuminate/Pipeline/Pipeline.php:167
#26 /vendor/laravel/framework/src/Illuminate/Foundation/Http/Middleware/VerifyCsrfToken.php:78
#27 /vendor/laravel/framework/src/Illuminate/Pipeline/Pipeline.php:167
#28 /vendor/laravel/framework/src/Illuminate/View/Middleware/ShareErrorsFromSession.php:49
#29 /vendor/laravel/framework/src/Illuminate/Pipeline/Pipeline.php:167
#30 /vendor/laravel/framework/src/Illuminate/Session/Middleware/StartSession.php:116
#31 /vendor/laravel/framework/src/Illuminate/Session/Middleware/StartSession.php:62
#32 /vendor/laravel/framework/src/Illuminate/Pipeline/Pipeline.php:167
#33 /vendor/laravel/framework/src/Illuminate/Cookie/Middleware/AddQueuedCookiesToResponse.php:37
#34 /vendor/laravel/framework/src/Illuminate/Pipeline/Pipeline.php:167
#35 /vendor/laravel/framework/src/Illuminate/Cookie/Middleware/EncryptCookies.php:67
#36 /vendor/laravel/framework/src/Illuminate/Pipeline/Pipeline.php:167
#37 /vendor/laravel/framework/src/Illuminate/Pipeline/Pipeline.php:103
#38 /vendor/laravel/framework/src/Illuminate/Routing/Router.php:687
#39 /vendor/laravel/framework/src/Illuminate/Routing/Router.php:662
#40 /vendor/laravel/framework/src/Illuminate/Routing/Router.php:628
#41 /vendor/laravel/framework/src/Illuminate/Routing/Router.php:617
#42 /vendor/laravel/framework/src/Illuminate/Foundation/Http/Kernel.php:165
#43 /vendor/laravel/framework/src/Illuminate/Pipeline/Pipeline.php:128
#44 /vendor/beyondcode/laravel-query-detector/src/QueryDetectorMiddleware.php:33
#45 /vendor/laravel/framework/src/Illuminate/Pipeline/Pipeline.php:167
#46 /vendor/barryvdh/laravel-debugbar/src/Middleware/InjectDebugbar.php:67
#47 /vendor/laravel/framework/src/Illuminate/Pipeline/Pipeline.php:167
#48 /vendor/laravel/framework/src/Illuminate/Foundation/Http/Middleware/TransformsRequest.php:21
#49 /vendor/laravel/framework/src/Illuminate/Pipeline/Pipeline.php:167
  
